[ 2016-07-30T19:17:34+08:00 ] ::1 /730/shop/index.php/User/login
ERR: 无法加载模块:User

[ 2016-07-30T19:18:44+08:00 ] ::1 /730/shop/index.php/User/login
INFO: [ app_init ] --START--
INFO: Run Behavior\BuildLiteBehavior [ RunTime:0.000026s ]
INFO: [ app_init ] --END-- [ RunTime:0.000470s ]
ERR: 无法加载模块:User

[ 2016-07-30T19:19:05+08:00 ] ::1 /730/shop/index.php/User/login
INFO: [ app_init ] --START--
INFO: Run Behavior\BuildLiteBehavior [ RunTime:0.000025s ]
INFO: [ app_init ] --END-- [ RunTime:0.000450s ]
ERR: 无法加载模块:User

[ 2016-07-30T19:19:05+08:00 ] ::1 /730/shop/index.php/User/login
INFO: [ app_init ] --START--
INFO: Run Behavior\BuildLiteBehavior [ RunTime:0.000024s ]
INFO: [ app_init ] --END-- [ RunTime:0.000536s ]
ERR: 无法加载模块:User

[ 2016-07-30T19:19:05+08:00 ] ::1 /730/shop/index.php/User/login
INFO: [ app_init ] --START--
INFO: Run Behavior\BuildLiteBehavior [ RunTime:0.000025s ]
INFO: [ app_init ] --END-- [ RunTime:0.000519s ]
ERR: 无法加载模块:User

[ 2016-07-30T19:19:16+08:00 ] ::1 /730/shop/index.php/Index
INFO: [ app_init ] --START--
INFO: Run Behavior\BuildLiteBehavior [ RunTime:0.000024s ]
INFO: [ app_init ] --END-- [ RunTime:0.000524s ]
ERR: 无法加载模块:Index

