[ 2016-08-04T10:56:14+08:00 ] ::1 /730/shop/index.php/Home/User/di.jpg
INFO: [ app_init ] --START--
INFO: Run Behavior\BuildLiteBehavior [ RunTime:0.000047s ]
INFO: [ app_init ] --END-- [ RunTime:0.000943s ]

[ 2016-08-04T10:56:14+08:00 ] ::1 /730/shop/index.php/Home/User/yongda_logo.gif
INFO: [ app_init ] --START--
INFO: Run Behavior\BuildLiteBehavior [ RunTime:0.000050s ]
INFO: [ app_init ] --END-- [ RunTime:0.000630s ]

[ 2016-08-04T10:56:14+08:00 ] ::1 /730/shop/index.php/Home/User/ecmoban_link.jpg
INFO: [ app_init ] --START--
INFO: Run Behavior\BuildLiteBehavior [ RunTime:0.000041s ]
INFO: [ app_init ] --END-- [ RunTime:0.000583s ]

[ 2016-08-04T10:56:14+08:00 ] ::1 /730/shop/index.php/Home/User/register
INFO: [ app_init ] --START--
INFO: Run Behavior\BuildLiteBehavior [ RunTime:0.000024s ]
INFO: [ app_init ] --END-- [ RunTime:0.000396s ]


[ 2016-08-04T10:56:14+08:00 ] ::1 /730/shop/index.php/Home/User/sousuo.gif
INFO: [ app_init ] --START--
INFO: Run Behavior\BuildLiteBehavior [ RunTime:0.000044s ]
INFO: [ app_init ] --END-- [ RunTime:0.000577s ]

[ 2016-08-04T10:56:21+08:00 ] ::1 /730/shop/index.php/Home/User/register_check
INFO: [ app_init ] --START--
INFO: Run Behavior\BuildLiteBehavior [ RunTime:0.000023s ]
INFO: [ app_init ] --END-- [ RunTime:0.000360s ]

[ 2016-08-04T10:56:22+08:00 ] ::1 /730/shop/index.php/Home/User/biao3.gif
INFO: [ app_init ] --START--
INFO: Run Behavior\BuildLiteBehavior [ RunTime:0.000041s ]
INFO: [ app_init ] --END-- [ RunTime:0.000534s ]

[ 2016-08-04T10:56:22+08:00 ] ::1 /730/shop/index.php/Home/User/yongda_logo.gif
INFO: [ app_init ] --START--
INFO: Run Behavior\BuildLiteBehavior [ RunTime:0.000046s ]
INFO: [ app_init ] --END-- [ RunTime:0.000770s ]

[ 2016-08-04T10:56:22+08:00 ] ::1 /730/shop/index.php/Home/User/biao7.gif
INFO: [ app_init ] --START--
INFO: Run Behavior\BuildLiteBehavior [ RunTime:0.000041s ]
INFO: [ app_init ] --END-- [ RunTime:0.000565s ]

[ 2016-08-04T10:56:22+08:00 ] ::1 /730/shop/index.php/Home/User/ecmoban_link.jpg
INFO: [ app_init ] --START--
INFO: Run Behavior\BuildLiteBehavior [ RunTime:0.000046s ]
INFO: [ app_init ] --END-- [ RunTime:0.000706s ]

[ 2016-08-04T10:56:22+08:00 ] ::1 /730/shop/index.php/Home/User/di.jpg
INFO: [ app_init ] --START--
INFO: Run Behavior\BuildLiteBehavior [ RunTime:0.000023s ]
INFO: [ app_init ] --END-- [ RunTime:0.000335s ]

[ 2016-08-04T10:56:22+08:00 ] ::1 /730/shop/index.php/Home/User/sousuo.gif
INFO: [ app_init ] --START--
INFO: Run Behavior\BuildLiteBehavior [ RunTime:0.000040s ]
INFO: [ app_init ] --END-- [ RunTime:0.000520s ]

[ 2016-08-04T10:56:44+08:00 ] ::1 /730/shop/index.php/Home/User/register_check
INFO: [ app_init ] --START--
INFO: Run Behavior\BuildLiteBehavior [ RunTime:0.000023s ]
INFO: [ app_init ] --END-- [ RunTime:0.000326s ]

[ 2016-08-04T10:56:59+08:00 ] ::1 /730/shop/index.php/Home/User/register
INFO: [ app_init ] --START--
INFO: Run Behavior\BuildLiteBehavior [ RunTime:0.000026s ]
INFO: [ app_init ] --END-- [ RunTime:0.000396s ]

[ 2016-08-04T10:57:00+08:00 ] ::1 /730/shop/index.php/Home/User/biao3.gif
INFO: [ app_init ] --START--
INFO: Run Behavior\BuildLiteBehavior [ RunTime:0.000056s ]
INFO: [ app_init ] --END-- [ RunTime:0.000551s ]

[ 2016-08-04T10:57:00+08:00 ] ::1 /730/shop/index.php/Home/User/biao7.gif
INFO: [ app_init ] --START--
INFO: Run Behavior\BuildLiteBehavior [ RunTime:0.000038s ]
INFO: [ app_init ] --END-- [ RunTime:0.000521s ]

[ 2016-08-04T10:57:00+08:00 ] ::1 /730/shop/index.php/Home/User/di.jpg
INFO: [ app_init ] --START--
INFO: Run Behavior\BuildLiteBehavior [ RunTime:0.000039s ]
INFO: [ app_init ] --END-- [ RunTime:0.000511s ]

[ 2016-08-04T10:57:00+08:00 ] ::1 /730/shop/index.php/Home/User/ecmoban_link.jpg
INFO: [ app_init ] --START--
INFO: Run Behavior\BuildLiteBehavior [ RunTime:0.000073s ]
INFO: [ app_init ] --END-- [ RunTime:0.000841s ]

[ 2016-08-04T10:57:00+08:00 ] ::1 /730/shop/index.php/Home/User/yongda_logo.gif
INFO: [ app_init ] --START--
INFO: Run Behavior\BuildLiteBehavior [ RunTime:0.000045s ]
INFO: [ app_init ] --END-- [ RunTime:0.000640s ]

[ 2016-08-04T10:57:00+08:00 ] ::1 /730/shop/index.php/Home/User/sousuo.gif
INFO: [ app_init ] --START--
INFO: Run Behavior\BuildLiteBehavior [ RunTime:0.000047s ]
INFO: [ app_init ] --END-- [ RunTime:0.000641s ]

[ 2016-08-04T10:57:01+08:00 ] ::1 /730/shop/index.php/Home/User/register_check
INFO: [ app_init ] --START--
INFO: Run Behavior\BuildLiteBehavior [ RunTime:0.000027s ]
INFO: [ app_init ] --END-- [ RunTime:0.000366s ]

[ 2016-08-04T10:57:01+08:00 ] ::1 /730/shop/index.php/Home/User/biao3.gif
INFO: [ app_init ] --START--
INFO: Run Behavior\BuildLiteBehavior [ RunTime:0.000046s ]
INFO: [ app_init ] --END-- [ RunTime:0.000551s ]

[ 2016-08-04T10:57:01+08:00 ] ::1 /730/shop/index.php/Home/User/di.jpg
INFO: [ app_init ] --START--
INFO: Run Behavior\BuildLiteBehavior [ RunTime:0.000039s ]
INFO: [ app_init ] --END-- [ RunTime:0.000524s ]

[ 2016-08-04T10:57:01+08:00 ] ::1 /730/shop/index.php/Home/User/yongda_logo.gif
INFO: [ app_init ] --START--
INFO: Run Behavior\BuildLiteBehavior [ RunTime:0.000039s ]
INFO: [ app_init ] --END-- [ RunTime:0.000533s ]

[ 2016-08-04T10:57:01+08:00 ] ::1 /730/shop/index.php/Home/User/ecmoban_link.jpg
INFO: [ app_init ] --START--
INFO: Run Behavior\BuildLiteBehavior [ RunTime:0.000039s ]
INFO: [ app_init ] --END-- [ RunTime:0.000550s ]

[ 2016-08-04T10:57:01+08:00 ] ::1 /730/shop/index.php/Home/User/biao7.gif
INFO: [ app_init ] --START--
INFO: Run Behavior\BuildLiteBehavior [ RunTime:0.000042s ]
INFO: [ app_init ] --END-- [ RunTime:0.000748s ]

[ 2016-08-04T10:57:01+08:00 ] ::1 /730/shop/index.php/Home/User/sousuo.gif
INFO: [ app_init ] --START--
INFO: Run Behavior\BuildLiteBehavior [ RunTime:0.000028s ]
INFO: [ app_init ] --END-- [ RunTime:0.000363s ]

[ 2016-08-04T10:57:51+08:00 ] ::1 /730/shop/index.php/Home/User/register_check
INFO: [ app_init ] --START--
INFO: Run Behavior\BuildLiteBehavior [ RunTime:0.000063s ]
INFO: [ app_init ] --END-- [ RunTime:0.000675s ]

[ 2016-08-04T10:57:51+08:00 ] ::1 /730/shop/index.php/Home/User/biao3.gif
INFO: [ app_init ] --START--
INFO: Run Behavior\BuildLiteBehavior [ RunTime:0.000041s ]
INFO: [ app_init ] --END-- [ RunTime:0.000527s ]

[ 2016-08-04T10:57:51+08:00 ] ::1 /730/shop/index.php/Home/User/biao7.gif
INFO: [ app_init ] --START--
INFO: Run Behavior\BuildLiteBehavior [ RunTime:0.000039s ]
INFO: [ app_init ] --END-- [ RunTime:0.000516s ]

[ 2016-08-04T10:57:51+08:00 ] ::1 /730/shop/index.php/Home/User/di.jpg
INFO: [ app_init ] --START--
INFO: Run Behavior\BuildLiteBehavior [ RunTime:0.000042s ]
INFO: [ app_init ] --END-- [ RunTime:0.000537s ]

[ 2016-08-04T10:57:51+08:00 ] ::1 /730/shop/index.php/Home/User/ecmoban_link.jpg
INFO: [ app_init ] --START--
INFO: Run Behavior\BuildLiteBehavior [ RunTime:0.000038s ]
INFO: [ app_init ] --END-- [ RunTime:0.000532s ]

[ 2016-08-04T10:57:51+08:00 ] ::1 /730/shop/index.php/Home/User/yongda_logo.gif
INFO: [ app_init ] --START--
INFO: Run Behavior\BuildLiteBehavior [ RunTime:0.000043s ]
INFO: [ app_init ] --END-- [ RunTime:0.000600s ]

[ 2016-08-04T10:57:51+08:00 ] ::1 /730/shop/index.php/Home/User/sousuo.gif
INFO: [ app_init ] --START--
INFO: Run Behavior\BuildLiteBehavior [ RunTime:0.000045s ]
INFO: [ app_init ] --END-- [ RunTime:0.000628s ]

[ 2016-08-04T10:57:55+08:00 ] ::1 /730/shop/index.php/Home/User/register_check
INFO: [ app_init ] --START--
INFO: Run Behavior\BuildLiteBehavior [ RunTime:0.000027s ]
INFO: [ app_init ] --END-- [ RunTime:0.000341s ]

[ 2016-08-04T10:57:55+08:00 ] ::1 /730/shop/index.php/Home/User/biao3.gif
INFO: [ app_init ] --START--
INFO: Run Behavior\BuildLiteBehavior [ RunTime:0.000040s ]
INFO: [ app_init ] --END-- [ RunTime:0.000544s ]

[ 2016-08-04T10:57:55+08:00 ] ::1 /730/shop/index.php/Home/User/di.jpg
INFO: [ app_init ] --START--
INFO: Run Behavior\BuildLiteBehavior [ RunTime:0.000041s ]
INFO: [ app_init ] --END-- [ RunTime:0.000510s ]

[ 2016-08-04T10:57:56+08:00 ] ::1 /730/shop/index.php/Home/User/ecmoban_link.jpg
INFO: [ app_init ] --START--
INFO: Run Behavior\BuildLiteBehavior [ RunTime:0.000045s ]
INFO: [ app_init ] --END-- [ RunTime:0.000567s ]

[ 2016-08-04T10:57:56+08:00 ] ::1 /730/shop/index.php/Home/User/yongda_logo.gif
INFO: [ app_init ] --START--
INFO: Run Behavior\BuildLiteBehavior [ RunTime:0.000040s ]
INFO: [ app_init ] --END-- [ RunTime:0.000520s ]

[ 2016-08-04T10:57:56+08:00 ] ::1 /730/shop/index.php/Home/User/biao7.gif
INFO: [ app_init ] --START--
INFO: Run Behavior\BuildLiteBehavior [ RunTime:0.000041s ]
INFO: [ app_init ] --END-- [ RunTime:0.001058s ]

[ 2016-08-04T10:57:56+08:00 ] ::1 /730/shop/index.php/Home/User/sousuo.gif
INFO: [ app_init ] --START--
INFO: Run Behavior\BuildLiteBehavior [ RunTime:0.000023s ]
INFO: [ app_init ] --END-- [ RunTime:0.000331s ]

[ 2016-08-04T10:58:11+08:00 ] ::1 /730/shop/index.php/Home/User/register_check
INFO: [ app_init ] --START--
INFO: Run Behavior\BuildLiteBehavior [ RunTime:0.000025s ]
INFO: [ app_init ] --END-- [ RunTime:0.000329s ]

[ 2016-08-04T10:58:54+08:00 ] ::1 /730/shop/index.php/Home/User/register_check
INFO: [ app_init ] --START--
INFO: Run Behavior\BuildLiteBehavior [ RunTime:0.000036s ]
INFO: [ app_init ] --END-- [ RunTime:0.000572s ]

[ 2016-08-04T10:59:01+08:00 ] ::1 /730/shop/index.php/Home/User/register_check
INFO: [ app_init ] --START--
INFO: Run Behavior\BuildLiteBehavior [ RunTime:0.000025s ]
INFO: [ app_init ] --END-- [ RunTime:0.000386s ]

[ 2016-08-04T10:59:01+08:00 ] ::1 /730/shop/index.php/Home/User/biao7.gif
INFO: [ app_init ] --START--
INFO: Run Behavior\BuildLiteBehavior [ RunTime:0.000039s ]
INFO: [ app_init ] --END-- [ RunTime:0.000521s ]

[ 2016-08-04T10:59:01+08:00 ] ::1 /730/shop/index.php/Home/User/biao3.gif
INFO: [ app_init ] --START--
INFO: Run Behavior\BuildLiteBehavior [ RunTime:0.000042s ]
INFO: [ app_init ] --END-- [ RunTime:0.000566s ]

[ 2016-08-04T10:59:01+08:00 ] ::1 /730/shop/index.php/Home/User/di.jpg
INFO: [ app_init ] --START--
INFO: Run Behavior\BuildLiteBehavior [ RunTime:0.000040s ]
INFO: [ app_init ] --END-- [ RunTime:0.000553s ]

[ 2016-08-04T10:59:01+08:00 ] ::1 /730/shop/index.php/Home/User/ecmoban_link.jpg
INFO: [ app_init ] --START--
INFO: Run Behavior\BuildLiteBehavior [ RunTime:0.000042s ]
INFO: [ app_init ] --END-- [ RunTime:0.000597s ]

[ 2016-08-04T10:59:01+08:00 ] ::1 /730/shop/index.php/Home/User/yongda_logo.gif
INFO: [ app_init ] --START--
INFO: Run Behavior\BuildLiteBehavior [ RunTime:0.000041s ]
INFO: [ app_init ] --END-- [ RunTime:0.000582s ]

[ 2016-08-04T10:59:01+08:00 ] ::1 /730/shop/index.php/Home/User/sousuo.gif
INFO: [ app_init ] --START--
INFO: Run Behavior\BuildLiteBehavior [ RunTime:0.000031s ]
INFO: [ app_init ] --END-- [ RunTime:0.000646s ]

[ 2016-08-04T10:59:58+08:00 ] ::1 /730/shop/index.php/Home/User/register_check
INFO: [ app_init ] --START--
INFO: Run Behavior\BuildLiteBehavior [ RunTime:0.000022s ]
INFO: [ app_init ] --END-- [ RunTime:0.000320s ]

[ 2016-08-04T11:00:23+08:00 ] ::1 /730/shop/index.php/Home/User/register_check
INFO: [ app_init ] --START--
INFO: Run Behavior\BuildLiteBehavior [ RunTime:0.000023s ]
INFO: [ app_init ] --END-- [ RunTime:0.000359s ]

[ 2016-08-04T11:00:23+08:00 ] ::1 /730/shop/index.php/Home/User/biao3.gif
INFO: [ app_init ] --START--
INFO: Run Behavior\BuildLiteBehavior [ RunTime:0.000041s ]
INFO: [ app_init ] --END-- [ RunTime:0.000537s ]

[ 2016-08-04T11:00:23+08:00 ] ::1 /730/shop/index.php/Home/User/biao7.gif
INFO: [ app_init ] --START--
INFO: Run Behavior\BuildLiteBehavior [ RunTime:0.000056s ]
INFO: [ app_init ] --END-- [ RunTime:0.000751s ]

[ 2016-08-04T11:00:23+08:00 ] ::1 /730/shop/index.php/Home/User/yongda_logo.gif
INFO: [ app_init ] --START--
INFO: Run Behavior\BuildLiteBehavior [ RunTime:0.000040s ]
INFO: [ app_init ] --END-- [ RunTime:0.000524s ]

[ 2016-08-04T11:00:23+08:00 ] ::1 /730/shop/index.php/Home/User/di.jpg
INFO: [ app_init ] --START--
INFO: Run Behavior\BuildLiteBehavior [ RunTime:0.000049s ]
INFO: [ app_init ] --END-- [ RunTime:0.000556s ]

[ 2016-08-04T11:00:23+08:00 ] ::1 /730/shop/index.php/Home/User/ecmoban_link.jpg
INFO: [ app_init ] --START--
INFO: Run Behavior\BuildLiteBehavior [ RunTime:0.000043s ]
INFO: [ app_init ] --END-- [ RunTime:0.000559s ]

[ 2016-08-04T11:00:23+08:00 ] ::1 /730/shop/index.php/Home/User/sousuo.gif
INFO: [ app_init ] --START--
INFO: Run Behavior\BuildLiteBehavior [ RunTime:0.000030s ]
INFO: [ app_init ] --END-- [ RunTime:0.000371s ]

[ 2016-08-04T11:02:57+08:00 ] ::1 /730/shop/index.php/Home/User/register_check
INFO: [ app_init ] --START--
INFO: Run Behavior\BuildLiteBehavior [ RunTime:0.000023s ]
INFO: [ app_init ] --END-- [ RunTime:0.000396s ]

[ 2016-08-04T11:04:53+08:00 ] ::1 /730/shop/index.php/Home/User/register_check
INFO: [ app_init ] --START--
INFO: Run Behavior\BuildLiteBehavior [ RunTime:0.000032s ]
INFO: [ app_init ] --END-- [ RunTime:0.000411s ]

[ 2016-08-04T11:04:53+08:00 ] ::1 /730/shop/index.php/Home/User/biao3.gif
INFO: [ app_init ] --START--
INFO: Run Behavior\BuildLiteBehavior [ RunTime:0.000041s ]
INFO: [ app_init ] --END-- [ RunTime:0.000512s ]

[ 2016-08-04T11:04:53+08:00 ] ::1 /730/shop/index.php/Home/User/biao7.gif
INFO: [ app_init ] --START--
INFO: Run Behavior\BuildLiteBehavior [ RunTime:0.000042s ]
INFO: [ app_init ] --END-- [ RunTime:0.000566s ]

[ 2016-08-04T11:04:53+08:00 ] ::1 /730/shop/index.php/Home/User/di.jpg
INFO: [ app_init ] --START--
INFO: Run Behavior\BuildLiteBehavior [ RunTime:0.000037s ]
INFO: [ app_init ] --END-- [ RunTime:0.000570s ]

[ 2016-08-04T11:04:53+08:00 ] ::1 /730/shop/index.php/Home/User/ecmoban_link.jpg
INFO: [ app_init ] --START--
INFO: Run Behavior\BuildLiteBehavior [ RunTime:0.000040s ]
INFO: [ app_init ] --END-- [ RunTime:0.000784s ]

[ 2016-08-04T11:04:53+08:00 ] ::1 /730/shop/index.php/Home/User/yongda_logo.gif
INFO: [ app_init ] --START--
INFO: Run Behavior\BuildLiteBehavior [ RunTime:0.000049s ]
INFO: [ app_init ] --END-- [ RunTime:0.001349s ]

[ 2016-08-04T11:04:53+08:00 ] ::1 /730/shop/index.php/Home/User/sousuo.gif
INFO: [ app_init ] --START--
INFO: Run Behavior\BuildLiteBehavior [ RunTime:0.000035s ]
INFO: [ app_init ] --END-- [ RunTime:0.000351s ]

[ 2016-08-04T13:35:52+08:00 ] ::1 /730/shop/index.php/Home/User/register
INFO: [ app_init ] --START--
INFO: Run Behavior\BuildLiteBehavior [ RunTime:0.000022s ]
INFO: [ app_init ] --END-- [ RunTime:0.000368s ]

[ 2016-08-04T13:35:52+08:00 ] ::1 /730/shop/index.php/Home/User/di.jpg
INFO: [ app_init ] --START--
INFO: Run Behavior\BuildLiteBehavior [ RunTime:0.000042s ]
INFO: [ app_init ] --END-- [ RunTime:0.000624s ]



s ]

[ 2016-08-04T13:35:52+08:00 ] ::1 /730/shop/index.php/Home/User/yongda_logo.gif
INFO: [ app_init ] --START--
INFO: Run Behavior\BuildLiteBehavior [ RunTime:0.000039s ]
INFO: [ app_init ] --END-- [ RunTime:0.000677s ]

[ 2016-08-04T13:35:52+08:00 ] ::1 /730/shop/index.php/Home/User/sousuo.gif
INFO: [ app_init ] --START--
INFO: Run Behavior\BuildLiteBehavior [ RunTime:0.000041s ]
INFO: [ app_init ] --END-- [ RunTime:0.000606s ]

[ 2016-08-04T13:35:56+08:00 ] ::1 /730/shop/index.php/Home/User/register_check
INFO: [ app_init ] --START--
INFO: Run Behavior\BuildLiteBehavior [ RunTime:0.000023s ]
INFO: [ app_init ] --END-- [ RunTime:0.000360s ]

[ 2016-08-04T13:36:27+08:00 ] ::1 /730/shop/index.php/Home/User/biao3.gif
INFO: [ app_init ] --START--
INFO: Run Behavior\BuildLiteBehavior [ RunTime:0.000041s ]
INFO: [ app_init ] --END-- [ RunTime:0.000533s ]

[ 2016-08-04T13:36:27+08:00 ] ::1 /730/shop/index.php/Home/User/biao7.gif
INFO: [ app_init ] --START--
INFO: Run Behavior\BuildLiteBehavior [ RunTime:0.000040s ]
INFO: [ app_init ] --END-- [ RunTime:0.000531s ]

[ 2016-08-04T13:36:27+08:00 ] ::1 /730/shop/index.php/Home/User/di.jpg
INFO: [ app_init ] --START--
INFO: Run Behavior\BuildLiteBehavior [ RunTime:0.000040s ]
INFO: [ app_init ] --END-- [ RunTime:0.000536s ]

[ 2016-08-04T13:36:27+08:00 ] ::1 /730/shop/index.php/Home/User/ecmoban_link.jpg
INFO: [ app_init ] --START--
INFO: Run Behavior\BuildLiteBehavior [ RunTime:0.000041s ]
INFO: [ app_init ] --END-- [ RunTime:0.000563s ]

[ 2016-08-04T13:36:27+08:00 ] ::1 /730/shop/index.php/Home/User/register_check
INFO: [ app_init ] --START--
INFO: Run Behavior\BuildLiteBehavior [ RunTime:0.000023s ]
INFO: [ app_init ] --END-- [ RunTime:0.000348s ]

[ 2016-08-04T13:36:27+08:00 ] ::1 /730/shop/index.php/Home/User/yongda_logo.gif
INFO: [ app_init ] --START--
INFO: Run Behavior\BuildLiteBehavior [ RunTime:0.000054s ]
INFO: [ app_init ] --END-- [ RunTime:0.000742s ]

[ 2016-08-04T13:36:27+08:00 ] ::1 /730/shop/index.php/Home/User/sousuo.gif
INFO: [ app_init ] --START--
INFO: Run Behavior\BuildLiteBehavior [ RunTime:0.000043s ]
INFO: [ app_init ] --END-- [ RunTime:0.000611s ]

[ 2016-08-04T13:37:15+08:00 ] ::1 /730/shop/index.php/Home/User/register_check
INFO: [ app_init ] --START--
INFO: Run Behavior\BuildLiteBehavior [ RunTime:0.000024s ]
INFO: [ app_init ] --END-- [ RunTime:0.000358s ]

[ 2016-08-04T13:37:15+08:00 ] ::1 /730/shop/index.php/Home/User/biao3.gif
INFO: [ app_init ] --START--
INFO: Run Behavior\BuildLiteBehavior [ RunTime:0.000041s ]
INFO: [ app_init ] --END-- [ RunTime:0.000541s ]

[ 2016-08-04T13:37:15+08:00 ] ::1 /730/shop/index.php/Home/User/di.jpg
INFO: [ app_init ] --START--
INFO: Run Behavior\BuildLiteBehavior [ RunTime:0.000036s ]
INFO: [ app_init ] --END-- [ RunTime:0.000526s ]

[ 2016-08-04T13:37:15+08:00 ] ::1 /730/shop/index.php/Home/User/yongda_logo.gif
INFO: [ app_init ] --START--
INFO: Run Behavior\BuildLiteBehavior [ RunTime:0.000041s ]
INFO: [ app_init ] --END-- [ RunTime:0.000542s ]

[ 2016-08-04T13:37:15+08:00 ] ::1 /730/shop/index.php/Home/User/ecmoban_link.jpg
INFO: [ app_init ] --START--
INFO: Run Behavior\BuildLiteBehavior [ RunTime:0.000041s ]
INFO: [ app_init ] --END-- [ RunTime:0.000535s ]

[ 2016-08-04T13:37:15+08:00 ] ::1 /730/shop/index.php/Home/User/biao7.gif
INFO: [ app_init ] --START--
INFO: Run Behavior\BuildLiteBehavior [ RunTime:0.000025s ]
INFO: [ app_init ] --END-- [ RunTime:0.000414s ]

[ 2016-08-04T13:37:15+08:00 ] ::1 /730/shop/index.php/Home/User/sousuo.gif
INFO: [ app_init ] --START--
INFO: Run Behavior\BuildLiteBehavior [ RunTime:0.000025s ]
INFO: [ app_init ] --END-- [ RunTime:0.000364s ]

[ 2016-08-04T13:37:32+08:00 ] ::1 /730/shop/index.php/Home/User/register_check
INFO: [ app_init ] --START--
INFO: Run Behavior\BuildLiteBehavior [ RunTime:0.000040s ]
INFO: [ app_init ] --END-- [ RunTime:0.000628s ]

[ 2016-08-04T13:37:32+08:00 ] ::1 /730/shop/index.php/Home/User/di.jpg
INFO: [ app_init ] --START--
INFO: Run Behavior\BuildLiteBehavior [ RunTime:0.000040s ]
INFO: [ app_init ] --END-- [ RunTime:0.000528s ]

[ 2016-08-04T13:37:32+08:00 ] ::1 /730/shop/index.php/Home/User/ecmoban_link.jpg
INFO: [ app_init ] --START--
INFO: Run Behavior\BuildLiteBehavior [ RunTime:0.000039s ]
INFO: [ app_init ] --END-- [ RunTime:0.000517s ]

[ 2016-08-04T13:37:32+08:00 ] ::1 /730/shop/index.php/Home/User/yongda_logo.gif
INFO: [ app_init ] --START--
INFO: Run Behavior\BuildLiteBehavior [ RunTime:0.000040s ]
INFO: [ app_init ] --END-- [ RunTime:0.000570s ]

[ 2016-08-04T13:37:32+08:00 ] ::1 /730/shop/index.php/Home/User/sousuo.gif
INFO: [ app_init ] --START--
INFO: Run Behavior\BuildLiteBehavior [ RunTime:0.000039s ]
INFO: [ app_init ] --END-- [ RunTime:0.000515s ]

[ 2016-08-04T13:37:32+08:00 ] ::1 /730/shop/index.php/Home/User/biao7.gif
INFO: [ app_init ] --START--
INFO: Run Behavior\BuildLiteBehavior [ RunTime:0.000038s ]
INFO: [ app_init ] --END-- [ RunTime:0.001047s ]

[ 2016-08-04T13:37:32+08:00 ] ::1 /730/shop/index.php/Home/User/biao3.gif
INFO: [ app_init ] --START--
INFO: Run Behavior\BuildLiteBehavior [ RunTime:0.000039s ]
INFO: [ app_init ] --END-- [ RunTime:0.000550s ]

[ 2016-08-04T14:33:09+08:00 ] ::1 /730/shop/index.php/Home/User/lang
INFO: [ app_init ] --START--
INFO: Run Behavior\BuildLiteBehavior [ RunTime:0.000026s ]
INFO: [ app_init ] --END-- [ RunTime:0.000416s ]
ERR: 非法操作:lang

[ 2016-08-04T14:33:12+08:00 ] ::1 /730/shop/index.php/Home/User/Lang
INFO: [ app_init ] --START--
INFO: Run Behavior\BuildLiteBehavior [ RunTime:0.000025s ]
INFO: [ app_init ] --END-- [ RunTime:0.000359s ]
ERR: 非法操作:Lang

[ 2016-08-04T14:33:19+08:00 ] ::1 /730/shop/index.php/Home/Lang
INFO: [ app_init ] --START--
INFO: Run Behavior\BuildLiteBehavior [ RunTime:0.000022s ]
INFO: [ app_init ] --END-- [ RunTime:0.000336s ]

[ 2016-08-04T14:44:08+08:00 ] ::1 /730/shop/index.php/Home/Lang
INFO: [ app_init ] --START--
INFO: Run Behavior\BuildLiteBehavior [ RunTime:0.000024s ]
INFO: [ app_init ] --END-- [ RunTime:0.000364s ]

[ 2016-08-04T14:44:08+08:00 ] ::1 /730/shop/index.php/Home/Lang
INFO: [ app_init ] --START--
INFO: Run Behavior\BuildLiteBehavior [ RunTime:0.000035s ]
INFO: [ app_init ] --END-- [ RunTime:0.000661s ]

[ 2016-08-04T14:44:08+08:00 ] ::1 /730/shop/index.php/Home/Lang
INFO: [ app_init ] --START--
INFO: Run Behavior\BuildLiteBehavior [ RunTime:0.000024s ]
INFO: [ app_init ] --END-- [ RunTime:0.000346s ]

[ 2016-08-04T14:44:53+08:00 ] ::1 /730/shop/index.php/Home/Lang
INFO: [ app_init ] --START--
INFO: Run Behavior\BuildLiteBehavior [ RunTime:0.000023s ]
INFO: [ app_init ] --END-- [ RunTime:0.000342s ]

[ 2016-08-04T14:45:10+08:00 ] ::1 /730/shop/index.php/Home/Lang
INFO: [ app_init ] --START--
INFO: Run Behavior\BuildLiteBehavior [ RunTime:0.000036s ]
INFO: [ app_init ] --END-- [ RunTime:0.000430s ]

[ 2016-08-04T14:45:11+08:00 ] ::1 /730/shop/index.php/Home/Lang
INFO: [ app_init ] --START--
INFO: Run Behavior\BuildLiteBehavior [ RunTime:0.000030s ]
INFO: [ app_init ] --END-- [ RunTime:0.000486s ]

[ 2016-08-04T14:45:11+08:00 ] ::1 /730/shop/index.php/Home/Lang
INFO: [ app_init ] --START--
INFO: Run Behavior\BuildLiteBehavior [ RunTime:0.000023s ]
INFO: [ app_init ] --END-- [ RunTime:0.000356s ]

[ 2016-08-04T14:45:20+08:00 ] ::1 /730/shop/index.php/Home/Lang
INFO: [ app_init ] --START--
INFO: Run Behavior\BuildLiteBehavior [ RunTime:0.000022s ]
INFO: [ app_init ] --END-- [ RunTime:0.000331s ]

[ 2016-08-04T14:45:20+08:00 ] ::1 /730/shop/index.php/Home/Lang
INFO: [ app_init ] --START--
INFO: Run Behavior\BuildLiteBehavior [ RunTime:0.000022s ]
INFO: [ app_init ] --END-- [ RunTime:0.000353s ]

[ 2016-08-04T14:45:20+08:00 ] ::1 /730/shop/index.php/Home/Lang
INFO: [ app_init ] --START--
INFO: Run Behavior\BuildLiteBehavior [ RunTime:0.000034s ]
INFO: [ app_init ] --END-- [ RunTime:0.000521s ]

[ 2016-08-04T14:45:33+08:00 ] ::1 /730/shop/index.php/Home/Lang/Lang/ri
INFO: [ app_init ] --START--
INFO: Run Behavior\BuildLiteBehavior [ RunTime:0.000037s ]
INFO: [ app_init ] --END-- [ RunTime:0.000535s ]
ERR: 非法操作:Lang

[ 2016-08-04T14:45:42+08:00 ] ::1 /730/shop/index.php/Home/Lang/index/Lang/ri
INFO: [ app_init ] --START--
INFO: Run Behavior\BuildLiteBehavior [ RunTime:0.000023s ]
INFO: [ app_init ] --END-- [ RunTime:0.000333s ]

[ 2016-08-04T14:45:49+08:00 ] ::1 /730/shop/index.php/Home/Lang/index/Lang/ri
INFO: [ app_init ] --START--
INFO: Run Behavior\BuildLiteBehavior [ RunTime:0.000023s ]
INFO: [ app_init ] --END-- [ RunTime:0.000339s ]

[ 2016-08-04T14:45:49+08:00 ] ::1 /730/shop/index.php/Home/Lang/index/Lang/ri
INFO: [ app_init ] --START--
INFO: Run Behavior\BuildLiteBehavior [ RunTime:0.000023s ]
INFO: [ app_init ] --END-- [ RunTime:0.000349s ]

[ 2016-08-04T14:45:49+08:00 ] ::1 /730/shop/index.php/Home/Lang/index/Lang/ri
INFO: [ app_init ] --START--
INFO: Run Behavior\BuildLiteBehavior [ RunTime:0.000024s ]
INFO: [ app_init ] --END-- [ RunTime:0.000345s ]

[ 2016-08-04T14:46:07+08:00 ] ::1 /730/shop/index.php/Home/Lang/index/Lang/ri
INFO: [ app_init ] --START--
INFO: Run Behavior\BuildLiteBehavior [ RunTime:0.000022s ]
INFO: [ app_init ] --END-- [ RunTime:0.000352s ]

[ 2016-08-04T14:46:08+08:00 ] ::1 /730/shop/index.php/Home/Lang/index/Lang/ri
INFO: [ app_init ] --START--
INFO: Run Behavior\BuildLiteBehavior [ RunTime:0.000022s ]
INFO: [ app_init ] --END-- [ RunTime:0.000330s ]

[ 2016-08-04T14:46:08+08:00 ] ::1 /730/shop/index.php/Home/Lang/index/Lang/ri
INFO: [ app_init ] --START--
INFO: Run Behavior\BuildLiteBehavior [ RunTime:0.000023s ]
INFO: [ app_init ] --END-- [ RunTime:0.000338s ]

[ 2016-08-04T14:50:10+08:00 ] ::1 /730/shop/index.php/Home/Lang/index/Lang/ri
INFO: [ app_init ] --START--
INFO: Run Behavior\BuildLiteBehavior [ RunTime:0.000023s ]
INFO: [ app_init ] --END-- [ RunTime:0.000423s ]

[ 2016-08-04T14:50:11+08:00 ] ::1 /730/shop/index.php/Home/Lang/index/Lang/ri
INFO: [ app_init ] --START--
INFO: Run Behavior\BuildLiteBehavior [ RunTime:0.000023s ]
INFO: [ app_init ] --END-- [ RunTime:0.000366s ]

[ 2016-08-04T14:50:11+08:00 ] ::1 /730/shop/index.php/Home/Lang/index/Lang/ri
INFO: [ app_init ] --START--
INFO: Run Behavior\BuildLiteBehavior [ RunTime:0.000023s ]
INFO: [ app_init ] --END-- [ RunTime:0.000355s ]

[ 2016-08-04T14:50:11+08:00 ] ::1 /730/shop/index.php/Home/Lang/index/Lang/ri
INFO: [ app_init ] --START--
INFO: Run Behavior\BuildLiteBehavior [ RunTime:0.000026s ]
INFO: [ app_init ] --END-- [ RunTime:0.000370s ]

[ 2016-08-04T14:50:11+08:00 ] ::1 /730/shop/index.php/Home/Lang/index/Lang/ri
INFO: [ app_init ] --START--
INFO: Run Behavior\BuildLiteBehavior [ RunTime:0.000024s ]
INFO: [ app_init ] --END-- [ RunTime:0.000366s ]

[ 2016-08-04T14:53:04+08:00 ] ::1 /730/shop/index.php/Home/Lang/index/Lang/ri
INFO: [ app_init ] --START--
INFO: Run Behavior\BuildLiteBehavior [ RunTime:0.000023s ]
INFO: [ app_init ] --END-- [ RunTime:0.000400s ]

[ 2016-08-04T14:53:31+08:00 ] ::1 /730/shop/index.php/Home/Lang/index/Lang/ri
INFO: [ app_init ] --START--
INFO: Run Behavior\BuildLiteBehavior [ RunTime:0.000022s ]
INFO: [ app_init ] --END-- [ RunTime:0.000334s ]

[ 2016-08-04T14:53:32+08:00 ] ::1 /730/shop/index.php/Home/Lang/index/Lang/ri
INFO: [ app_init ] --START--
INFO: Run Behavior\BuildLiteBehavior [ RunTime:0.000042s ]
INFO: [ app_init ] --END-- [ RunTime:0.000396s ]

[ 2016-08-04T14:53:32+08:00 ] ::1 /730/shop/index.php/Home/Lang/index/Lang/ri
INFO: [ app_init ] --START--
INFO: Run Behavior\BuildLiteBehavior [ RunTime:0.000023s ]
INFO: [ app_init ] --END-- [ RunTime:0.000362s ]

[ 2016-08-04T14:53:32+08:00 ] ::1 /730/shop/index.php/Home/Lang/index/Lang/ri
INFO: [ app_init ] --START--
INFO: Run Behavior\BuildLiteBehavior [ RunTime:0.000045s ]
INFO: [ app_init ] --END-- [ RunTime:0.000538s ]

[ 2016-08-04T14:59:54+08:00 ] ::1 /730/shop/index.php/Home/Lang/index/Lang/ri
INFO: [ app_init ] --START--
INFO: Run Behavior\BuildLiteBehavior [ RunTime:0.000027s ]
INFO: [ app_init ] --END-- [ RunTime:0.000580s ]

[ 2016-08-04T15:00:26+08:00 ] ::1 /730/shop/index.php/Home/Lang/index/Lang/ri
INFO: [ app_init ] --START--
INFO: Run Behavior\BuildLiteBehavior [ RunTime:0.000025s ]
INFO: [ app_init ] --END-- [ RunTime:0.000354s ]

[ 2016-08-04T15:00:33+08:00 ] ::1 /730/shop/index.php/Home/Lang/index/
INFO: [ app_init ] --START--
INFO: Run Behavior\BuildLiteBehavior [ RunTime:0.000033s ]
INFO: [ app_init ] --END-- [ RunTime:0.000362s ]

[ 2016-08-04T15:01:03+08:00 ] ::1 /730/shop/index.php/Home/Lang/index/hl/ri
INFO: [ app_init ] --START--
INFO: Run Behavior\BuildLiteBehavior [ RunTime:0.000023s ]
INFO: [ app_init ] --END-- [ RunTime:0.000388s ]

[ 2016-08-04T15:01:07+08:00 ] ::1 /730/shop/index.php/Home/Lang/index/hl/ri
INFO: [ app_init ] --START--
INFO: Run Behavior\BuildLiteBehavior [ RunTime:0.000023s ]
INFO: [ app_init ] --END-- [ RunTime:0.000365s ]

[ 2016-08-04T15:23:44+08:00 ] ::1 /730/shop/index.php/Home/User/LGOIN
INFO: [ app_init ] --START--
INFO: Run Behavior\BuildLiteBehavior [ RunTime:0.000023s ]
INFO: [ app_init ] --END-- [ RunTime:0.000380s ]
ERR: 非法操作:LGOIN

[ 2016-08-04T15:24:31+08:00 ] ::1 /730/shop/index.php/Home/User/login
INFO: [ app_init ] --START--
INFO: Run Behavior\BuildLiteBehavior [ RunTime:0.000024s ]
INFO: [ app_init ] --END-- [ RunTime:0.000381s ]

[ 2016-08-04T15:24:31+08:00 ] ::1 /730/shop/index.php/Home/User/images/sousuo.gif
INFO: [ app_init ] --START--
INFO: Run Behavior\BuildLiteBehavior [ RunTime:0.000037s ]
INFO: [ app_init ] --END-- [ RunTime:0.000445s ]

[ 2016-08-04T15:39:53+08:00 ] ::1 /730/shop/index.php/Home/User/login
INFO: [ app_init ] --START--
INFO: Run Behavior\BuildLiteBehavior [ RunTime:0.000033s ]
INFO: [ app_init ] --END-- [ RunTime:0.000415s ]

[ 2016-08-04T15:39:53+08:00 ] ::1 /730/shop/index.php/Home/User/images/sousuo.gif
INFO: [ app_init ] --START--
INFO: Run Behavior\BuildLiteBehavior [ RunTime:0.000044s ]
INFO: [ app_init ] --END-- [ RunTime:0.000566s ]

[ 2016-08-04T15:40:21+08:00 ] ::1 /730/shop/index.php/Home/User/login
INFO: [ app_init ] --START--
INFO: Run Behavior\BuildLiteBehavior [ RunTime:0.000023s ]
INFO: [ app_init ] --END-- [ RunTime:0.000395s ]

[ 2016-08-04T15:40:21+08:00 ] ::1 /730/shop/index.php/Home/User/images/sousuo.gif
INFO: [ app_init ] --START--
INFO: Run Behavior\BuildLiteBehavior [ RunTime:0.000023s ]
INFO: [ app_init ] --END-- [ RunTime:0.000381s ]

[ 2016-08-04T15:40:22+08:00 ] ::1 /730/shop/index.php/Home/User/login
INFO: [ app_init ] --START--
INFO: Run Behavior\BuildLiteBehavior [ RunTime:0.000025s ]
INFO: [ app_init ] --END-- [ RunTime:0.000373s ]

[ 2016-08-04T15:40:22+08:00 ] ::1 /730/shop/index.php/Home/User/images/sousuo.gif
INFO: [ app_init ] --START--
INFO: Run Behavior\BuildLiteBehavior [ RunTime:0.000023s ]
INFO: [ app_init ] --END-- [ RunTime:0.000342s ]

[ 2016-08-04T15:40:54+08:00 ] ::1 /730/shop/index.php/Home/User/login
INFO: [ app_init ] --START--
INFO: Run Behavior\BuildLiteBehavior [ RunTime:0.000025s ]
INFO: [ app_init ] --END-- [ RunTime:0.000332s ]

[ 2016-08-04T15:40:54+08:00 ] ::1 /730/shop/index.php/Home/User/images/sousuo.gif
INFO: [ app_init ] --START--
INFO: Run Behavior\BuildLiteBehavior [ RunTime:0.000028s ]
INFO: [ app_init ] --END-- [ RunTime:0.000476s ]

