[ 2016-08-07T20:51:21+08:00 ] ::1 /730/shop/index.php/Admin
INFO: [ app_init ] --START--
INFO: Run Behavior\BuildLiteBehavior [ RunTime:0.000024s ]
INFO: [ app_init ] --END-- [ RunTime:0.000380s ]

[ 2016-08-07T20:51:21+08:00 ] ::1 /730/shop/index.php/Admin/Manager/login.html
INFO: [ app_init ] --START--
INFO: Run Behavior\BuildLiteBehavior [ RunTime:0.000024s ]
INFO: [ app_init ] --END-- [ RunTime:0.000371s ]

[ 2016-08-07T20:51:21+08:00 ] ::1 /730/shop/index.php/Admin/Manager/yz
INFO: [ app_init ] --START--
INFO: Run Behavior\BuildLiteBehavior [ RunTime:0.000026s ]
INFO: [ app_init ] --END-- [ RunTime:0.000382s ]

[ 2016-08-07T20:51:32+08:00 ] ::1 /730/shop/index.php/Admin/Manager/login_check
INFO: [ app_init ] --START--
INFO: Run Behavior\BuildLiteBehavior [ RunTime:0.000022s ]
INFO: [ app_init ] --END-- [ RunTime:0.000386s ]

[ 2016-08-07T20:51:32+08:00 ] ::1 /730/shop/index.php/Admin/Index/index.html
INFO: [ app_init ] --START--
INFO: Run Behavior\BuildLiteBehavior [ RunTime:0.000023s ]
INFO: [ app_init ] --END-- [ RunTime:0.000317s ]

[ 2016-08-07T20:51:32+08:00 ] ::1 /730/shop/index.php/Admin/Index/head
INFO: [ app_init ] --START--
INFO: Run Behavior\BuildLiteBehavior [ RunTime:0.000042s ]
INFO: [ app_init ] --END-- [ RunTime:0.000532s ]

[ 2016-08-07T20:51:32+08:00 ] ::1 /730/shop/index.php/Admin/Index/right
INFO: [ app_init ] --START--
INFO: Run Behavior\BuildLiteBehavior [ RunTime:0.000064s ]
INFO: [ app_init ] --END-- [ RunTime:0.000664s ]

[ 2016-08-07T20:51:32+08:00 ] ::1 /730/shop/index.php/Admin/Index/left
INFO: [ app_init ] --START--
INFO: Run Behavior\BuildLiteBehavior [ RunTime:0.000040s ]
INFO: [ app_init ] --END-- [ RunTime:0.000610s ]

[ 2016-08-07T20:51:36+08:00 ] ::1 /730/shop/index.php/Admin/Index/left
INFO: [ app_init ] --START--
INFO: Run Behavior\BuildLiteBehavior [ RunTime:0.000051s ]
INFO: [ app_init ] --END-- [ RunTime:0.000487s ]

[ 2016-08-07T20:51:40+08:00 ] ::1 /730/shop/index.php/Admin/Goods/showlist
INFO: [ app_init ] --START--
INFO: Run Behavior\BuildLiteBehavior [ RunTime:0.000026s ]
INFO: [ app_init ] --END-- [ RunTime:0.000330s ]

[ 2016-08-07T20:51:40+08:00 ] ::1 /730/shop/index.php/Admin/Goods/32_G_1242110760868.jpg
INFO: [ app_init ] --START--
INFO: Run Behavior\BuildLiteBehavior [ RunTime:0.000040s ]
INFO: [ app_init ] --END-- [ RunTime:0.000575s ]

[ 2016-08-07T20:51:40+08:00 ] ::1 /730/shop/index.php/Admin/Goods/200905/goods_img/7_G_1241422785856.jpg
INFO: [ app_init ] --START--
INFO: Run Behavior\BuildLiteBehavior [ RunTime:0.000040s ]
INFO: [ app_init ] --END-- [ RunTime:0.000577s ]

[ 2016-08-07T20:51:40+08:00 ] ::1 /730/shop/index.php/Admin/Goods/images/200905/goods_img/9_G_1241511871574.jpg
INFO: [ app_init ] --START--
INFO: Run Behavior\BuildLiteBehavior [ RunTime:0.000041s ]
INFO: [ app_init ] --END-- [ RunTime:0.000728s ]

[ 2016-08-07T20:51:40+08:00 ] ::1 /730/shop/index.php/Admin/Goods/4_G_1241422402722.jpg
INFO: [ app_init ] --START--
INFO: Run Behavior\BuildLiteBehavior [ RunTime:0.000056s ]
INFO: [ app_init ] --END-- [ RunTime:0.001275s ]

[ 2016-08-07T20:51:40+08:00 ] ::1 /730/shop/index.php/Admin/Goods/images/200905/goods_img/10_G_1242973436141.jpg
INFO: [ app_init ] --START--
INFO: Run Behavior\BuildLiteBehavior [ RunTime:0.000026s ]
INFO: [ app_init ] --END-- [ RunTime:0.000374s ]

[ 2016-08-07T20:51:40+08:00 ] ::1 /730/shop/index.php/Admin/Goods/200905/goods_img/8_G_1241425513055.jpg
INFO: [ app_init ] --START--
INFO: Run Behavior\BuildLiteBehavior [ RunTime:0.000025s ]
INFO: [ app_init ] --END-- [ RunTime:0.000375s ]

[ 2016-08-07T20:55:01+08:00 ] ::1 /730/shop/index.php/Admin/Goods/showlist
INFO: [ app_init ] --START--
INFO: Run Behavior\BuildLiteBehavior [ RunTime:0.000023s ]
INFO: [ app_init ] --END-- [ RunTime:0.000367s ]

[ 2016-08-07T20:55:02+08:00 ] ::1 /730/shop/index.php/Admin/Goods/showlist
INFO: [ app_init ] --START--
INFO: Run Behavior\BuildLiteBehavior [ RunTime:0.000023s ]
INFO: [ app_init ] --END-- [ RunTime:0.000389s ]

[ 2016-08-07T20:55:03+08:00 ] ::1 /730/shop/index.php/Admin/Goods/showlist
INFO: [ app_init ] --START--
INFO: Run Behavior\BuildLiteBehavior [ RunTime:0.000022s ]
INFO: [ app_init ] --END-- [ RunTime:0.000336s ]

[ 2016-08-07T20:55:37+08:00 ] ::1 /730/shop/index.php/Admin/Goods/showlist
INFO: [ app_init ] --START--
INFO: Run Behavior\BuildLiteBehavior [ RunTime:0.000050s ]
INFO: [ app_init ] --END-- [ RunTime:0.000441s ]

[ 2016-08-07T20:56:15+08:00 ] ::1 /730/shop/index.php/Admin/Goods/showlist
INFO: [ app_init ] --START--
INFO: Run Behavior\BuildLiteBehavior [ RunTime:0.000023s ]
INFO: [ app_init ] --END-- [ RunTime:0.000379s ]

[ 2016-08-07T20:56:16+08:00 ] ::1 /730/shop/index.php/Admin/Goods/showlist
INFO: [ app_init ] --START--
INFO: Run Behavior\BuildLiteBehavior [ RunTime:0.000025s ]
INFO: [ app_init ] --END-- [ RunTime:0.000403s ]

[ 2016-08-07T20:58:16+08:00 ] ::1 /730/shop/index.php/Admin/Goods/showlist
INFO: [ app_init ] --START--
INFO: Run Behavior\BuildLiteBehavior [ RunTime:0.000023s ]
INFO: [ app_init ] --END-- [ RunTime:0.000350s ]

[ 2016-08-07T20:58:17+08:00 ] ::1 /730/shop/index.php/Admin/Goods/showlist
INFO: [ app_init ] --START--
INFO: Run Behavior\BuildLiteBehavior [ RunTime:0.000037s ]
INFO: [ app_init ] --END-- [ RunTime:0.000420s ]

[ 2016-08-07T21:01:32+08:00 ] ::1 /730/shop/index.php/Admin/Goods/showlist
INFO: [ app_init ] --START--
INFO: Run Behavior\BuildLiteBehavior [ RunTime:0.000036s ]
INFO: [ app_init ] --END-- [ RunTime:0.000438s ]

[ 2016-08-07T21:01:41+08:00 ] ::1 /730/shop/index.php/Admin/Goods/add
INFO: [ app_init ] --START--
INFO: Run Behavior\BuildLiteBehavior [ RunTime:0.000028s ]
INFO: [ app_init ] --END-- [ RunTime:0.000422s ]

[ 2016-08-07T21:02:02+08:00 ] ::1 /730/shop/index.php/Admin/Goods/showlist
INFO: [ app_init ] --START--
INFO: Run Behavior\BuildLiteBehavior [ RunTime:0.000073s ]
INFO: [ app_init ] --END-- [ RunTime:0.000429s ]

[ 2016-08-07T21:02:04+08:00 ] ::1 /730/shop/index.php/Admin/Goods/showlist/p/2.html
INFO: [ app_init ] --START--
INFO: Run Behavior\BuildLiteBehavior [ RunTime:0.000023s ]
INFO: [ app_init ] --END-- [ RunTime:0.000358s ]

[ 2016-08-07T21:02:52+08:00 ] ::1 /730/shop/index.php/Admin/Goods/showlist/p/1.html
INFO: [ app_init ] --START--
INFO: Run Behavior\BuildLiteBehavior [ RunTime:0.000022s ]
INFO: [ app_init ] --END-- [ RunTime:0.000372s ]

[ 2016-08-07T21:07:21+08:00 ] ::1 /730/shop/index.php/Admin/Goods/showlist
INFO: [ app_init ] --START--
INFO: Run Behavior\BuildLiteBehavior [ RunTime:0.000024s ]
INFO: [ app_init ] --END-- [ RunTime:0.000374s ]

[ 2016-08-07T21:09:07+08:00 ] ::1 /730/shop/index.php/Admin/Goods/add
INFO: [ app_init ] --START--
INFO: Run Behavior\BuildLiteBehavior [ RunTime:0.000028s ]
INFO: [ app_init ] --END-- [ RunTime:0.000569s ]

[ 2016-08-07T21:12:25+08:00 ] ::1 /730/shop/index.php/Admin/Goods/showlist
INFO: [ app_init ] --START--
INFO: Run Behavior\BuildLiteBehavior [ RunTime:0.000052s ]
INFO: [ app_init ] --END-- [ RunTime:0.000648s ]

[ 2016-08-07T21:12:26+08:00 ] ::1 /730/shop/index.php/Admin/Goods/add
INFO: [ app_init ] --START--
INFO: Run Behavior\BuildLiteBehavior [ RunTime:0.000022s ]
INFO: [ app_init ] --END-- [ RunTime:0.000373s ]

[ 2016-08-07T21:12:28+08:00 ] ::1 /730/shop/index.php/Admin/Goods/addGoods
INFO: [ app_init ] --START--
INFO: Run Behavior\BuildLiteBehavior [ RunTime:0.000036s ]
INFO: [ app_init ] --END-- [ RunTime:0.000401s ]

[ 2016-08-07T21:13:41+08:00 ] ::1 /730/shop/index.php/Admin/Goods/showlist
INFO: [ app_init ] --START--
INFO: Run Behavior\BuildLiteBehavior [ RunTime:0.000023s ]
INFO: [ app_init ] --END-- [ RunTime:0.000357s ]

[ 2016-08-07T21:13:42+08:00 ] ::1 /730/shop/index.php/Admin/Goods/add
INFO: [ app_init ] --START--
INFO: Run Behavior\BuildLiteBehavior [ RunTime:0.000027s ]
INFO: [ app_init ] --END-- [ RunTime:0.000386s ]

[ 2016-08-07T21:13:43+08:00 ] ::1 /730/shop/index.php/Admin/Goods/addGoods
INFO: [ app_init ] --START--
INFO: Run Behavior\BuildLiteBehavior [ RunTime:0.000028s ]
INFO: [ app_init ] --END-- [ RunTime:0.000355s ]

[ 2016-08-07T21:20:48+08:00 ] ::1 /730/shop/index.php/Admin/Goods/showlist
INFO: [ app_init ] --START--
INFO: Run Behavior\BuildLiteBehavior [ RunTime:0.000028s ]
INFO: [ app_init ] --END-- [ RunTime:0.000399s ]

[ 2016-08-07T21:20:49+08:00 ] ::1 /730/shop/index.php/Admin/Goods/add
INFO: [ app_init ] --START--
INFO: Run Behavior\BuildLiteBehavior [ RunTime:0.000023s ]
INFO: [ app_init ] --END-- [ RunTime:0.000364s ]

[ 2016-08-07T21:20:53+08:00 ] ::1 /730/shop/index.php/Admin/Goods/addGoods
INFO: [ app_init ] --START--
INFO: Run Behavior\BuildLiteBehavior [ RunTime:0.000021s ]
INFO: [ app_init ] --END-- [ RunTime:0.000313s ]

[ 2016-08-07T21:21:14+08:00 ] ::1 /730/shop/index.php/Admin/Goods/addGoods
INFO: [ app_init ] --START--
INFO: Run Behavior\BuildLiteBehavior [ RunTime:0.000022s ]
INFO: [ app_init ] --END-- [ RunTime:0.000352s ]

[ 2016-08-07T21:23:40+08:00 ] ::1 /730/shop/index.php/Admin/Goods/showlist
INFO: [ app_init ] --START--
INFO: Run Behavior\BuildLiteBehavior [ RunTime:0.000025s ]
INFO: [ app_init ] --END-- [ RunTime:0.000380s ]

[ 2016-08-07T21:23:41+08:00 ] ::1 /730/shop/index.php/Admin/Goods/add
INFO: [ app_init ] --START--
INFO: Run Behavior\BuildLiteBehavior [ RunTime:0.000023s ]
INFO: [ app_init ] --END-- [ RunTime:0.000352s ]

[ 2016-08-07T21:23:44+08:00 ] ::1 /730/shop/index.php/Admin/Goods/addGoods
INFO: [ app_init ] --START--
INFO: Run Behavior\BuildLiteBehavior [ RunTime:0.000023s ]
INFO: [ app_init ] --END-- [ RunTime:0.000389s ]

[ 2016-08-07T21:24:11+08:00 ] ::1 /730/shop/index.php/Admin/Goods/showlist
INFO: [ app_init ] --START--
INFO: Run Behavior\BuildLiteBehavior [ RunTime:0.000038s ]
INFO: [ app_init ] --END-- [ RunTime:0.000514s ]

[ 2016-08-07T21:24:12+08:00 ] ::1 /730/shop/index.php/Admin/Goods/add
INFO: [ app_init ] --START--
INFO: Run Behavior\BuildLiteBehavior [ RunTime:0.000028s ]
INFO: [ app_init ] --END-- [ RunTime:0.000525s ]

[ 2016-08-07T21:24:15+08:00 ] ::1 /730/shop/index.php/Admin/Goods/addGoods
INFO: [ app_init ] --START--
INFO: Run Behavior\BuildLiteBehavior [ RunTime:0.000040s ]
INFO: [ app_init ] --END-- [ RunTime:0.000564s ]

[ 2016-08-07T21:24:40+08:00 ] ::1 /730/shop/index.php/Admin/Goods/showlist
INFO: [ app_init ] --START--
INFO: Run Behavior\BuildLiteBehavior [ RunTime:0.000022s ]
INFO: [ app_init ] --END-- [ RunTime:0.000326s ]

[ 2016-08-07T21:24:41+08:00 ] ::1 /730/shop/index.php/Admin/Goods/showlist
INFO: [ app_init ] --START--
INFO: Run Behavior\BuildLiteBehavior [ RunTime:0.000025s ]
INFO: [ app_init ] --END-- [ RunTime:0.000424s ]

[ 2016-08-07T21:24:42+08:00 ] ::1 /730/shop/index.php/Admin/Goods/upGrade/id/2
INFO: [ app_init ] --START--
INFO: Run Behavior\BuildLiteBehavior [ RunTime:0.000034s ]
INFO: [ app_init ] --END-- [ RunTime:0.000587s ]

[ 2016-08-07T21:24:46+08:00 ] ::1 /730/shop/index.php/Admin/Goods/showlist
INFO: [ app_init ] --START--
INFO: Run Behavior\BuildLiteBehavior [ RunTime:0.000043s ]
INFO: [ app_init ] --END-- [ RunTime:0.000456s ]

[ 2016-08-07T21:24:47+08:00 ] ::1 /730/shop/index.php/Admin/Goods/add
INFO: [ app_init ] --START--
INFO: Run Behavior\BuildLiteBehavior [ RunTime:0.000022s ]
INFO: [ app_init ] --END-- [ RunTime:0.000368s ]

[ 2016-08-07T21:24:50+08:00 ] ::1 /730/shop/index.php/Admin/Goods/addGoods
INFO: [ app_init ] --START--
INFO: Run Behavior\BuildLiteBehavior [ RunTime:0.000078s ]
INFO: [ app_init ] --END-- [ RunTime:0.000895s ]

[ 2016-08-07T21:24:58+08:00 ] ::1 /730/shop/index.php/Admin/Goods/showlist
INFO: [ app_init ] --START--
INFO: Run Behavior\BuildLiteBehavior [ RunTime:0.000022s ]
INFO: [ app_init ] --END-- [ RunTime:0.000339s ]

[ 2016-08-07T21:24:59+08:00 ] ::1 /730/shop/index.php/Admin/Goods/add
INFO: [ app_init ] --START--
INFO: Run Behavior\BuildLiteBehavior [ RunTime:0.000026s ]
INFO: [ app_init ] --END-- [ RunTime:0.000466s ]

[ 2016-08-07T21:25:01+08:00 ] ::1 /730/shop/index.php/Admin/Goods/addGoods
INFO: [ app_init ] --START--
INFO: Run Behavior\BuildLiteBehavior [ RunTime:0.000022s ]
INFO: [ app_init ] --END-- [ RunTime:0.000336s ]

[ 2016-08-07T21:26:08+08:00 ] ::1 /730/shop/index.php/Admin/Goods/showlist
INFO: [ app_init ] --START--
INFO: Run Behavior\BuildLiteBehavior [ RunTime:0.000032s ]
INFO: [ app_init ] --END-- [ RunTime:0.000391s ]

[ 2016-08-07T21:26:09+08:00 ] ::1 /730/shop/index.php/Admin/Goods/add
INFO: [ app_init ] --START--
INFO: Run Behavior\BuildLiteBehavior [ RunTime:0.000024s ]
INFO: [ app_init ] --END-- [ RunTime:0.000388s ]

[ 2016-08-07T21:26:12+08:00 ] ::1 /730/shop/index.php/Admin/Goods/addGoods
INFO: [ app_init ] --START--
INFO: Run Behavior\BuildLiteBehavior [ RunTime:0.000040s ]
INFO: [ app_init ] --END-- [ RunTime:0.000530s ]

[ 2016-08-07T21:27:12+08:00 ] ::1 /730/shop/index.php/Admin/Goods/showlist
INFO: [ app_init ] --START--
INFO: Run Behavior\BuildLiteBehavior [ RunTime:0.000023s ]
INFO: [ app_init ] --END-- [ RunTime:0.000330s ]

[ 2016-08-07T21:27:13+08:00 ] ::1 /730/shop/index.php/Admin/Goods/add
INFO: [ app_init ] --START--
INFO: Run Behavior\BuildLiteBehavior [ RunTime:0.000025s ]
INFO: [ app_init ] --END-- [ RunTime:0.000402s ]

[ 2016-08-07T21:27:16+08:00 ] ::1 /730/shop/index.php/Admin/Goods/addGoods
INFO: [ app_init ] --START--
INFO: Run Behavior\BuildLiteBehavior [ RunTime:0.000024s ]
INFO: [ app_init ] --END-- [ RunTime:0.000339s ]

[ 2016-08-07T21:27:27+08:00 ] ::1 /730/shop/index.php/Admin/Goods/showlist
INFO: [ app_init ] --START--
INFO: Run Behavior\BuildLiteBehavior [ RunTime:0.000022s ]
INFO: [ app_init ] --END-- [ RunTime:0.000333s ]

[ 2016-08-07T21:27:28+08:00 ] ::1 /730/shop/index.php/Admin/Goods/add
INFO: [ app_init ] --START--
INFO: Run Behavior\BuildLiteBehavior [ RunTime:0.000026s ]
INFO: [ app_init ] --END-- [ RunTime:0.000373s ]

[ 2016-08-07T21:27:30+08:00 ] ::1 /730/shop/index.php/Admin/Goods/addGoods
INFO: [ app_init ] --START--
INFO: Run Behavior\BuildLiteBehavior [ RunTime:0.000026s ]
INFO: [ app_init ] --END-- [ RunTime:0.000333s ]

[ 2016-08-07T21:33:07+08:00 ] ::1 /730/shop/index.php/Admin/Goods/showlist
INFO: [ app_init ] --START--
INFO: Run Behavior\BuildLiteBehavior [ RunTime:0.000043s ]
INFO: [ app_init ] --END-- [ RunTime:0.000652s ]

[ 2016-08-07T21:33:09+08:00 ] ::1 /730/shop/index.php/Admin/Goods/add
INFO: [ app_init ] --START--
INFO: Run Behavior\BuildLiteBehavior [ RunTime:0.000037s ]
INFO: [ app_init ] --END-- [ RunTime:0.000534s ]

[ 2016-08-07T21:33:12+08:00 ] ::1 /730/shop/index.php/Admin/Goods/addGoods
INFO: [ app_init ] --START--
INFO: Run Behavior\BuildLiteBehavior [ RunTime:0.000040s ]
INFO: [ app_init ] --END-- [ RunTime:0.000640s ]

[ 2016-08-07T21:35:22+08:00 ] ::1 /730/shop/index.php/Admin/Goods/showlist
INFO: [ app_init ] --START--
INFO: Run Behavior\BuildLiteBehavior [ RunTime:0.000024s ]
INFO: [ app_init ] --END-- [ RunTime:0.000397s ]

[ 2016-08-07T21:35:43+08:00 ] ::1 /730/shop/index.php/Admin/Goods/showlist
INFO: [ app_init ] --START--
INFO: Run Behavior\BuildLiteBehavior [ RunTime:0.000024s ]
INFO: [ app_init ] --END-- [ RunTime:0.000344s ]

[ 2016-08-07T21:35:44+08:00 ] ::1 /730/shop/index.php/Admin/Goods/add
INFO: [ app_init ] --START--
INFO: Run Behavior\BuildLiteBehavior [ RunTime:0.000022s ]
INFO: [ app_init ] --END-- [ RunTime:0.000349s ]

[ 2016-08-07T21:37:11+08:00 ] ::1 /730/shop/index.php/Admin/Goods/addGoods
INFO: [ app_init ] --START--
INFO: Run Behavior\BuildLiteBehavior [ RunTime:0.000035s ]
INFO: [ app_init ] --END-- [ RunTime:0.000473s ]

[ 2016-08-07T21:37:12+08:00 ] ::1 /730/shop/index.php/Admin/Goods/showlist
INFO: [ app_init ] --START--
INFO: Run Behavior\BuildLiteBehavior [ RunTime:0.000023s ]
INFO: [ app_init ] --END-- [ RunTime:0.000355s ]

[ 2016-08-07T21:38:16+08:00 ] ::1 /730/shop/index.php/Admin/Goods/add
INFO: [ app_init ] --START--
INFO: Run Behavior\BuildLiteBehavior [ RunTime:0.000051s ]
INFO: [ app_init ] --END-- [ RunTime:0.000524s ]

[ 2016-08-07T21:38:18+08:00 ] ::1 /730/shop/index.php/Admin/Goods/addGoods
INFO: [ app_init ] --START--
INFO: Run Behavior\BuildLiteBehavior [ RunTime:0.000027s ]
INFO: [ app_init ] --END-- [ RunTime:0.000380s ]

[ 2016-08-07T21:42:46+08:00 ] ::1 /730/shop/index.php/Admin/Goods/showlist
INFO: [ app_init ] --START--
INFO: Run Behavior\BuildLiteBehavior [ RunTime:0.000037s ]
INFO: [ app_init ] --END-- [ RunTime:0.000488s ]

[ 2016-08-07T21:42:47+08:00 ] ::1 /730/shop/index.php/Admin/Goods/add
INFO: [ app_init ] --START--
INFO: Run Behavior\BuildLiteBehavior [ RunTime:0.000043s ]
INFO: [ app_init ] --END-- [ RunTime:0.000426s ]

[ 2016-08-07T21:42:50+08:00 ] ::1 /730/shop/index.php/Admin/Goods/addGoods
INFO: [ app_init ] --START--
INFO: Run Behavior\BuildLiteBehavior [ RunTime:0.000023s ]
INFO: [ app_init ] --END-- [ RunTime:0.000332s ]

[ 2016-08-07T21:43:47+08:00 ] ::1 /730/shop/index.php/Admin/Goods/showlist
INFO: [ app_init ] --START--
INFO: Run Behavior\BuildLiteBehavior [ RunTime:0.000038s ]
INFO: [ app_init ] --END-- [ RunTime:0.000609s ]

[ 2016-08-07T21:43:48+08:00 ] ::1 /730/shop/index.php/Admin/Goods/add
INFO: [ app_init ] --START--
INFO: Run Behavior\BuildLiteBehavior [ RunTime:0.000034s ]
INFO: [ app_init ] --END-- [ RunTime:0.000448s ]

[ 2016-08-07T21:43:51+08:00 ] ::1 /730/shop/index.php/Admin/Goods/addGoods
INFO: [ app_init ] --START--
INFO: Run Behavior\BuildLiteBehavior [ RunTime:0.000038s ]
INFO: [ app_init ] --END-- [ RunTime:0.000500s ]

[ 2016-08-07T21:44:07+08:00 ] ::1 /730/shop/index.php/Admin/Goods/showlist
INFO: [ app_init ] --START--
INFO: Run Behavior\BuildLiteBehavior [ RunTime:0.000022s ]
INFO: [ app_init ] --END-- [ RunTime:0.000343s ]

[ 2016-08-07T21:44:07+08:00 ] ::1 /730/shop/index.php/Admin/Goods/add
INFO: [ app_init ] --START--
INFO: Run Behavior\BuildLiteBehavior [ RunTime:0.000022s ]
INFO: [ app_init ] --END-- [ RunTime:0.000353s ]

[ 2016-08-07T21:44:10+08:00 ] ::1 /730/shop/index.php/Admin/Goods/addGoods
INFO: [ app_init ] --START--
INFO: Run Behavior\BuildLiteBehavior [ RunTime:0.000025s ]
INFO: [ app_init ] --END-- [ RunTime:0.000345s ]

[ 2016-08-07T21:51:06+08:00 ] ::1 /730/shop/index.php/Admin/Goods/showlist
INFO: [ app_init ] --START--
INFO: Run Behavior\BuildLiteBehavior [ RunTime:0.000024s ]
INFO: [ app_init ] --END-- [ RunTime:0.000354s ]

[ 2016-08-07T21:51:08+08:00 ] ::1 /730/shop/index.php/Admin/Goods/add
INFO: [ app_init ] --START--
INFO: Run Behavior\BuildLiteBehavior [ RunTime:0.000023s ]
INFO: [ app_init ] --END-- [ RunTime:0.000376s ]

[ 2016-08-07T21:51:12+08:00 ] ::1 /730/shop/index.php/Admin/Goods/addGoods
INFO: [ app_init ] --START--
INFO: Run Behavior\BuildLiteBehavior [ RunTime:0.000024s ]
INFO: [ app_init ] --END-- [ RunTime:0.000329s ]

[ 2016-08-07T21:51:27+08:00 ] ::1 /730/shop/index.php/Admin/Goods/showlist
INFO: [ app_init ] --START--
INFO: Run Behavior\BuildLiteBehavior [ RunTime:0.000023s ]
INFO: [ app_init ] --END-- [ RunTime:0.000351s ]

[ 2016-08-07T21:51:28+08:00 ] ::1 /730/shop/index.php/Admin/Goods/add
INFO: [ app_init ] --START--
INFO: Run Behavior\BuildLiteBehavior [ RunTime:0.000023s ]
INFO: [ app_init ] --END-- [ RunTime:0.000350s ]

[ 2016-08-07T21:51:32+08:00 ] ::1 /730/shop/index.php/Admin/Goods/addGoods
INFO: [ app_init ] --START--
INFO: Run Behavior\BuildLiteBehavior [ RunTime:0.000022s ]
INFO: [ app_init ] --END-- [ RunTime:0.000315s ]

[ 2016-08-07T21:52:01+08:00 ] ::1 /730/shop/index.php/Admin/Goods/showlist
INFO: [ app_init ] --START--
INFO: Run Behavior\BuildLiteBehavior [ RunTime:0.000024s ]
INFO: [ app_init ] --END-- [ RunTime:0.000471s ]

[ 2016-08-07T21:52:03+08:00 ] ::1 /730/shop/index.php/Admin/Goods/add
INFO: [ app_init ] --START--
INFO: Run Behavior\BuildLiteBehavior [ RunTime:0.000033s ]
INFO: [ app_init ] --END-- [ RunTime:0.000430s ]

[ 2016-08-07T21:52:06+08:00 ] ::1 /730/shop/index.php/Admin/Goods/addGoods
INFO: [ app_init ] --START--
INFO: Run Behavior\BuildLiteBehavior [ RunTime:0.000024s ]
INFO: [ app_init ] --END-- [ RunTime:0.000333s ]

[ 2016-08-07T21:52:32+08:00 ] ::1 /730/shop/index.php/Admin/Goods/showlist
INFO: [ app_init ] --START--
INFO: Run Behavior\BuildLiteBehavior [ RunTime:0.000025s ]
INFO: [ app_init ] --END-- [ RunTime:0.000488s ]

[ 2016-08-07T21:52:33+08:00 ] ::1 /730/shop/index.php/Admin/Goods/add
INFO: [ app_init ] --START--
INFO: Run Behavior\BuildLiteBehavior [ RunTime:0.000024s ]
INFO: [ app_init ] --END-- [ RunTime:0.000370s ]

[ 2016-08-07T21:52:38+08:00 ] ::1 /730/shop/index.php/Admin/Goods/addGoods
INFO: [ app_init ] --START--
INFO: Run Behavior\BuildLiteBehavior [ RunTime:0.000025s ]
INFO: [ app_init ] --END-- [ RunTime:0.000360s ]

[ 2016-08-07T21:59:37+08:00 ] ::1 /730/shop/index.php/Admin/Goods/showlist
INFO: [ app_init ] --START--
INFO: Run Behavior\BuildLiteBehavior [ RunTime:0.000038s ]
INFO: [ app_init ] --END-- [ RunTime:0.000567s ]

[ 2016-08-07T21:59:39+08:00 ] ::1 /730/shop/index.php/Admin/Goods/add
INFO: [ app_init ] --START--
INFO: Run Behavior\BuildLiteBehavior [ RunTime:0.000040s ]
INFO: [ app_init ] --END-- [ RunTime:0.001004s ]

[ 2016-08-07T21:59:42+08:00 ] ::1 /730/shop/index.php/Admin/Goods/addGoods
INFO: [ app_init ] --START--
INFO: Run Behavior\BuildLiteBehavior [ RunTime:0.000022s ]
INFO: [ app_init ] --END-- [ RunTime:0.000327s ]

[ 2016-08-07T21:59:49+08:00 ] ::1 /730/shop/index.php/Admin/Goods/showlist
INFO: [ app_init ] --START--
INFO: Run Behavior\BuildLiteBehavior [ RunTime:0.000043s ]
INFO: [ app_init ] --END-- [ RunTime:0.000858s ]

[ 2016-08-07T21:59:50+08:00 ] ::1 /730/shop/index.php/Admin/Goods/add
INFO: [ app_init ] --START--
INFO: Run Behavior\BuildLiteBehavior [ RunTime:0.000022s ]
INFO: [ app_init ] --END-- [ RunTime:0.000366s ]

[ 2016-08-07T21:59:54+08:00 ] ::1 /730/shop/index.php/Admin/Goods/addGoods
INFO: [ app_init ] --START--
INFO: Run Behavior\BuildLiteBehavior [ RunTime:0.000022s ]
INFO: [ app_init ] --END-- [ RunTime:0.000352s ]

[ 2016-08-07T22:00:09+08:00 ] ::1 /730/shop/index.php/Admin/Goods/showlist
INFO: [ app_init ] --START--
INFO: Run Behavior\BuildLiteBehavior [ RunTime:0.000024s ]
INFO: [ app_init ] --END-- [ RunTime:0.000477s ]

[ 2016-08-07T22:00:10+08:00 ] ::1 /730/shop/index.php/Admin/Goods/add
INFO: [ app_init ] --START--
INFO: Run Behavior\BuildLiteBehavior [ RunTime:0.000023s ]
INFO: [ app_init ] --END-- [ RunTime:0.000376s ]

[ 2016-08-07T22:00:14+08:00 ] ::1 /730/shop/index.php/Admin/Goods/addGoods
INFO: [ app_init ] --START--
INFO: Run Behavior\BuildLiteBehavior [ RunTime:0.000035s ]
INFO: [ app_init ] --END-- [ RunTime:0.000349s ]

[ 2016-08-07T22:01:17+08:00 ] ::1 /730/shop/index.php/Admin/Goods/showlist
INFO: [ app_init ] --START--
INFO: Run Behavior\BuildLiteBehavior [ RunTime:0.000022s ]
INFO: [ app_init ] --END-- [ RunTime:0.000353s ]

[ 2016-08-07T22:01:19+08:00 ] ::1 /730/shop/index.php/Admin/Goods/add
INFO: [ app_init ] --START--
INFO: Run Behavior\BuildLiteBehavior [ RunTime:0.000025s ]
INFO: [ app_init ] --END-- [ RunTime:0.000381s ]

[ 2016-08-07T22:01:23+08:00 ] ::1 /730/shop/index.php/Admin/Goods/addGoods
INFO: [ app_init ] --START--
INFO: Run Behavior\BuildLiteBehavior [ RunTime:0.000027s ]
INFO: [ app_init ] --END-- [ RunTime:0.000357s ]

[ 2016-08-07T22:01:41+08:00 ] ::1 /730/shop/index.php/Admin/Goods/showlist
INFO: [ app_init ] --START--
INFO: Run Behavior\BuildLiteBehavior [ RunTime:0.000026s ]
INFO: [ app_init ] --END-- [ RunTime:0.000345s ]

[ 2016-08-07T22:01:41+08:00 ] ::1 /730/shop/index.php/Admin/Goods/add
INFO: [ app_init ] --START--
INFO: Run Behavior\BuildLiteBehavior [ RunTime:0.000038s ]
INFO: [ app_init ] --END-- [ RunTime:0.000494s ]

[ 2016-08-07T22:01:45+08:00 ] ::1 /730/shop/index.php/Admin/Goods/addGoods
INFO: [ app_init ] --START--
INFO: Run Behavior\BuildLiteBehavior [ RunTime:0.000029s ]
INFO: [ app_init ] --END-- [ RunTime:0.000472s ]

[ 2016-08-07T22:02:14+08:00 ] ::1 /730/shop/index.php/Admin/Goods/showlist
INFO: [ app_init ] --START--
INFO: Run Behavior\BuildLiteBehavior [ RunTime:0.000025s ]
INFO: [ app_init ] --END-- [ RunTime:0.000334s ]

[ 2016-08-07T22:02:14+08:00 ] ::1 /730/shop/index.php/Admin/Goods/add
INFO: [ app_init ] --START--
INFO: Run Behavior\BuildLiteBehavior [ RunTime:0.000041s ]
INFO: [ app_init ] --END-- [ RunTime:0.000586s ]

[ 2016-08-07T22:02:17+08:00 ] ::1 /730/shop/index.php/Admin/Goods/addGoods
INFO: [ app_init ] --START--
INFO: Run Behavior\BuildLiteBehavior [ RunTime:0.000043s ]
INFO: [ app_init ] --END-- [ RunTime:0.000904s ]

[ 2016-08-07T22:02:59+08:00 ] ::1 /730/shop/index.php/Admin/Goods/showlist
INFO: [ app_init ] --START--
INFO: Run Behavior\BuildLiteBehavior [ RunTime:0.000024s ]
INFO: [ app_init ] --END-- [ RunTime:0.000329s ]

[ 2016-08-07T22:03:00+08:00 ] ::1 /730/shop/index.php/Admin/Goods/add
INFO: [ app_init ] --START--
INFO: Run Behavior\BuildLiteBehavior [ RunTime:0.000024s ]
INFO: [ app_init ] --END-- [ RunTime:0.000374s ]

[ 2016-08-07T22:03:03+08:00 ] ::1 /730/shop/index.php/Admin/Goods/addGoods
INFO: [ app_init ] --START--
INFO: Run Behavior\BuildLiteBehavior [ RunTime:0.000044s ]
INFO: [ app_init ] --END-- [ RunTime:0.000580s ]

[ 2016-08-07T22:06:11+08:00 ] ::1 /730/shop/index.php/Admin/Goods/showlist
INFO: [ app_init ] --START--
INFO: Run Behavior\BuildLiteBehavior [ RunTime:0.000026s ]
INFO: [ app_init ] --END-- [ RunTime:0.000386s ]

[ 2016-08-07T22:06:11+08:00 ] ::1 /730/shop/index.php/Admin/Goods/add
INFO: [ app_init ] --START--
INFO: Run Behavior\BuildLiteBehavior [ RunTime:0.000022s ]
INFO: [ app_init ] --END-- [ RunTime:0.000350s ]

[ 2016-08-07T22:06:25+08:00 ] ::1 /730/shop/index.php/Admin/Goods/addGoods
INFO: [ app_init ] --START--
INFO: Run Behavior\BuildLiteBehavior [ RunTime:0.000022s ]
INFO: [ app_init ] --END-- [ RunTime:0.000320s ]

[ 2016-08-07T22:06:26+08:00 ] ::1 /730/shop/index.php/Admin/Goods/showlist
INFO: [ app_init ] --START--
INFO: Run Behavior\BuildLiteBehavior [ RunTime:0.000023s ]
INFO: [ app_init ] --END-- [ RunTime:0.000494s ]

[ 2016-08-07T22:07:38+08:00 ] ::1 /730/shop/index.php/Admin/Goods/add
INFO: [ app_init ] --START--
INFO: Run Behavior\BuildLiteBehavior [ RunTime:0.000023s ]
INFO: [ app_init ] --END-- [ RunTime:0.000376s ]

[ 2016-08-07T22:07:44+08:00 ] ::1 /730/shop/index.php/Admin/Goods/addGoods
INFO: [ app_init ] --START--
INFO: Run Behavior\BuildLiteBehavior [ RunTime:0.000038s ]
INFO: [ app_init ] --END-- [ RunTime:0.000561s ]

[ 2016-08-07T22:07:45+08:00 ] ::1 /730/shop/index.php/Admin/Goods/showlist
INFO: [ app_init ] --START--
INFO: Run Behavior\BuildLiteBehavior [ RunTime:0.000023s ]
INFO: [ app_init ] --END-- [ RunTime:0.000392s ]

[ 2016-08-07T22:07:48+08:00 ] ::1 /730/shop/index.php/Admin/Goods/showlist/p/2.html
INFO: [ app_init ] --START--
INFO: Run Behavior\BuildLiteBehavior [ RunTime:0.000023s ]
INFO: [ app_init ] --END-- [ RunTime:0.000375s ]

[ 2016-08-07T22:07:58+08:00 ] ::1 /730/shop/index.php/Admin/Goods/showlist/p/3.html
INFO: [ app_init ] --START--
INFO: Run Behavior\BuildLiteBehavior [ RunTime:0.000023s ]
INFO: [ app_init ] --END-- [ RunTime:0.000446s ]

[ 2016-08-07T22:08:01+08:00 ] ::1 /730/shop/index.php/Admin/Goods/showlist/p/7.html
INFO: [ app_init ] --START--
INFO: Run Behavior\BuildLiteBehavior [ RunTime:0.000023s ]
INFO: [ app_init ] --END-- [ RunTime:0.000379s ]

[ 2016-08-07T22:08:54+08:00 ] ::1 /730/shop/index.php/Admin/Index///index.html
INFO: [ app_init ] --START--
INFO: Run Behavior\BuildLiteBehavior [ RunTime:0.000037s ]
INFO: [ app_init ] --END-- [ RunTime:0.000581s ]

[ 2016-08-07T22:08:54+08:00 ] ::1 /730/shop/index.php/Admin/Index/head
INFO: [ app_init ] --START--
INFO: Run Behavior\BuildLiteBehavior [ RunTime:0.000034s ]
INFO: [ app_init ] --END-- [ RunTime:0.000401s ]

[ 2016-08-07T22:08:54+08:00 ] ::1 /730/shop/index.php/Admin/Index/left
INFO: [ app_init ] --START--
INFO: Run Behavior\BuildLiteBehavior [ RunTime:0.000038s ]
INFO: [ app_init ] --END-- [ RunTime:0.000573s ]

[ 2016-08-07T22:08:54+08:00 ] ::1 /730/shop/index.php/Admin/Index/right
INFO: [ app_init ] --START--
INFO: Run Behavior\BuildLiteBehavior [ RunTime:0.000039s ]
INFO: [ app_init ] --END-- [ RunTime:0.000554s ]

[ 2016-08-07T22:08:57+08:00 ] ::1 /730/shop/index.php/Admin/Index///index.html
INFO: [ app_init ] --START--
INFO: Run Behavior\BuildLiteBehavior [ RunTime:0.000023s ]
INFO: [ app_init ] --END-- [ RunTime:0.000331s ]

[ 2016-08-07T22:08:58+08:00 ] ::1 /730/shop/index.php/Admin/Index/right
INFO: [ app_init ] --START--
INFO: Run Behavior\BuildLiteBehavior [ RunTime:0.000024s ]
INFO: [ app_init ] --END-- [ RunTime:0.000329s ]

[ 2016-08-07T22:08:58+08:00 ] ::1 /730/shop/index.php/Admin/Index/head
INFO: [ app_init ] --START--
INFO: Run Behavior\BuildLiteBehavior [ RunTime:0.000039s ]
INFO: [ app_init ] --END-- [ RunTime:0.000524s ]

[ 2016-08-07T22:08:58+08:00 ] ::1 /730/shop/index.php/Admin/Index/left
INFO: [ app_init ] --START--
INFO: Run Behavior\BuildLiteBehavior [ RunTime:0.000038s ]
INFO: [ app_init ] --END-- [ RunTime:0.000565s ]

[ 2016-08-07T22:09:03+08:00 ] ::1 /730//shop/index.php/Admin/Index///index.html
INFO: [ app_init ] --START--
INFO: Run Behavior\BuildLiteBehavior [ RunTime:0.000025s ]
INFO: [ app_init ] --END-- [ RunTime:0.000397s ]

[ 2016-08-07T22:09:03+08:00 ] ::1 /730//shop/index.php/Admin/Index/right
INFO: [ app_init ] --START--
INFO: Run Behavior\BuildLiteBehavior [ RunTime:0.000042s ]
INFO: [ app_init ] --END-- [ RunTime:0.000623s ]

[ 2016-08-07T22:09:03+08:00 ] ::1 /730//shop/index.php/Admin/Index/left
INFO: [ app_init ] --START--
INFO: Run Behavior\BuildLiteBehavior [ RunTime:0.000028s ]
INFO: [ app_init ] --END-- [ RunTime:0.000414s ]

[ 2016-08-07T22:09:03+08:00 ] ::1 /730//shop/index.php/Admin/Index/head
INFO: [ app_init ] --START--
INFO: Run Behavior\BuildLiteBehavior [ RunTime:0.000041s ]
INFO: [ app_init ] --END-- [ RunTime:0.000979s ]

[ 2016-08-07T22:10:07+08:00 ] ::1 /730//shop/index.php/Admin/Goods/showlist
INFO: [ app_init ] --START--
INFO: Run Behavior\BuildLiteBehavior [ RunTime:0.000022s ]
INFO: [ app_init ] --END-- [ RunTime:0.000364s ]

[ 2016-08-07T22:10:09+08:00 ] ::1 /730//shop/index.php/Admin/Goods/add
INFO: [ app_init ] --START--
INFO: Run Behavior\BuildLiteBehavior [ RunTime:0.000022s ]
INFO: [ app_init ] --END-- [ RunTime:0.000330s ]

[ 2016-08-07T22:10:12+08:00 ] ::1 /730//shop/index.php/Admin/Goods/addGoods
INFO: [ app_init ] --START--
INFO: Run Behavior\BuildLiteBehavior [ RunTime:0.000021s ]
INFO: [ app_init ] --END-- [ RunTime:0.000320s ]

[ 2016-08-07T22:12:48+08:00 ] ::1 /730//shop/index.php/Admin/Goods/showlist
INFO: [ app_init ] --START--
INFO: Run Behavior\BuildLiteBehavior [ RunTime:0.000023s ]
INFO: [ app_init ] --END-- [ RunTime:0.000436s ]

[ 2016-08-07T22:12:49+08:00 ] ::1 /730//shop/index.php/Admin/Goods/add
INFO: [ app_init ] --START--
INFO: Run Behavior\BuildLiteBehavior [ RunTime:0.000022s ]
INFO: [ app_init ] --END-- [ RunTime:0.000345s ]

[ 2016-08-07T22:12:54+08:00 ] ::1 /730//shop/index.php/Admin/Goods/addGoods
INFO: [ app_init ] --START--
INFO: Run Behavior\BuildLiteBehavior [ RunTime:0.000021s ]
INFO: [ app_init ] --END-- [ RunTime:0.000316s ]

[ 2016-08-07T22:13:44+08:00 ] ::1 /730//shop/index.php/Admin/Goods/showlist
INFO: [ app_init ] --START--
INFO: Run Behavior\BuildLiteBehavior [ RunTime:0.000023s ]
INFO: [ app_init ] --END-- [ RunTime:0.000345s ]

[ 2016-08-07T22:13:45+08:00 ] ::1 /730//shop/index.php/Admin/Goods/add
INFO: [ app_init ] --START--
INFO: Run Behavior\BuildLiteBehavior [ RunTime:0.000043s ]
INFO: [ app_init ] --END-- [ RunTime:0.000611s ]

[ 2016-08-07T22:13:49+08:00 ] ::1 /730//shop/index.php/Admin/Goods/addGoods
INFO: [ app_init ] --START--
INFO: Run Behavior\BuildLiteBehavior [ RunTime:0.000023s ]
INFO: [ app_init ] --END-- [ RunTime:0.000324s ]

[ 2016-08-07T22:14:02+08:00 ] ::1 /730//shop/index.php/Admin/Goods/showlist
INFO: [ app_init ] --START--
INFO: Run Behavior\BuildLiteBehavior [ RunTime:0.000022s ]
INFO: [ app_init ] --END-- [ RunTime:0.000319s ]

[ 2016-08-07T22:14:03+08:00 ] ::1 /730//shop/index.php/Admin/Goods/add
INFO: [ app_init ] --START--
INFO: Run Behavior\BuildLiteBehavior [ RunTime:0.000025s ]
INFO: [ app_init ] --END-- [ RunTime:0.000390s ]

[ 2016-08-07T22:14:06+08:00 ] ::1 /730//shop/index.php/Admin/Goods/addGoods
INFO: [ app_init ] --START--
INFO: Run Behavior\BuildLiteBehavior [ RunTime:0.000022s ]
INFO: [ app_init ] --END-- [ RunTime:0.000316s ]

[ 2016-08-07T22:19:01+08:00 ] ::1 /730//shop/index.php/Admin/Goods/showlist
INFO: [ app_init ] --START--
INFO: Run Behavior\BuildLiteBehavior [ RunTime:0.000022s ]
INFO: [ app_init ] --END-- [ RunTime:0.000349s ]

[ 2016-08-07T22:19:02+08:00 ] ::1 /730//shop/index.php/Admin/Goods/add
INFO: [ app_init ] --START--
INFO: Run Behavior\BuildLiteBehavior [ RunTime:0.000029s ]
INFO: [ app_init ] --END-- [ RunTime:0.000507s ]

[ 2016-08-07T22:19:08+08:00 ] ::1 /730//shop/index.php/Admin/Goods/addGoods
INFO: [ app_init ] --START--
INFO: Run Behavior\BuildLiteBehavior [ RunTime:0.000022s ]
INFO: [ app_init ] --END-- [ RunTime:0.000341s ]

[ 2016-08-07T22:20:29+08:00 ] ::1 /730//shop/index.php/Admin/Goods/showlist
INFO: [ app_init ] --START--
INFO: Run Behavior\BuildLiteBehavior [ RunTime:0.000023s ]
INFO: [ app_init ] --END-- [ RunTime:0.000347s ]

[ 2016-08-07T22:20:30+08:00 ] ::1 /730//shop/index.php/Admin/Goods/add
INFO: [ app_init ] --START--
INFO: Run Behavior\BuildLiteBehavior [ RunTime:0.000023s ]
INFO: [ app_init ] --END-- [ RunTime:0.000369s ]

[ 2016-08-07T22:20:34+08:00 ] ::1 /730//shop/index.php/Admin/Goods/addGoods
INFO: [ app_init ] --START--
INFO: Run Behavior\BuildLiteBehavior [ RunTime:0.000022s ]
INFO: [ app_init ] --END-- [ RunTime:0.000319s ]

[ 2016-08-07T22:20:35+08:00 ] ::1 /730//shop/index.php/Admin/Goods/showlist
INFO: [ app_init ] --START--
INFO: Run Behavior\BuildLiteBehavior [ RunTime:0.000023s ]
INFO: [ app_init ] --END-- [ RunTime:0.000323s ]

[ 2016-08-07T22:20:37+08:00 ] ::1 /730//shop/index.php/Admin/Goods/showlist/p/2.html
INFO: [ app_init ] --START--
INFO: Run Behavior\BuildLiteBehavior [ RunTime:0.000024s ]
INFO: [ app_init ] --END-- [ RunTime:0.000385s ]

[ 2016-08-07T22:20:40+08:00 ] ::1 /730//shop/index.php/Admin/Goods/showlist/p/3.html
INFO: [ app_init ] --START--
INFO: Run Behavior\BuildLiteBehavior [ RunTime:0.000023s ]
INFO: [ app_init ] --END-- [ RunTime:0.000350s ]

[ 2016-08-07T22:20:43+08:00 ] ::1 /730//shop/index.php/Admin/Goods/showlist/p/8.html
INFO: [ app_init ] --START--
INFO: Run Behavior\BuildLiteBehavior [ RunTime:0.000023s ]
INFO: [ app_init ] --END-- [ RunTime:0.000372s ]

[ 2016-08-07T22:21:36+08:00 ] ::1 /730//shop/index.php/Admin/Goods/delete/id/60
INFO: [ app_init ] --START--
INFO: Run Behavior\BuildLiteBehavior [ RunTime:0.000043s ]
INFO: [ app_init ] --END-- [ RunTime:0.000803s ]

[ 2016-08-07T22:21:37+08:00 ] ::1 /730//shop/index.php/Admin/Goods/showlist/p/8.html
INFO: [ app_init ] --START--
INFO: Run Behavior\BuildLiteBehavior [ RunTime:0.000033s ]
INFO: [ app_init ] --END-- [ RunTime:0.000368s ]

[ 2016-08-07T22:21:40+08:00 ] ::1 /730//shop/index.php/Admin/Goods/showlist/p/6.html
INFO: [ app_init ] --START--
INFO: Run Behavior\BuildLiteBehavior [ RunTime:0.000024s ]
INFO: [ app_init ] --END-- [ RunTime:0.000352s ]

[ 2016-08-07T22:21:41+08:00 ] ::1 /730//shop/index.php/Admin/Goods/add
INFO: [ app_init ] --START--
INFO: Run Behavior\BuildLiteBehavior [ RunTime:0.000033s ]
INFO: [ app_init ] --END-- [ RunTime:0.000361s ]

[ 2016-08-07T22:21:45+08:00 ] ::1 /730//shop/index.php/Admin/Goods/addGoods
INFO: [ app_init ] --START--
INFO: Run Behavior\BuildLiteBehavior [ RunTime:0.000024s ]
INFO: [ app_init ] --END-- [ RunTime:0.000347s ]

[ 2016-08-07T22:21:47+08:00 ] ::1 /730//shop/index.php/Admin/Goods/showlist
INFO: [ app_init ] --START--
INFO: Run Behavior\BuildLiteBehavior [ RunTime:0.000033s ]
INFO: [ app_init ] --END-- [ RunTime:0.000768s ]

[ 2016-08-07T22:21:49+08:00 ] ::1 /730//shop/index.php/Admin/Goods/showlist/p/8.html
INFO: [ app_init ] --START--
INFO: Run Behavior\BuildLiteBehavior [ RunTime:0.000026s ]
INFO: [ app_init ] --END-- [ RunTime:0.000349s ]

[ 2016-08-07T22:22:18+08:00 ] ::1 /730//shop/index.php/Admin/Goods/showlist
INFO: [ app_init ] --START--
INFO: Run Behavior\BuildLiteBehavior [ RunTime:0.000033s ]
INFO: [ app_init ] --END-- [ RunTime:0.000379s ]

[ 2016-08-07T22:22:20+08:00 ] ::1 /730//shop/index.php/Admin/Goods/showlist/p/7.html
INFO: [ app_init ] --START--
INFO: Run Behavior\BuildLiteBehavior [ RunTime:0.000026s ]
INFO: [ app_init ] --END-- [ RunTime:0.000365s ]

[ 2016-08-07T22:22:22+08:00 ] ::1 /730//shop/index.php/Admin/Goods/showlist/p/8.html
INFO: [ app_init ] --START--
INFO: Run Behavior\BuildLiteBehavior [ RunTime:0.000039s ]
INFO: [ app_init ] --END-- [ RunTime:0.000565s ]

[ 2016-08-07T22:24:29+08:00 ] ::1 /730//shop/index.php/Admin/Goods/add
INFO: [ app_init ] --START--
INFO: Run Behavior\BuildLiteBehavior [ RunTime:0.000023s ]
INFO: [ app_init ] --END-- [ RunTime:0.000381s ]

[ 2016-08-07T22:24:34+08:00 ] ::1 /730//shop/index.php/Admin/Goods/addGoods
INFO: [ app_init ] --START--
INFO: Run Behavior\BuildLiteBehavior [ RunTime:0.000035s ]
INFO: [ app_init ] --END-- [ RunTime:0.000515s ]

[ 2016-08-07T22:24:35+08:00 ] ::1 /730//shop/index.php/Admin/Goods/showlist
INFO: [ app_init ] --START--
INFO: Run Behavior\BuildLiteBehavior [ RunTime:0.000023s ]
INFO: [ app_init ] --END-- [ RunTime:0.000482s ]

[ 2016-08-07T22:24:39+08:00 ] ::1 /730//shop/index.php/Admin/Goods/add
INFO: [ app_init ] --START--
INFO: Run Behavior\BuildLiteBehavior [ RunTime:0.000024s ]
INFO: [ app_init ] --END-- [ RunTime:0.000360s ]

[ 2016-08-07T22:24:43+08:00 ] ::1 /730//shop/index.php/Admin/Goods/addGoods
INFO: [ app_init ] --START--
INFO: Run Behavior\BuildLiteBehavior [ RunTime:0.000028s ]
INFO: [ app_init ] --END-- [ RunTime:0.000534s ]

[ 2016-08-07T22:24:58+08:00 ] ::1 /730//shop/index.php/Admin/Index///index.html
INFO: [ app_init ] --START--
INFO: Run Behavior\BuildLiteBehavior [ RunTime:0.000024s ]
INFO: [ app_init ] --END-- [ RunTime:0.000328s ]

[ 2016-08-07T22:24:58+08:00 ] ::1 /730//shop/index.php/Admin/Index/head
INFO: [ app_init ] --START--
INFO: Run Behavior\BuildLiteBehavior [ RunTime:0.000041s ]
INFO: [ app_init ] --END-- [ RunTime:0.000528s ]

[ 2016-08-07T22:24:58+08:00 ] ::1 /730//shop/index.php/Admin/Index/right
INFO: [ app_init ] --START--
INFO: Run Behavior\BuildLiteBehavior [ RunTime:0.000040s ]
INFO: [ app_init ] --END-- [ RunTime:0.000556s ]

[ 2016-08-07T22:24:58+08:00 ] ::1 /730//shop/index.php/Admin/Index/left
INFO: [ app_init ] --START--
INFO: Run Behavior\BuildLiteBehavior [ RunTime:0.000024s ]
INFO: [ app_init ] --END-- [ RunTime:0.000371s ]

[ 2016-08-07T22:25:00+08:00 ] ::1 /730//shop/index.php/Admin/Goods/showlist
INFO: [ app_init ] --START--
INFO: Run Behavior\BuildLiteBehavior [ RunTime:0.000043s ]
INFO: [ app_init ] --END-- [ RunTime:0.000514s ]

[ 2016-08-07T22:25:01+08:00 ] ::1 /730//shop/index.php/Admin/Goods/add
INFO: [ app_init ] --START--
INFO: Run Behavior\BuildLiteBehavior [ RunTime:0.000034s ]
INFO: [ app_init ] --END-- [ RunTime:0.000386s ]

[ 2016-08-07T22:25:04+08:00 ] ::1 /730//shop/index.php/Admin/Goods/addGoods
INFO: [ app_init ] --START--
INFO: Run Behavior\BuildLiteBehavior [ RunTime:0.000024s ]
INFO: [ app_init ] --END-- [ RunTime:0.000372s ]

[ 2016-08-07T22:25:55+08:00 ] ::1 /730//shop/index.php/Admin/Goods/showlist
INFO: [ app_init ] --START--
INFO: Run Behavior\BuildLiteBehavior [ RunTime:0.000047s ]
INFO: [ app_init ] --END-- [ RunTime:0.000685s ]

[ 2016-08-07T22:25:56+08:00 ] ::1 /730//shop/index.php/Admin/Goods/add
INFO: [ app_init ] --START--
INFO: Run Behavior\BuildLiteBehavior [ RunTime:0.000024s ]
INFO: [ app_init ] --END-- [ RunTime:0.000366s ]

[ 2016-08-07T22:26:14+08:00 ] ::1 /730//shop/index.php/Admin/Goods/addGoods
INFO: [ app_init ] --START--
INFO: Run Behavior\BuildLiteBehavior [ RunTime:0.000023s ]
INFO: [ app_init ] --END-- [ RunTime:0.000344s ]

[ 2016-08-07T22:26:15+08:00 ] ::1 /730//shop/index.php/Admin/Goods/showlist
INFO: [ app_init ] --START--
INFO: Run Behavior\BuildLiteBehavior [ RunTime:0.000023s ]
INFO: [ app_init ] --END-- [ RunTime:0.000324s ]

[ 2016-08-07T22:26:17+08:00 ] ::1 /730//shop/index.php/Admin/Goods/showlist/p/8.html
INFO: [ app_init ] --START--
INFO: Run Behavior\BuildLiteBehavior [ RunTime:0.000024s ]
INFO: [ app_init ] --END-- [ RunTime:0.000374s ]

[ 2016-08-07T22:47:52+08:00 ] ::1 /730//shop/index.php/Admin/Goods/showlist
INFO: [ app_init ] --START--
INFO: Run Behavior\BuildLiteBehavior [ RunTime:0.000027s ]
INFO: [ app_init ] --END-- [ RunTime:0.000423s ]

[ 2016-08-07T22:47:54+08:00 ] ::1 /730//shop/index.php/Admin/Goods/add
INFO: [ app_init ] --START--
INFO: Run Behavior\BuildLiteBehavior [ RunTime:0.000025s ]
INFO: [ app_init ] --END-- [ RunTime:0.000372s ]

[ 2016-08-07T22:48:00+08:00 ] ::1 /730//shop/index.php/Admin/Goods/addGoods
INFO: [ app_init ] --START--
INFO: Run Behavior\BuildLiteBehavior [ RunTime:0.000024s ]
INFO: [ app_init ] --END-- [ RunTime:0.000373s ]

[ 2016-08-07T22:48:01+08:00 ] ::1 /730//shop/index.php/Admin/Goods/showlist
INFO: [ app_init ] --START--
INFO: Run Behavior\BuildLiteBehavior [ RunTime:0.000024s ]
INFO: [ app_init ] --END-- [ RunTime:0.000323s ]

[ 2016-08-07T22:48:03+08:00 ] ::1 /730//shop/index.php/Admin/Goods/showlist/p/8.html
INFO: [ app_init ] --START--
INFO: Run Behavior\BuildLiteBehavior [ RunTime:0.000023s ]
INFO: [ app_init ] --END-- [ RunTime:0.000381s ]

[ 2016-08-07T22:49:37+08:00 ] ::1 /730//shop/index.php/Admin/Goods/showlist
INFO: [ app_init ] --START--
INFO: Run Behavior\BuildLiteBehavior [ RunTime:0.000024s ]
INFO: [ app_init ] --END-- [ RunTime:0.000360s ]

[ 2016-08-07T22:49:38+08:00 ] ::1 /730//shop/index.php/Admin/Goods/add
INFO: [ app_init ] --START--
INFO: Run Behavior\BuildLiteBehavior [ RunTime:0.000025s ]
INFO: [ app_init ] --END-- [ RunTime:0.000370s ]

[ 2016-08-07T22:49:39+08:00 ] ::1 /730//shop/index.php/Admin/Goods/showlist
INFO: [ app_init ] --START--
INFO: Run Behavior\BuildLiteBehavior [ RunTime:0.000029s ]
INFO: [ app_init ] --END-- [ RunTime:0.000363s ]

[ 2016-08-07T22:49:41+08:00 ] ::1 /730//shop/index.php/Admin/Goods/showlist/p/8.html
INFO: [ app_init ] --START--
INFO: Run Behavior\BuildLiteBehavior [ RunTime:0.000036s ]
INFO: [ app_init ] --END-- [ RunTime:0.000536s ]

[ 2016-08-07T22:49:50+08:00 ] ::1 /730//shop/index.php/Admin/Index///index.html
INFO: [ app_init ] --START--
INFO: Run Behavior\BuildLiteBehavior [ RunTime:0.000025s ]
INFO: [ app_init ] --END-- [ RunTime:0.000392s ]

[ 2016-08-07T22:49:50+08:00 ] ::1 /730//shop/index.php/Admin/Index/head
INFO: [ app_init ] --START--
INFO: Run Behavior\BuildLiteBehavior [ RunTime:0.000041s ]
INFO: [ app_init ] --END-- [ RunTime:0.000536s ]

[ 2016-08-07T22:49:50+08:00 ] ::1 /730//shop/index.php/Admin/Index/right
INFO: [ app_init ] --START--
INFO: Run Behavior\BuildLiteBehavior [ RunTime:0.000042s ]
INFO: [ app_init ] --END-- [ RunTime:0.000595s ]

[ 2016-08-07T22:49:50+08:00 ] ::1 /730//shop/index.php/Admin/Index/left
INFO: [ app_init ] --START--
INFO: Run Behavior\BuildLiteBehavior [ RunTime:0.000044s ]
INFO: [ app_init ] --END-- [ RunTime:0.000879s ]

[ 2016-08-07T22:49:53+08:00 ] ::1 /730//shop/index.php/Admin/Goods/showlist
INFO: [ app_init ] --START--
INFO: Run Behavior\BuildLiteBehavior [ RunTime:0.000023s ]
INFO: [ app_init ] --END-- [ RunTime:0.000352s ]

[ 2016-08-07T22:49:54+08:00 ] ::1 /730//shop/index.php/Admin/Goods/add
INFO: [ app_init ] --START--
INFO: Run Behavior\BuildLiteBehavior [ RunTime:0.000024s ]
INFO: [ app_init ] --END-- [ RunTime:0.000352s ]

[ 2016-08-07T22:49:56+08:00 ] ::1 /730//shop/index.php/Admin/Goods/showlist
INFO: [ app_init ] --START--
INFO: Run Behavior\BuildLiteBehavior [ RunTime:0.000023s ]
INFO: [ app_init ] --END-- [ RunTime:0.000355s ]

[ 2016-08-07T22:49:57+08:00 ] ::1 /730//shop/index.php/Admin/Goods/showlist/p/8.html
INFO: [ app_init ] --START--
INFO: Run Behavior\BuildLiteBehavior [ RunTime:0.000023s ]
INFO: [ app_init ] --END-- [ RunTime:0.000352s ]

[ 2016-08-07T22:51:41+08:00 ] ::1 /730//shop/index.php/Admin/Goods/showlist
INFO: [ app_init ] --START--
INFO: Run Behavior\BuildLiteBehavior [ RunTime:0.000023s ]
INFO: [ app_init ] --END-- [ RunTime:0.000351s ]

[ 2016-08-07T22:51:42+08:00 ] ::1 /730//shop/index.php/Admin/Goods/add
INFO: [ app_init ] --START--
INFO: Run Behavior\BuildLiteBehavior [ RunTime:0.000027s ]
INFO: [ app_init ] --END-- [ RunTime:0.000449s ]

[ 2016-08-07T22:51:43+08:00 ] ::1 /730//shop/index.php/Admin/Goods/showlist
INFO: [ app_init ] --START--
INFO: Run Behavior\BuildLiteBehavior [ RunTime:0.000038s ]
INFO: [ app_init ] --END-- [ RunTime:0.000376s ]

[ 2016-08-07T22:51:45+08:00 ] ::1 /730//shop/index.php/Admin/Goods/showlist/p/8.html
INFO: [ app_init ] --START--
INFO: Run Behavior\BuildLiteBehavior [ RunTime:0.000022s ]
INFO: [ app_init ] --END-- [ RunTime:0.000326s ]

[ 2016-08-07T22:52:14+08:00 ] ::1 /730//shop/index.php/Admin/Goods/showlist
INFO: [ app_init ] --START--
INFO: Run Behavior\BuildLiteBehavior [ RunTime:0.000057s ]
INFO: [ app_init ] --END-- [ RunTime:0.000681s ]

[ 2016-08-07T22:52:18+08:00 ] ::1 /730//shop/index.php/Admin/Goods/showlist/p/8.html
INFO: [ app_init ] --START--
INFO: Run Behavior\BuildLiteBehavior [ RunTime:0.000023s ]
INFO: [ app_init ] --END-- [ RunTime:0.000353s ]

