[ 2016-08-03T16:11:28+08:00 ] ::1 /730/shop/index.php/Admin/
INFO: [ app_init ] --START--
INFO: Run Behavior\BuildLiteBehavior [ RunTime:0.000025s ]
INFO: [ app_init ] --END-- [ RunTime:0.000614s ]

[ 2016-08-03T16:11:28+08:00 ] ::1 /730/shop/index.php/Admin/Index/right
INFO: [ app_init ] --START--
INFO: Run Behavior\BuildLiteBehavior [ RunTime:0.000042s ]
INFO: [ app_init ] --END-- [ RunTime:0.000702s ]

[ 2016-08-03T16:11:28+08:00 ] ::1 /730/shop/index.php/Admin/Index/left
INFO: [ app_init ] --START--
INFO: Run Behavior\BuildLiteBehavior [ RunTime:0.000045s ]
INFO: [ app_init ] --END-- [ RunTime:0.000740s ]

[ 2016-08-03T16:11:28+08:00 ] ::1 /730/shop/index.php/Admin/Index/head
INFO: [ app_init ] --START--
INFO: Run Behavior\BuildLiteBehavior [ RunTime:0.000024s ]
INFO: [ app_init ] --END-- [ RunTime:0.000427s ]

[ 2016-08-03T16:11:31+08:00 ] ::1 /730/shop/index.php/Admin/Goods/showlist
INFO: [ app_init ] --START--
INFO: Run Behavior\BuildLiteBehavior [ RunTime:0.000033s ]
INFO: [ app_init ] --END-- [ RunTime:0.000585s ]

[ 2016-08-03T16:11:31+08:00 ] ::1 /730/shop/index.php/Admin/Goods/4_G_1241422402722.jpg
INFO: [ app_init ] --START--
INFO: Run Behavior\BuildLiteBehavior [ RunTime:0.000039s ]
INFO: [ app_init ] --END-- [ RunTime:0.000818s ]

[ 2016-08-03T16:11:31+08:00 ] ::1 /730/shop/index.php/Admin/Goods/images/200905/goods_img/9_G_1241511871574.jpg
INFO: [ app_init ] --START--
INFO: Run Behavior\BuildLiteBehavior [ RunTime:0.000057s ]
INFO: [ app_init ] --END-- [ RunTime:0.000818s ]

[ 2016-08-03T16:11:31+08:00 ] ::1 /730/shop/index.php/Admin/Goods/200905/goods_img/7_G_1241422785856.jpg
INFO: [ app_init ] --START--
INFO: Run Behavior\BuildLiteBehavior [ RunTime:0.000041s ]
INFO: [ app_init ] --END-- [ RunTime:0.000703s ]

[ 2016-08-03T16:11:31+08:00 ] ::1 /730/shop/index.php/Admin/Goods/200905/goods_img/8_G_1241425513055.jpg
INFO: [ app_init ] --START--
INFO: Run Behavior\BuildLiteBehavior [ RunTime:0.000043s ]
INFO: [ app_init ] --END-- [ RunTime:0.001110s ]

[ 2016-08-03T16:11:31+08:00 ] ::1 /730/shop/index.php/Admin/Goods/32_G_1242110760868.jpg
INFO: [ app_init ] --START--
INFO: Run Behavior\BuildLiteBehavior [ RunTime:0.000042s ]
INFO: [ app_init ] --END-- [ RunTime:0.001102s ]

[ 2016-08-03T16:11:31+08:00 ] ::1 /730/shop/index.php/Admin/Goods/images/200905/goods_img/13_G_1241968002233.jpg
INFO: [ app_init ] --START--
INFO: Run Behavior\BuildLiteBehavior [ RunTime:0.000042s ]
INFO: [ app_init ] --END-- [ RunTime:0.004593s ]

[ 2016-08-03T16:11:31+08:00 ] ::1 /730/shop/index.php/Admin/Goods/images/200905/goods_img/10_G_1242973436141.jpg
INFO: [ app_init ] --START--
INFO: Run Behavior\BuildLiteBehavior [ RunTime:0.000042s ]
INFO: [ app_init ] --END-- [ RunTime:0.000727s ]

[ 2016-08-03T16:11:31+08:00 ] ::1 /730/shop/index.php/Admin/Goods/images/200905/goods_img/12_G_1241965978209.jpg
INFO: [ app_init ] --START--
INFO: Run Behavior\BuildLiteBehavior [ RunTime:0.000044s ]
INFO: [ app_init ] --END-- [ RunTime:0.004699s ]

[ 2016-08-03T16:11:31+08:00 ] ::1 /730/shop/index.php/Admin/Goods/images/200905/goods_img/16_G_1241968949002.jpg
INFO: [ app_init ] --START--
INFO: Run Behavior\BuildLiteBehavior [ RunTime:0.000041s ]
INFO: [ app_init ] --END-- [ RunTime:0.000647s ]

[ 2016-08-03T16:11:31+08:00 ] ::1 /730/shop/index.php/Admin/Goods/images/200905/goods_img/17_G_1241969394677.jpg
INFO: [ app_init ] --START--
INFO: Run Behavior\BuildLiteBehavior [ RunTime:0.000041s ]
INFO: [ app_init ] --END-- [ RunTime:0.000642s ]

[ 2016-08-03T16:11:31+08:00 ] ::1 /730/shop/index.php/Admin/Goods/images/200905/goods_img/19_G_1241970175091.jpg
INFO: [ app_init ] --START--
INFO: Run Behavior\BuildLiteBehavior [ RunTime:0.000043s ]
INFO: [ app_init ] --END-- [ RunTime:0.000723s ]

[ 2016-08-03T16:11:31+08:00 ] ::1 /730/shop/index.php/Admin/Goods/images/200905/goods_img/15_G_1242973362318.jpg
INFO: [ app_init ] --START--
INFO: Run Behavior\BuildLiteBehavior [ RunTime:0.000042s ]
INFO: [ app_init ] --END-- [ RunTime:0.002165s ]

[ 2016-08-03T16:11:31+08:00 ] ::1 /730/shop/index.php/Admin/Goods/images/200905/goods_img/21_G_1242109298873.jpg
INFO: [ app_init ] --START--
INFO: Run Behavior\BuildLiteBehavior [ RunTime:0.000047s ]
INFO: [ app_init ] --END-- [ RunTime:0.002553s ]

[ 2016-08-03T16:11:31+08:00 ] ::1 /730/shop/index.php/Admin/Goods/images/200905/goods_img/20_G_1242106490663.jpg
INFO: [ app_init ] --START--
INFO: Run Behavior\BuildLiteBehavior [ RunTime:0.000082s ]
INFO: [ app_init ] --END-- [ RunTime:0.000824s ]

[ 2016-08-03T16:11:31+08:00 ] ::1 /730/shop/index.php/Admin/Goods/images/200905/goods_img/23_G_1241971556855.jpg
INFO: [ app_init ] --START--
INFO: Run Behavior\BuildLiteBehavior [ RunTime:0.000115s ]
INFO: [ app_init ] --END-- [ RunTime:0.001200s ]

[ 2016-08-03T16:11:31+08:00 ] ::1 /730/shop/index.php/Admin/Goods/images/200905/goods_img/24_G_1241971981284.jpg
INFO: [ app_init ] --START--
INFO: Run Behavior\BuildLiteBehavior [ RunTime:0.000039s ]
INFO: [ app_init ] --END-- [ RunTime:0.000621s ]

[ 2016-08-03T16:11:31+08:00 ] ::1 /730/shop/index.php/Admin/Goods/images/200905/goods_img/25_G_1241972709544.jpg
INFO: [ app_init ] --START--
INFO: Run Behavior\BuildLiteBehavior [ RunTime:0.000045s ]
INFO: [ app_init ] --END-- [ RunTime:0.000771s ]

[ 2016-08-03T16:11:31+08:00 ] ::1 /730/shop/index.php/Admin/Goods/images/200905/goods_img/26_G_1241972789293.jpg
INFO: [ app_init ] --START--
INFO: Run Behavior\BuildLiteBehavior [ RunTime:0.000039s ]
INFO: [ app_init ] --END-- [ RunTime:0.000648s ]

[ 2016-08-03T16:11:31+08:00 ] ::1 /730/shop/index.php/Admin/Goods/images/200905/goods_img/27_G_1241972894061.jpg
INFO: [ app_init ] --START--
INFO: Run Behavior\BuildLiteBehavior [ RunTime:0.000040s ]
INFO: [ app_init ] --END-- [ RunTime:0.000657s ]

[ 2016-08-03T16:11:31+08:00 ] ::1 /730/shop/index.php/Admin/Goods/images/200905/goods_img/29_G_1241973022206.jpg
INFO: [ app_init ] --START--
INFO: Run Behavior\BuildLiteBehavior [ RunTime:0.000040s ]
INFO: [ app_init ] --END-- [ RunTime:0.000655s ]

[ 2016-08-03T16:11:31+08:00 ] ::1 /730/shop/index.php/Admin/Goods/images/200905/goods_img/30_G_1241973114234.jpg
INFO: [ app_init ] --START--
INFO: Run Behavior\BuildLiteBehavior [ RunTime:0.000039s ]
INFO: [ app_init ] --END-- [ RunTime:0.000668s ]

[ 2016-08-03T16:11:31+08:00 ] ::1 /730/shop/index.php/Admin/Goods/images/200905/goods_img/31_G_1242110412332.jpg
INFO: [ app_init ] --START--
INFO: Run Behavior\BuildLiteBehavior [ RunTime:0.000042s ]
INFO: [ app_init ] --END-- [ RunTime:0.000676s ]

[ 2016-08-03T16:11:31+08:00 ] ::1 /730/shop/index.php/Admin/Goods/images/200905/goods_img/14_G_1241968492932.jpg
INFO: [ app_init ] --START--
INFO: Run Behavior\BuildLiteBehavior [ RunTime:0.000040s ]
INFO: [ app_init ] --END-- [ RunTime:0.000688s ]

[ 2016-08-03T16:11:31+08:00 ] ::1 /730/shop/index.php/Admin/Goods/images/200905/goods_img/28_G_1241972976313.jpg
INFO: [ app_init ] --START--
INFO: Run Behavior\BuildLiteBehavior [ RunTime:0.000040s ]
INFO: [ app_init ] --END-- [ RunTime:0.000667s ]

[ 2016-08-03T16:11:32+08:00 ] ::1 /730/shop/index.php/Admin/Goods/images/200905/goods_img/22_G_1241971076358.jpg
INFO: [ app_init ] --START--
INFO: Run Behavior\BuildLiteBehavior [ RunTime:0.000024s ]
INFO: [ app_init ] --END-- [ RunTime:0.000423s ]

[ 2016-08-03T16:12:23+08:00 ] ::1 /730/shop/index.php/Admin/Index/left
INFO: [ app_init ] --START--
INFO: Run Behavior\BuildLiteBehavior [ RunTime:0.000057s ]
INFO: [ app_init ] --END-- [ RunTime:0.000843s ]

[ 2016-08-03T16:13:17+08:00 ] ::1 /730/shop/index.php/Admin/Goods/upGrade/id/2
INFO: [ app_init ] --START--
INFO: Run Behavior\BuildLiteBehavior [ RunTime:0.000024s ]
INFO: [ app_init ] --END-- [ RunTime:0.000481s ]

[ 2016-08-03T16:13:43+08:00 ] ::1 /730/shop/index.php/Admin/Goods/showlist
INFO: [ app_init ] --START--
INFO: Run Behavior\BuildLiteBehavior [ RunTime:0.000025s ]
INFO: [ app_init ] --END-- [ RunTime:0.000483s ]

[ 2016-08-03T16:13:43+08:00 ] ::1 /730/shop/index.php/Admin/Goods/32_G_1242110760868.jpg
INFO: [ app_init ] --START--
INFO: Run Behavior\BuildLiteBehavior [ RunTime:0.000042s ]
INFO: [ app_init ] --END-- [ RunTime:0.000691s ]

[ 2016-08-03T16:13:43+08:00 ] ::1 /730/shop/index.php/Admin/Goods/4_G_1241422402722.jpg
INFO: [ app_init ] --START--
INFO: Run Behavior\BuildLiteBehavior [ RunTime:0.000142s ]
INFO: [ app_init ] --END-- [ RunTime:0.002403s ]

[ 2016-08-03T16:13:43+08:00 ] ::1 /730/shop/index.php/Admin/Goods/200905/goods_img/7_G_1241422785856.jpg
INFO: [ app_init ] --START--
INFO: Run Behavior\BuildLiteBehavior [ RunTime:0.000063s ]
INFO: [ app_init ] --END-- [ RunTime:0.000897s ]

[ 2016-08-03T16:13:43+08:00 ] ::1 /730/shop/index.php/Admin/Goods/images/200905/goods_img/12_G_1241965978209.jpg
INFO: [ app_init ] --START--
INFO: Run Behavior\BuildLiteBehavior [ RunTime:0.000041s ]
INFO: [ app_init ] --END-- [ RunTime:0.000659s ]

[ 2016-08-03T16:13:43+08:00 ] ::1 /730/shop/index.php/Admin/Goods/images/200905/goods_img/13_G_1241968002233.jpg
INFO: [ app_init ] --START--
INFO: Run Behavior\BuildLiteBehavior [ RunTime:0.000041s ]
INFO: [ app_init ] --END-- [ RunTime:0.000665s ]

[ 2016-08-03T16:13:43+08:00 ] ::1 /730/shop/index.php/Admin/Goods/images/200905/goods_img/14_G_1241968492932.jpg
INFO: [ app_init ] --START--
INFO: Run Behavior\BuildLiteBehavior [ RunTime:0.000037s ]
INFO: [ app_init ] --END-- [ RunTime:0.000637s ]

[ 2016-08-03T16:13:43+08:00 ] ::1 /730/shop/index.php/Admin/Goods/images/200905/goods_img/10_G_1242973436141.jpg
INFO: [ app_init ] --START--
INFO: Run Behavior\BuildLiteBehavior [ RunTime:0.000051s ]
INFO: [ app_init ] --END-- [ RunTime:0.001500s ]

[ 2016-08-03T16:13:43+08:00 ] ::1 /730/shop/index.php/Admin/Goods/images/200905/goods_img/16_G_1241968949002.jpg
INFO: [ app_init ] --START--
INFO: Run Behavior\BuildLiteBehavior [ RunTime:0.000043s ]
INFO: [ app_init ] --END-- [ RunTime:0.000740s ]

[ 2016-08-03T16:13:43+08:00 ] ::1 /730/shop/index.php/Admin/Goods/images/200905/goods_img/17_G_1241969394677.jpg
INFO: [ app_init ] --START--
INFO: Run Behavior\BuildLiteBehavior [ RunTime:0.000041s ]
INFO: [ app_init ] --END-- [ RunTime:0.000676s ]

[ 2016-08-03T16:13:43+08:00 ] ::1 /730/shop/index.php/Admin/Goods/images/200905/goods_img/19_G_1241970175091.jpg
INFO: [ app_init ] --START--
INFO: Run Behavior\BuildLiteBehavior [ RunTime:0.000042s ]
INFO: [ app_init ] --END-- [ RunTime:0.000639s ]

[ 2016-08-03T16:13:43+08:00 ] ::1 /730/shop/index.php/Admin/Goods/images/200905/goods_img/21_G_1242109298873.jpg
INFO: [ app_init ] --START--
INFO: Run Behavior\BuildLiteBehavior [ RunTime:0.000040s ]
INFO: [ app_init ] --END-- [ RunTime:0.000986s ]

[ 2016-08-03T16:13:43+08:00 ] ::1 /730/shop/index.php/Admin/Goods/images/200905/goods_img/20_G_1242106490663.jpg
INFO: [ app_init ] --START--
INFO: Run Behavior\BuildLiteBehavior [ RunTime:0.000045s ]
INFO: [ app_init ] --END-- [ RunTime:0.000858s ]

[ 2016-08-03T16:13:43+08:00 ] ::1 /730/shop/index.php/Admin/Goods/images/200905/goods_img/22_G_1241971076358.jpg
INFO: [ app_init ] --START--
INFO: Run Behavior\BuildLiteBehavior [ RunTime:0.000041s ]
INFO: [ app_init ] --END-- [ RunTime:0.000648s ]

[ 2016-08-03T16:13:43+08:00 ] ::1 /730/shop/index.php/Admin/Goods/200905/goods_img/8_G_1241425513055.jpg
INFO: [ app_init ] --START--
INFO: Run Behavior\BuildLiteBehavior [ RunTime:0.000079s ]
INFO: [ app_init ] --END-- [ RunTime:0.001257s ]

[ 2016-08-03T16:13:43+08:00 ] ::1 /730/shop/index.php/Admin/Goods/images/200905/goods_img/23_G_1241971556855.jpg
INFO: [ app_init ] --START--
INFO: Run Behavior\BuildLiteBehavior [ RunTime:0.000042s ]
INFO: [ app_init ] --END-- [ RunTime:0.000646s ]

[ 2016-08-03T16:13:43+08:00 ] ::1 /730/shop/index.php/Admin/Goods/images/200905/goods_img/24_G_1241971981284.jpg
INFO: [ app_init ] --START--
INFO: Run Behavior\BuildLiteBehavior [ RunTime:0.000041s ]
INFO: [ app_init ] --END-- [ RunTime:0.000639s ]

[ 2016-08-03T16:13:43+08:00 ] ::1 /730/shop/index.php/Admin/Goods/images/200905/goods_img/9_G_1241511871574.jpg
INFO: [ app_init ] --START--
INFO: Run Behavior\BuildLiteBehavior [ RunTime:0.000047s ]
INFO: [ app_init ] --END-- [ RunTime:0.001254s ]

[ 2016-08-03T16:13:43+08:00 ] ::1 /730/shop/index.php/Admin/Goods/images/200905/goods_img/25_G_1241972709544.jpg
INFO: [ app_init ] --START--
INFO: Run Behavior\BuildLiteBehavior [ RunTime:0.000097s ]
INFO: [ app_init ] --END-- [ RunTime:0.001209s ]

[ 2016-08-03T16:13:43+08:00 ] ::1 /730/shop/index.php/Admin/Goods/images/200905/goods_img/26_G_1241972789293.jpg
INFO: [ app_init ] --START--
INFO: Run Behavior\BuildLiteBehavior [ RunTime:0.000041s ]
INFO: [ app_init ] --END-- [ RunTime:0.000758s ]

[ 2016-08-03T16:13:43+08:00 ] ::1 /730/shop/index.php/Admin/Goods/images/200905/goods_img/28_G_1241972976313.jpg
INFO: [ app_init ] --START--
INFO: Run Behavior\BuildLiteBehavior [ RunTime:0.000042s ]
INFO: [ app_init ] --END-- [ RunTime:0.000662s ]

[ 2016-08-03T16:13:43+08:00 ] ::1 /730/shop/index.php/Admin/Goods/images/200905/goods_img/27_G_1241972894061.jpg
INFO: [ app_init ] --START--
INFO: Run Behavior\BuildLiteBehavior [ RunTime:0.000042s ]
INFO: [ app_init ] --END-- [ RunTime:0.000617s ]

[ 2016-08-03T16:13:43+08:00 ] ::1 /730/shop/index.php/Admin/Goods/images/200905/goods_img/30_G_1241973114234.jpg
INFO: [ app_init ] --START--
INFO: Run Behavior\BuildLiteBehavior [ RunTime:0.000039s ]
INFO: [ app_init ] --END-- [ RunTime:0.000628s ]

[ 2016-08-03T16:13:43+08:00 ] ::1 /730/shop/index.php/Admin/Goods/images/200905/goods_img/29_G_1241973022206.jpg
INFO: [ app_init ] --START--
INFO: Run Behavior\BuildLiteBehavior [ RunTime:0.000039s ]
INFO: [ app_init ] --END-- [ RunTime:0.000823s ]

[ 2016-08-03T16:13:43+08:00 ] ::1 /730/shop/index.php/Admin/Goods/images/200905/goods_img/31_G_1242110412332.jpg
INFO: [ app_init ] --START--
INFO: Run Behavior\BuildLiteBehavior [ RunTime:0.000041s ]
INFO: [ app_init ] --END-- [ RunTime:0.000692s ]

[ 2016-08-03T16:13:43+08:00 ] ::1 /730/shop/index.php/Admin/Goods/images/200905/goods_img/15_G_1242973362318.jpg
INFO: [ app_init ] --START--
INFO: Run Behavior\BuildLiteBehavior [ RunTime:0.000083s ]
INFO: [ app_init ] --END-- [ RunTime:0.001791s ]

[ 2016-08-03T16:15:33+08:00 ] ::1 /730/shop/index.php/Admin/Goods/upGrade/id/2
INFO: [ app_init ] --START--
INFO: Run Behavior\BuildLiteBehavior [ RunTime:0.000043s ]
INFO: [ app_init ] --END-- [ RunTime:0.001090s ]

[ 2016-08-03T16:15:43+08:00 ] ::1 /730/shop/index.php/Admin/Goods/upGrade/id/8
INFO: [ app_init ] --START--
INFO: Run Behavior\BuildLiteBehavior [ RunTime:0.000025s ]
INFO: [ app_init ] --END-- [ RunTime:0.000601s ]

[ 2016-08-03T16:23:56+08:00 ] ::1 /730/shop/index.php/Admin/Goods/showlist
INFO: [ app_init ] --START--
INFO: Run Behavior\BuildLiteBehavior [ RunTime:0.000033s ]
INFO: [ app_init ] --END-- [ RunTime:0.000558s ]

[ 2016-08-03T16:23:56+08:00 ] ::1 /730/shop/index.php/Admin/Goods/4_G_1241422402722.jpg
INFO: [ app_init ] --START--
INFO: Run Behavior\BuildLiteBehavior [ RunTime:0.000039s ]
INFO: [ app_init ] --END-- [ RunTime:0.000608s ]

[ 2016-08-03T16:23:56+08:00 ] ::1 /730/shop/index.php/Admin/Goods/images/200905/goods_img/12_G_1241965978209.jpg
INFO: [ app_init ] --START--
INFO: Run Behavior\BuildLiteBehavior [ RunTime:0.000042s ]
INFO: [ app_init ] --END-- [ RunTime:0.000662s ]

[ 2016-08-03T16:23:56+08:00 ] ::1 /730/shop/index.php/Admin/Goods/32_G_1242110760868.jpg
INFO: [ app_init ] --START--
INFO: Run Behavior\BuildLiteBehavior [ RunTime:0.000041s ]
INFO: [ app_init ] --END-- [ RunTime:0.000739s ]

[ 2016-08-03T16:23:56+08:00 ] ::1 /730/shop/index.php/Admin/Goods/200905/goods_img/7_G_1241422785856.jpg
INFO: [ app_init ] --START--
INFO: Run Behavior\BuildLiteBehavior [ RunTime:0.000041s ]
INFO: [ app_init ] --END-- [ RunTime:0.000956s ]

[ 2016-08-03T16:23:57+08:00 ] ::1 /730/shop/index.php/Admin/Goods/images/200905/goods_img/13_G_1241968002233.jpg
INFO: [ app_init ] --START--
INFO: Run Behavior\BuildLiteBehavior [ RunTime:0.000042s ]
INFO: [ app_init ] --END-- [ RunTime:0.000668s ]

[ 2016-08-03T16:23:57+08:00 ] ::1 /730/shop/index.php/Admin/Goods/images/200905/goods_img/14_G_1241968492932.jpg
INFO: [ app_init ] --START--
INFO: Run Behavior\BuildLiteBehavior [ RunTime:0.000041s ]
INFO: [ app_init ] --END-- [ RunTime:0.000655s ]

[ 2016-08-03T16:23:57+08:00 ] ::1 /730/shop/index.php/Admin/Goods/200905/goods_img/8_G_1241425513055.jpg
INFO: [ app_init ] --START--
INFO: Run Behavior\BuildLiteBehavior [ RunTime:0.000040s ]
INFO: [ app_init ] --END-- [ RunTime:0.000757s ]

[ 2016-08-03T16:23:57+08:00 ] ::1 /730/shop/index.php/Admin/Goods/images/200905/goods_img/16_G_1241968949002.jpg
INFO: [ app_init ] --START--
INFO: Run Behavior\BuildLiteBehavior [ RunTime:0.000041s ]
INFO: [ app_init ] --END-- [ RunTime:0.000687s ]

[ 2016-08-03T16:23:57+08:00 ] ::1 /730/shop/index.php/Admin/Goods/images/200905/goods_img/17_G_1241969394677.jpg
INFO: [ app_init ] --START--
INFO: Run Behavior\BuildLiteBehavior [ RunTime:0.000039s ]
INFO: [ app_init ] --END-- [ RunTime:0.000719s ]

[ 2016-08-03T16:23:57+08:00 ] ::1 /730/shop/index.php/Admin/Goods/images/200905/goods_img/10_G_1242973436141.jpg
INFO: [ app_init ] --START--
INFO: Run Behavior\BuildLiteBehavior [ RunTime:0.000042s ]
INFO: [ app_init ] --END-- [ RunTime:0.001953s ]

[ 2016-08-03T16:23:57+08:00 ] ::1 /730/shop/index.php/Admin/Goods/images/200905/goods_img/19_G_1241970175091.jpg
INFO: [ app_init ] --START--
INFO: Run Behavior\BuildLiteBehavior [ RunTime:0.000043s ]
INFO: [ app_init ] --END-- [ RunTime:0.000708s ]

[ 2016-08-03T16:23:57+08:00 ] ::1 /730/shop/index.php/Admin/Goods/images/200905/goods_img/20_G_1242106490663.jpg
INFO: [ app_init ] --START--
INFO: Run Behavior\BuildLiteBehavior [ RunTime:0.000041s ]
INFO: [ app_init ] --END-- [ RunTime:0.000655s ]

[ 2016-08-03T16:23:57+08:00 ] ::1 /730/shop/index.php/Admin/Goods/images/200905/goods_img/21_G_1242109298873.jpg
INFO: [ app_init ] --START--
INFO: Run Behavior\BuildLiteBehavior [ RunTime:0.000039s ]
INFO: [ app_init ] --END-- [ RunTime:0.000644s ]

[ 2016-08-03T16:23:57+08:00 ] ::1 /730/shop/index.php/Admin/Goods/images/200905/goods_img/23_G_1241971556855.jpg
INFO: [ app_init ] --START--
INFO: Run Behavior\BuildLiteBehavior [ RunTime:0.000042s ]
INFO: [ app_init ] --END-- [ RunTime:0.000706s ]

[ 2016-08-03T16:23:57+08:00 ] ::1 /730/shop/index.php/Admin/Goods/images/200905/goods_img/24_G_1241971981284.jpg
INFO: [ app_init ] --START--
INFO: Run Behavior\BuildLiteBehavior [ RunTime:0.000041s ]
INFO: [ app_init ] --END-- [ RunTime:0.000682s ]

[ 2016-08-03T16:23:57+08:00 ] ::1 /730/shop/index.php/Admin/Goods/images/200905/goods_img/25_G_1241972709544.jpg
INFO: [ app_init ] --START--
INFO: Run Behavior\BuildLiteBehavior [ RunTime:0.000041s ]
INFO: [ app_init ] --END-- [ RunTime:0.000664s ]

[ 2016-08-03T16:23:57+08:00 ] ::1 /730/shop/index.php/Admin/Goods/images/200905/goods_img/26_G_1241972789293.jpg
INFO: [ app_init ] --START--
INFO: Run Behavior\BuildLiteBehavior [ RunTime:0.000042s ]
INFO: [ app_init ] --END-- [ RunTime:0.000682s ]

[ 2016-08-03T16:23:57+08:00 ] ::1 /730/shop/index.php/Admin/Goods/images/200905/goods_img/28_G_1241972976313.jpg
INFO: [ app_init ] --START--
INFO: Run Behavior\BuildLiteBehavior [ RunTime:0.000042s ]
INFO: [ app_init ] --END-- [ RunTime:0.000750s ]

[ 2016-08-03T16:23:57+08:00 ] ::1 /730/shop/index.php/Admin/Goods/images/200905/goods_img/27_G_1241972894061.jpg
INFO: [ app_init ] --START--
INFO: Run Behavior\BuildLiteBehavior [ RunTime:0.001148s ]
INFO: [ app_init ] --END-- [ RunTime:0.002053s ]

[ 2016-08-03T16:23:57+08:00 ] ::1 /730/shop/index.php/Admin/Goods/images/200905/goods_img/15_G_1242973362318.jpg
INFO: [ app_init ] --START--
INFO: Run Behavior\BuildLiteBehavior [ RunTime:0.000041s ]
INFO: [ app_init ] --END-- [ RunTime:0.000768s ]

[ 2016-08-03T16:23:57+08:00 ] ::1 /730/shop/index.php/Admin/Goods/images/200905/goods_img/30_G_1241973114234.jpg
INFO: [ app_init ] --START--
INFO: Run Behavior\BuildLiteBehavior [ RunTime:0.000042s ]
INFO: [ app_init ] --END-- [ RunTime:0.000655s ]

[ 2016-08-03T16:23:57+08:00 ] ::1 /730/shop/index.php/Admin/Goods/images/200905/goods_img/29_G_1241973022206.jpg
INFO: [ app_init ] --START--
INFO: Run Behavior\BuildLiteBehavior [ RunTime:0.000041s ]
INFO: [ app_init ] --END-- [ RunTime:0.000709s ]

[ 2016-08-03T16:23:57+08:00 ] ::1 /730/shop/index.php/Admin/Goods/images/200905/goods_img/31_G_1242110412332.jpg
INFO: [ app_init ] --START--
INFO: Run Behavior\BuildLiteBehavior [ RunTime:0.000036s ]
INFO: [ app_init ] --END-- [ RunTime:0.000662s ]

[ 2016-08-03T16:23:57+08:00 ] ::1 /730/shop/index.php/Admin/Goods/images/200905/goods_img/22_G_1241971076358.jpg
INFO: [ app_init ] --START--
INFO: Run Behavior\BuildLiteBehavior [ RunTime:0.000040s ]
INFO: [ app_init ] --END-- [ RunTime:0.000731s ]

[ 2016-08-03T16:23:57+08:00 ] ::1 /730/shop/index.php/Admin/Goods/images/200905/goods_img/9_G_1241511871574.jpg
INFO: [ app_init ] --START--
INFO: Run Behavior\BuildLiteBehavior [ RunTime:0.000048s ]
INFO: [ app_init ] --END-- [ RunTime:0.000955s ]

[ 2016-08-03T16:24:01+08:00 ] ::1 /730/shop/index.php/Admin/Goods/upGrade/id/49
INFO: [ app_init ] --START--
INFO: Run Behavior\BuildLiteBehavior [ RunTime:0.000025s ]
INFO: [ app_init ] --END-- [ RunTime:0.000563s ]

[ 2016-08-03T16:26:30+08:00 ] ::1 /730/shop/index.php/Admin/Goods/showlist
INFO: [ app_init ] --START--
INFO: Run Behavior\BuildLiteBehavior [ RunTime:0.000061s ]
INFO: [ app_init ] --END-- [ RunTime:0.000686s ]

[ 2016-08-03T16:26:30+08:00 ] ::1 /730/shop/index.php/Admin/Goods/200905/goods_img/7_G_1241422785856.jpg
INFO: [ app_init ] --START--
INFO: Run Behavior\BuildLiteBehavior [ RunTime:0.000037s ]
INFO: [ app_init ] --END-- [ RunTime:0.000680s ]

[ 2016-08-03T16:26:30+08:00 ] ::1 /730/shop/index.php/Admin/Goods/4_G_1241422402722.jpg
INFO: [ app_init ] --START--
INFO: Run Behavior\BuildLiteBehavior [ RunTime:0.000041s ]
INFO: [ app_init ] --END-- [ RunTime:0.000755s ]

[ 2016-08-03T16:26:30+08:00 ] ::1 /730/shop/index.php/Admin/Goods/200905/goods_img/8_G_1241425513055.jpg
INFO: [ app_init ] --START--
INFO: Run Behavior\BuildLiteBehavior [ RunTime:0.000039s ]
INFO: [ app_init ] --END-- [ RunTime:0.000658s ]

[ 2016-08-03T16:26:30+08:00 ] ::1 /730/shop/index.php/Admin/Goods/images/200905/goods_img/13_G_1241968002233.jpg
INFO: [ app_init ] --START--
INFO: Run Behavior\BuildLiteBehavior [ RunTime:0.000041s ]
INFO: [ app_init ] --END-- [ RunTime:0.000668s ]

[ 2016-08-03T16:26:30+08:00 ] ::1 /730/shop/index.php/Admin/Goods/images/200905/goods_img/12_G_1241965978209.jpg
INFO: [ app_init ] --START--
INFO: Run Behavior\BuildLiteBehavior [ RunTime:0.000040s ]
INFO: [ app_init ] --END-- [ RunTime:0.000677s ]

[ 2016-08-03T16:26:30+08:00 ] ::1 /730/shop/index.php/Admin/Goods/images/200905/goods_img/9_G_1241511871574.jpg
INFO: [ app_init ] --START--
INFO: Run Behavior\BuildLiteBehavior [ RunTime:0.000041s ]
INFO: [ app_init ] --END-- [ RunTime:0.001176s ]

[ 2016-08-03T16:26:30+08:00 ] ::1 /730/shop/index.php/Admin/Goods/images/200905/goods_img/14_G_1241968492932.jpg
INFO: [ app_init ] --START--
INFO: Run Behavior\BuildLiteBehavior [ RunTime:0.000044s ]
INFO: [ app_init ] --END-- [ RunTime:0.001270s ]

[ 2016-08-03T16:26:30+08:00 ] ::1 /730/shop/index.php/Admin/Goods/images/200905/goods_img/15_G_1242973362318.jpg
INFO: [ app_init ] --START--
INFO: Run Behavior\BuildLiteBehavior [ RunTime:0.000043s ]
INFO: [ app_init ] --END-- [ RunTime:0.000653s ]

[ 2016-08-03T16:26:30+08:00 ] ::1 /730/shop/index.php/Admin/Goods/images/200905/goods_img/16_G_1241968949002.jpg
INFO: [ app_init ] --START--
INFO: Run Behavior\BuildLiteBehavior [ RunTime:0.000046s ]
INFO: [ app_init ] --END-- [ RunTime:0.000680s ]

[ 2016-08-03T16:26:30+08:00 ] ::1 /730/shop/index.php/Admin/Goods/images/200905/goods_img/17_G_1241969394677.jpg
INFO: [ app_init ] --START--
INFO: Run Behavior\BuildLiteBehavior [ RunTime:0.000043s ]
INFO: [ app_init ] --END-- [ RunTime:0.000663s ]

[ 2016-08-03T16:26:30+08:00 ] ::1 /730/shop/index.php/Admin/Goods/images/200905/goods_img/20_G_1242106490663.jpg
INFO: [ app_init ] --START--
INFO: Run Behavior\BuildLiteBehavior [ RunTime:0.000041s ]
INFO: [ app_init ] --END-- [ RunTime:0.001039s ]

[ 2016-08-03T16:26:30+08:00 ] ::1 /730/shop/index.php/Admin/Goods/images/200905/goods_img/19_G_1241970175091.jpg
INFO: [ app_init ] --START--
INFO: Run Behavior\BuildLiteBehavior [ RunTime:0.000043s ]
INFO: [ app_init ] --END-- [ RunTime:0.000781s ]

[ 2016-08-03T16:26:30+08:00 ] ::1 /730/shop/index.php/Admin/Goods/images/200905/goods_img/22_G_1241971076358.jpg
INFO: [ app_init ] --START--
INFO: Run Behavior\BuildLiteBehavior [ RunTime:0.000042s ]
INFO: [ app_init ] --END-- [ RunTime:0.000665s ]

[ 2016-08-03T16:26:30+08:00 ] ::1 /730/shop/index.php/Admin/Goods/32_G_1242110760868.jpg
INFO: [ app_init ] --START--
INFO: Run Behavior\BuildLiteBehavior [ RunTime:0.000042s ]
INFO: [ app_init ] --END-- [ RunTime:0.000748s ]

[ 2016-08-03T16:26:30+08:00 ] ::1 /730/shop/index.php/Admin/Goods/images/200905/goods_img/23_G_1241971556855.jpg
INFO: [ app_init ] --START--
INFO: Run Behavior\BuildLiteBehavior [ RunTime:0.000041s ]
INFO: [ app_init ] --END-- [ RunTime:0.000642s ]

[ 2016-08-03T16:26:30+08:00 ] ::1 /730/shop/index.php/Admin/Goods/images/200905/goods_img/21_G_1242109298873.jpg
INFO: [ app_init ] --START--
INFO: Run Behavior\BuildLiteBehavior [ RunTime:0.000041s ]
INFO: [ app_init ] --END-- [ RunTime:0.001888s ]

[ 2016-08-03T16:26:30+08:00 ] ::1 /730/shop/index.php/Admin/Goods/images/200905/goods_img/24_G_1241971981284.jpg
INFO: [ app_init ] --START--
INFO: Run Behavior\BuildLiteBehavior [ RunTime:0.000042s ]
INFO: [ app_init ] --END-- [ RunTime:0.000754s ]

[ 2016-08-03T16:26:30+08:00 ] ::1 /730/shop/index.php/Admin/Goods/images/200905/goods_img/26_G_1241972789293.jpg
INFO: [ app_init ] --START--
INFO: Run Behavior\BuildLiteBehavior [ RunTime:0.000045s ]
INFO: [ app_init ] --END-- [ RunTime:0.000717s ]

[ 2016-08-03T16:26:30+08:00 ] ::1 /730/shop/index.php/Admin/Goods/images/200905/goods_img/28_G_1241972976313.jpg
INFO: [ app_init ] --START--
INFO: Run Behavior\BuildLiteBehavior [ RunTime:0.000041s ]
INFO: [ app_init ] --END-- [ RunTime:0.000716s ]

[ 2016-08-03T16:26:30+08:00 ] ::1 /730/shop/index.php/Admin/Goods/images/200905/goods_img/29_G_1241973022206.jpg
INFO: [ app_init ] --START--
INFO: Run Behavior\BuildLiteBehavior [ RunTime:0.000043s ]
INFO: [ app_init ] --END-- [ RunTime:0.000706s ]

[ 2016-08-03T16:26:30+08:00 ] ::1 /730/shop/index.php/Admin/Goods/images/200905/goods_img/27_G_1241972894061.jpg
INFO: [ app_init ] --START--
INFO: Run Behavior\BuildLiteBehavior [ RunTime:0.000041s ]
INFO: [ app_init ] --END-- [ RunTime:0.000794s ]

[ 2016-08-03T16:26:30+08:00 ] ::1 /730/shop/index.php/Admin/Goods/images/200905/goods_img/25_G_1241972709544.jpg
INFO: [ app_init ] --START--
INFO: Run Behavior\BuildLiteBehavior [ RunTime:0.000043s ]
INFO: [ app_init ] --END-- [ RunTime:0.000728s ]

[ 2016-08-03T16:26:30+08:00 ] ::1 /730/shop/index.php/Admin/Goods/images/200905/goods_img/30_G_1241973114234.jpg
INFO: [ app_init ] --START--
INFO: Run Behavior\BuildLiteBehavior [ RunTime:0.000042s ]
INFO: [ app_init ] --END-- [ RunTime:0.000729s ]

[ 2016-08-03T16:26:30+08:00 ] ::1 /730/shop/index.php/Admin/Goods/images/200905/goods_img/31_G_1242110412332.jpg
INFO: [ app_init ] --START--
INFO: Run Behavior\BuildLiteBehavior [ RunTime:0.000040s ]
INFO: [ app_init ] --END-- [ RunTime:0.000715s ]

[ 2016-08-03T16:26:30+08:00 ] ::1 /730/shop/index.php/Admin/Goods/images/200905/goods_img/10_G_1242973436141.jpg
INFO: [ app_init ] --START--
INFO: Run Behavior\BuildLiteBehavior [ RunTime:0.000026s ]
INFO: [ app_init ] --END-- [ RunTime:0.000494s ]

[ 2016-08-03T16:26:32+08:00 ] ::1 /730/shop/index.php/Admin/Goods/upGrade/id/2
INFO: [ app_init ] --START--
INFO: Run Behavior\BuildLiteBehavior [ RunTime:0.000023s ]
INFO: [ app_init ] --END-- [ RunTime:0.000565s ]

[ 2016-08-03T16:29:54+08:00 ] ::1 /730/shop/index.php/Admin/Goods/upGrade/id/4
INFO: [ app_init ] --START--
INFO: Run Behavior\BuildLiteBehavior [ RunTime:0.000049s ]
INFO: [ app_init ] --END-- [ RunTime:0.000684s ]

[ 2016-08-03T16:35:53+08:00 ] ::1 /730/shop/index.php/Admin/Goods/upGrade/id/2
INFO: [ app_init ] --START--
INFO: Run Behavior\BuildLiteBehavior [ RunTime:0.000032s ]
INFO: [ app_init ] --END-- [ RunTime:0.000834s ]

[ 2016-08-03T16:38:00+08:00 ] ::1 /730/shop/index.php/Admin/Goods/showlist
INFO: [ app_init ] --START--
INFO: Run Behavior\BuildLiteBehavior [ RunTime:0.000023s ]
INFO: [ app_init ] --END-- [ RunTime:0.000549s ]

[ 2016-08-03T16:38:00+08:00 ] ::1 /730/shop/index.php/Admin/Goods/4_G_1241422402722.jpg
INFO: [ app_init ] --START--
INFO: Run Behavior\BuildLiteBehavior [ RunTime:0.000041s ]
INFO: [ app_init ] --END-- [ RunTime:0.000687s ]

[ 2016-08-03T16:38:00+08:00 ] ::1 /730/shop/index.php/Admin/Goods/32_G_1242110760868.jpg
INFO: [ app_init ] --START--
INFO: Run Behavior\BuildLiteBehavior [ RunTime:0.000041s ]
INFO: [ app_init ] --END-- [ RunTime:0.000787s ]

[ 2016-08-03T16:38:00+08:00 ] ::1 /730/shop/index.php/Admin/Goods/200905/goods_img/7_G_1241422785856.jpg
INFO: [ app_init ] --START--
INFO: Run Behavior\BuildLiteBehavior [ RunTime:0.000038s ]
INFO: [ app_init ] --END-- [ RunTime:0.000873s ]

[ 2016-08-03T16:38:00+08:00 ] ::1 /730/shop/index.php/Admin/Goods/200905/goods_img/8_G_1241425513055.jpg
INFO: [ app_init ] --START--
INFO: Run Behavior\BuildLiteBehavior [ RunTime:0.000054s ]
INFO: [ app_init ] --END-- [ RunTime:0.000722s ]

[ 2016-08-03T16:38:00+08:00 ] ::1 /730/shop/index.php/Admin/Goods/images/200905/goods_img/9_G_1241511871574.jpg
INFO: [ app_init ] --START--
INFO: Run Behavior\BuildLiteBehavior [ RunTime:0.000041s ]
INFO: [ app_init ] --END-- [ RunTime:0.000690s ]

[ 2016-08-03T16:38:00+08:00 ] ::1 /730/shop/index.php/Admin/Goods/images/200905/goods_img/12_G_1241965978209.jpg
INFO: [ app_init ] --START--
INFO: Run Behavior\BuildLiteBehavior [ RunTime:0.000044s ]
INFO: [ app_init ] --END-- [ RunTime:0.000650s ]

[ 2016-08-03T16:38:00+08:00 ] ::1 /730/shop/index.php/Admin/Goods/images/200905/goods_img/10_G_1242973436141.jpg
INFO: [ app_init ] --START--
INFO: Run Behavior\BuildLiteBehavior [ RunTime:0.000042s ]
INFO: [ app_init ] --END-- [ RunTime:0.000709s ]

[ 2016-08-03T16:38:00+08:00 ] ::1 /730/shop/index.php/Admin/Goods/images/200905/goods_img/17_G_1241969394677.jpg
INFO: [ app_init ] --START--
INFO: Run Behavior\BuildLiteBehavior [ RunTime:0.000041s ]
INFO: [ app_init ] --END-- [ RunTime:0.000629s ]

[ 2016-08-03T16:38:00+08:00 ] ::1 /730/shop/index.php/Admin/Goods/images/200905/goods_img/16_G_1241968949002.jpg
INFO: [ app_init ] --START--
INFO: Run Behavior\BuildLiteBehavior [ RunTime:0.000040s ]
INFO: [ app_init ] --END-- [ RunTime:0.000899s ]

[ 2016-08-03T16:38:00+08:00 ] ::1 /730/shop/index.php/Admin/Goods/images/200905/goods_img/19_G_1241970175091.jpg
INFO: [ app_init ] --START--
INFO: Run Behavior\BuildLiteBehavior [ RunTime:0.000042s ]
INFO: [ app_init ] --END-- [ RunTime:0.000809s ]

[ 2016-08-03T16:38:00+08:00 ] ::1 /730/shop/index.php/Admin/Goods/images/200905/goods_img/20_G_1242106490663.jpg
INFO: [ app_init ] --START--
INFO: Run Behavior\BuildLiteBehavior [ RunTime:0.000042s ]
INFO: [ app_init ] --END-- [ RunTime:0.000643s ]

[ 2016-08-03T16:38:00+08:00 ] ::1 /730/shop/index.php/Admin/Goods/images/200905/goods_img/21_G_1242109298873.jpg
INFO: [ app_init ] --START--
INFO: Run Behavior\BuildLiteBehavior [ RunTime:0.000040s ]
INFO: [ app_init ] --END-- [ RunTime:0.000686s ]

[ 2016-08-03T16:38:00+08:00 ] ::1 /730/shop/index.php/Admin/Goods/images/200905/goods_img/22_G_1241971076358.jpg
INFO: [ app_init ] --START--
INFO: Run Behavior\BuildLiteBehavior [ RunTime:0.000040s ]
INFO: [ app_init ] --END-- [ RunTime:0.000766s ]

[ 2016-08-03T16:38:00+08:00 ] ::1 /730/shop/index.php/Admin/Goods/images/200905/goods_img/23_G_1241971556855.jpg
INFO: [ app_init ] --START--
INFO: Run Behavior\BuildLiteBehavior [ RunTime:0.000041s ]
INFO: [ app_init ] --END-- [ RunTime:0.000890s ]

[ 2016-08-03T16:38:00+08:00 ] ::1 /730/shop/index.php/Admin/Goods/images/200905/goods_img/25_G_1241972709544.jpg
INFO: [ app_init ] --START--
INFO: Run Behavior\BuildLiteBehavior [ RunTime:0.000058s ]
INFO: [ app_init ] --END-- [ RunTime:0.000890s ]

[ 2016-08-03T16:38:00+08:00 ] ::1 /730/shop/index.php/Admin/Goods/images/200905/goods_img/26_G_1241972789293.jpg
INFO: [ app_init ] --START--
INFO: Run Behavior\BuildLiteBehavior [ RunTime:0.000050s ]
INFO: [ app_init ] --END-- [ RunTime:0.000714s ]

[ 2016-08-03T16:38:00+08:00 ] ::1 /730/shop/index.php/Admin/Goods/images/200905/goods_img/27_G_1241972894061.jpg
INFO: [ app_init ] --START--
INFO: Run Behavior\BuildLiteBehavior [ RunTime:0.000041s ]
INFO: [ app_init ] --END-- [ RunTime:0.000755s ]

[ 2016-08-03T16:38:00+08:00 ] ::1 /730/shop/index.php/Admin/Goods/images/200905/goods_img/15_G_1242973362318.jpg
INFO: [ app_init ] --START--
INFO: Run Behavior\BuildLiteBehavior [ RunTime:0.000041s ]
INFO: [ app_init ] --END-- [ RunTime:0.000694s ]

[ 2016-08-03T16:38:00+08:00 ] ::1 /730/shop/index.php/Admin/Goods/images/200905/goods_img/28_G_1241972976313.jpg
INFO: [ app_init ] --START--
INFO: Run Behavior\BuildLiteBehavior [ RunTime:0.000036s ]
INFO: [ app_init ] --END-- [ RunTime:0.000705s ]

[ 2016-08-03T16:38:00+08:00 ] ::1 /730/shop/index.php/Admin/Goods/images/200905/goods_img/30_G_1241973114234.jpg
INFO: [ app_init ] --START--
INFO: Run Behavior\BuildLiteBehavior [ RunTime:0.000198s ]
INFO: [ app_init ] --END-- [ RunTime:0.002925s ]

[ 2016-08-03T16:38:00+08:00 ] ::1 /730/shop/index.php/Admin/Goods/images/200905/goods_img/29_G_1241973022206.jpg
INFO: [ app_init ] --START--
INFO: Run Behavior\BuildLiteBehavior [ RunTime:0.000037s ]
INFO: [ app_init ] --END-- [ RunTime:0.000689s ]

[ 2016-08-03T16:38:00+08:00 ] ::1 /730/shop/index.php/Admin/Goods/images/200905/goods_img/24_G_1241971981284.jpg
INFO: [ app_init ] --START--
INFO: Run Behavior\BuildLiteBehavior [ RunTime:0.000045s ]
INFO: [ app_init ] --END-- [ RunTime:0.001286s ]

[ 2016-08-03T16:38:00+08:00 ] ::1 /730/shop/index.php/Admin/Goods/images/200905/goods_img/31_G_1242110412332.jpg
INFO: [ app_init ] --START--
INFO: Run Behavior\BuildLiteBehavior [ RunTime:0.000040s ]
INFO: [ app_init ] --END-- [ RunTime:0.000965s ]

[ 2016-08-03T16:38:00+08:00 ] ::1 /730/shop/index.php/Admin/Goods/200905/goods_img/7_G_1241422785856.jpg
INFO: [ app_init ] --START--
INFO: Run Behavior\BuildLiteBehavior [ RunTime:0.000040s ]
INFO: [ app_init ] --END-- [ RunTime:0.000847s ]

[ 2016-08-03T16:38:00+08:00 ] ::1 /730/shop/index.php/Admin/Goods/images/200905/goods_img/9_G_1241511871574.jpg
INFO: [ app_init ] --START--
INFO: Run Behavior\BuildLiteBehavior [ RunTime:0.000051s ]
INFO: [ app_init ] --END-- [ RunTime:0.001161s ]

[ 2016-08-03T16:38:00+08:00 ] ::1 /730/shop/index.php/Admin/Goods/200905/goods_img/8_G_1241425513055.jpg
INFO: [ app_init ] --START--
INFO: Run Behavior\BuildLiteBehavior [ RunTime:0.000044s ]
INFO: [ app_init ] --END-- [ RunTime:0.000749s ]

[ 2016-08-03T16:38:00+08:00 ] ::1 /730/shop/index.php/Admin/Goods/images/200905/goods_img/12_G_1241965978209.jpg
INFO: [ app_init ] --START--
INFO: Run Behavior\BuildLiteBehavior [ RunTime:0.000053s ]
INFO: [ app_init ] --END-- [ RunTime:0.000759s ]

[ 2016-08-03T16:38:00+08:00 ] ::1 /730/shop/index.php/Admin/Goods/images/200905/goods_img/14_G_1241968492932.jpg
INFO: [ app_init ] --START--
INFO: Run Behavior\BuildLiteBehavior [ RunTime:0.000026s ]
INFO: [ app_init ] --END-- [ RunTime:0.000604s ]

[ 2016-08-03T16:38:01+08:00 ] ::1 /730/shop/index.php/Admin/Goods/upGrade/id/2
INFO: [ app_init ] --START--
INFO: Run Behavior\BuildLiteBehavior [ RunTime:0.000023s ]
INFO: [ app_init ] --END-- [ RunTime:0.000550s ]

[ 2016-08-03T16:39:20+08:00 ] ::1 /730/shop/index.php/Admin/
INFO: [ app_init ] --START--
INFO: Run Behavior\BuildLiteBehavior [ RunTime:0.000024s ]
INFO: [ app_init ] --END-- [ RunTime:0.000568s ]

[ 2016-08-03T16:39:20+08:00 ] ::1 /730/shop/index.php/Admin/Index/left
INFO: [ app_init ] --START--
INFO: Run Behavior\BuildLiteBehavior [ RunTime:0.000040s ]
INFO: [ app_init ] --END-- [ RunTime:0.000673s ]

[ 2016-08-03T16:39:20+08:00 ] ::1 /730/shop/index.php/Admin/Index/right
INFO: [ app_init ] --START--
INFO: Run Behavior\BuildLiteBehavior [ RunTime:0.000038s ]
INFO: [ app_init ] --END-- [ RunTime:0.000673s ]

[ 2016-08-03T16:39:20+08:00 ] ::1 /730/shop/index.php/Admin/Index/head
INFO: [ app_init ] --START--
INFO: Run Behavior\BuildLiteBehavior [ RunTime:0.000038s ]
INFO: [ app_init ] --END-- [ RunTime:0.000646s ]

[ 2016-08-03T16:39:23+08:00 ] ::1 /730/shop/index.php/Admin/Goods/showlist
INFO: [ app_init ] --START--
INFO: Run Behavior\BuildLiteBehavior [ RunTime:0.000023s ]
INFO: [ app_init ] --END-- [ RunTime:0.000529s ]

[ 2016-08-03T16:39:23+08:00 ] ::1 /730/shop/index.php/Admin/Goods/32_G_1242110760868.jpg
INFO: [ app_init ] --START--
INFO: Run Behavior\BuildLiteBehavior [ RunTime:0.000045s ]
INFO: [ app_init ] --END-- [ RunTime:0.001052s ]

[ 2016-08-03T16:39:23+08:00 ] ::1 /730/shop/index.php/Admin/Goods/200905/goods_img/8_G_1241425513055.jpg
INFO: [ app_init ] --START--
INFO: Run Behavior\BuildLiteBehavior [ RunTime:0.000040s ]
INFO: [ app_init ] --END-- [ RunTime:0.000724s ]

[ 2016-08-03T16:39:23+08:00 ] ::1 /730/shop/index.php/Admin/Goods/4_G_1241422402722.jpg
INFO: [ app_init ] --START--
INFO: Run Behavior\BuildLiteBehavior [ RunTime:0.000042s ]
INFO: [ app_init ] --END-- [ RunTime:0.000688s ]

[ 2016-08-03T16:39:23+08:00 ] ::1 /730/shop/index.php/Admin/Goods/200905/goods_img/7_G_1241422785856.jpg
INFO: [ app_init ] --START--
INFO: Run Behavior\BuildLiteBehavior [ RunTime:0.000039s ]
INFO: [ app_init ] --END-- [ RunTime:0.000637s ]

[ 2016-08-03T16:39:23+08:00 ] ::1 /730/shop/index.php/Admin/Goods/images/200905/goods_img/10_G_1242973436141.jpg
INFO: [ app_init ] --START--
INFO: Run Behavior\BuildLiteBehavior [ RunTime:0.000041s ]
INFO: [ app_init ] --END-- [ RunTime:0.000856s ]

[ 2016-08-03T16:39:23+08:00 ] ::1 /730/shop/index.php/Admin/Goods/images/200905/goods_img/13_G_1241968002233.jpg
INFO: [ app_init ] --START--
INFO: Run Behavior\BuildLiteBehavior [ RunTime:0.000043s ]
INFO: [ app_init ] --END-- [ RunTime:0.002062s ]

[ 2016-08-03T16:39:23+08:00 ] ::1 /730/shop/index.php/Admin/Goods/images/200905/goods_img/15_G_1242973362318.jpg
INFO: [ app_init ] --START--
INFO: Run Behavior\BuildLiteBehavior [ RunTime:0.000041s ]
INFO: [ app_init ] --END-- [ RunTime:0.000698s ]

[ 2016-08-03T16:39:23+08:00 ] ::1 /730/shop/index.php/Admin/Goods/images/200905/goods_img/12_G_1241965978209.jpg
INFO: [ app_init ] --START--
INFO: Run Behavior\BuildLiteBehavior [ RunTime:0.000058s ]
INFO: [ app_init ] --END-- [ RunTime:0.000801s ]

[ 2016-08-03T16:39:23+08:00 ] ::1 /730/shop/index.php/Admin/Goods/images/200905/goods_img/17_G_1241969394677.jpg
INFO: [ app_init ] --START--
INFO: Run Behavior\BuildLiteBehavior [ RunTime:0.000041s ]
INFO: [ app_init ] --END-- [ RunTime:0.000649s ]

[ 2016-08-03T16:39:23+08:00 ] ::1 /730/shop/index.php/Admin/Goods/images/200905/goods_img/19_G_1241970175091.jpg
INFO: [ app_init ] --START--
INFO: Run Behavior\BuildLiteBehavior [ RunTime:0.000040s ]
INFO: [ app_init ] --END-- [ RunTime:0.001103s ]

[ 2016-08-03T16:39:23+08:00 ] ::1 /730/shop/index.php/Admin/Goods/images/200905/goods_img/20_G_1242106490663.jpg
INFO: [ app_init ] --START--
INFO: Run Behavior\BuildLiteBehavior [ RunTime:0.000042s ]
INFO: [ app_init ] --END-- [ RunTime:0.000737s ]

[ 2016-08-03T16:39:23+08:00 ] ::1 /730/shop/index.php/Admin/Goods/images/200905/goods_img/21_G_1242109298873.jpg
INFO: [ app_init ] --START--
INFO: Run Behavior\BuildLiteBehavior [ RunTime:0.000041s ]
INFO: [ app_init ] --END-- [ RunTime:0.000622s ]

[ 2016-08-03T16:39:23+08:00 ] ::1 /730/shop/index.php/Admin/Goods/images/200905/goods_img/23_G_1241971556855.jpg
INFO: [ app_init ] --START--
INFO: Run Behavior\BuildLiteBehavior [ RunTime:0.000046s ]
INFO: [ app_init ] --END-- [ RunTime:0.000909s ]

[ 2016-08-03T16:39:23+08:00 ] ::1 /730/shop/index.php/Admin/Goods/images/200905/goods_img/24_G_1241971981284.jpg
INFO: [ app_init ] --START--
INFO: Run Behavior\BuildLiteBehavior [ RunTime:0.000037s ]
INFO: [ app_init ] --END-- [ RunTime:0.000650s ]

[ 2016-08-03T16:39:23+08:00 ] ::1 /730/shop/index.php/Admin/Goods/images/200905/goods_img/22_G_1241971076358.jpg
INFO: [ app_init ] --START--
INFO: Run Behavior\BuildLiteBehavior [ RunTime:0.000043s ]
INFO: [ app_init ] --END-- [ RunTime:0.000769s ]

[ 2016-08-03T16:39:23+08:00 ] ::1 /730/shop/index.php/Admin/Goods/images/200905/goods_img/16_G_1241968949002.jpg
INFO: [ app_init ] --START--
INFO: Run Behavior\BuildLiteBehavior [ RunTime:0.000042s ]
INFO: [ app_init ] --END-- [ RunTime:0.000739s ]

[ 2016-08-03T16:39:23+08:00 ] ::1 /730/shop/index.php/Admin/Goods/images/200905/goods_img/9_G_1241511871574.jpg
INFO: [ app_init ] --START--
INFO: Run Behavior\BuildLiteBehavior [ RunTime:0.000043s ]
INFO: [ app_init ] --END-- [ RunTime:0.049979s ]

[ 2016-08-03T16:39:23+08:00 ] ::1 /730/shop/index.php/Admin/Goods/images/200905/goods_img/27_G_1241972894061.jpg
INFO: [ app_init ] --START--
INFO: Run Behavior\BuildLiteBehavior [ RunTime:0.000040s ]
INFO: [ app_init ] --END-- [ RunTime:0.000775s ]

[ 2016-08-03T16:39:23+08:00 ] ::1 /730/shop/index.php/Admin/Goods/images/200905/goods_img/26_G_1241972789293.jpg
INFO: [ app_init ] --START--
INFO: Run Behavior\BuildLiteBehavior [ RunTime:0.000162s ]
INFO: [ app_init ] --END-- [ RunTime:0.001204s ]

[ 2016-08-03T16:39:23+08:00 ] ::1 /730/shop/index.php/Admin/Goods/images/200905/goods_img/14_G_1241968492932.jpg
INFO: [ app_init ] --START--
INFO: Run Behavior\BuildLiteBehavior [ RunTime:0.000038s ]
INFO: [ app_init ] --END-- [ RunTime:0.000711s ]

[ 2016-08-03T16:39:23+08:00 ] ::1 /730/shop/index.php/Admin/Goods/images/200905/goods_img/29_G_1241973022206.jpg
INFO: [ app_init ] --START--
INFO: Run Behavior\BuildLiteBehavior [ RunTime:0.000041s ]
INFO: [ app_init ] --END-- [ RunTime:0.000631s ]

[ 2016-08-03T16:39:23+08:00 ] ::1 /730/shop/index.php/Admin/Goods/images/200905/goods_img/30_G_1241973114234.jpg
INFO: [ app_init ] --START--
INFO: Run Behavior\BuildLiteBehavior [ RunTime:0.000041s ]
INFO: [ app_init ] --END-- [ RunTime:0.000948s ]

[ 2016-08-03T16:39:23+08:00 ] ::1 /730/shop/index.php/Admin/Goods/images/200905/goods_img/28_G_1241972976313.jpg
INFO: [ app_init ] --START--
INFO: Run Behavior\BuildLiteBehavior [ RunTime:0.000041s ]
INFO: [ app_init ] --END-- [ RunTime:0.000956s ]

[ 2016-08-03T16:39:23+08:00 ] ::1 /730/shop/index.php/Admin/Goods/200905/goods_img/7_G_1241422785856.jpg
INFO: [ app_init ] --START--
INFO: Run Behavior\BuildLiteBehavior [ RunTime:0.000040s ]
INFO: [ app_init ] --END-- [ RunTime:0.000662s ]

[ 2016-08-03T16:39:23+08:00 ] ::1 /730/shop/index.php/Admin/Goods/200905/goods_img/8_G_1241425513055.jpg
INFO: [ app_init ] --START--
INFO: Run Behavior\BuildLiteBehavior [ RunTime:0.000042s ]
INFO: [ app_init ] --END-- [ RunTime:0.000628s ]

[ 2016-08-03T16:39:23+08:00 ] ::1 /730/shop/index.php/Admin/Goods/images/200905/goods_img/10_G_1242973436141.jpg
INFO: [ app_init ] --START--
INFO: Run Behavior\BuildLiteBehavior [ RunTime:0.000040s ]
INFO: [ app_init ] --END-- [ RunTime:0.000724s ]

[ 2016-08-03T16:39:23+08:00 ] ::1 /730/shop/index.php/Admin/Goods/images/200905/goods_img/12_G_1241965978209.jpg
INFO: [ app_init ] --START--
INFO: Run Behavior\BuildLiteBehavior [ RunTime:0.000043s ]
INFO: [ app_init ] --END-- [ RunTime:0.000705s ]

[ 2016-08-03T16:39:23+08:00 ] ::1 /730/shop/index.php/Admin/Goods/images/200905/goods_img/13_G_1241968002233.jpg
INFO: [ app_init ] --START--
INFO: Run Behavior\BuildLiteBehavior [ RunTime:0.000040s ]
INFO: [ app_init ] --END-- [ RunTime:0.000667s ]

[ 2016-08-03T16:39:23+08:00 ] ::1 /730/shop/index.php/Admin/Goods/images/200905/goods_img/25_G_1241972709544.jpg
INFO: [ app_init ] --START--
INFO: Run Behavior\BuildLiteBehavior [ RunTime:0.000037s ]
INFO: [ app_init ] --END-- [ RunTime:0.001859s ]

[ 2016-08-03T16:39:23+08:00 ] ::1 /730/shop/index.php/Admin/Goods/images/200905/goods_img/15_G_1242973362318.jpg
INFO: [ app_init ] --START--
INFO: Run Behavior\BuildLiteBehavior [ RunTime:0.000059s ]
INFO: [ app_init ] --END-- [ RunTime:0.000997s ]

[ 2016-08-03T16:39:23+08:00 ] ::1 /730/shop/index.php/Admin/Goods/images/200905/goods_img/31_G_1242110412332.jpg
INFO: [ app_init ] --START--
INFO: Run Behavior\BuildLiteBehavior [ RunTime:0.000151s ]
INFO: [ app_init ] --END-- [ RunTime:0.000829s ]

[ 2016-08-03T16:39:23+08:00 ] ::1 /730/shop/index.php/Admin/Goods/images/200905/goods_img/17_G_1241969394677.jpg
INFO: [ app_init ] --START--
INFO: Run Behavior\BuildLiteBehavior [ RunTime:0.000037s ]
INFO: [ app_init ] --END-- [ RunTime:0.000689s ]

[ 2016-08-03T16:39:23+08:00 ] ::1 /730/shop/index.php/Admin/Goods/images/200905/goods_img/19_G_1241970175091.jpg
INFO: [ app_init ] --START--
INFO: Run Behavior\BuildLiteBehavior [ RunTime:0.000050s ]
INFO: [ app_init ] --END-- [ RunTime:0.000787s ]

[ 2016-08-03T16:39:24+08:00 ] ::1 /730/shop/index.php/Admin/Goods/upGrade/id/2
INFO: [ app_init ] --START--
INFO: Run Behavior\BuildLiteBehavior [ RunTime:0.000024s ]
INFO: [ app_init ] --END-- [ RunTime:0.000567s ]

[ 2016-08-03T16:48:07+08:00 ] ::1 /730/shop/index.php/Admin/Goods/showlist
INFO: [ app_init ] --START--
INFO: Run Behavior\BuildLiteBehavior [ RunTime:0.000025s ]
INFO: [ app_init ] --END-- [ RunTime:0.000571s ]

[ 2016-08-03T16:48:07+08:00 ] ::1 /730/shop/index.php/Admin/Goods/images/200905/goods_img/9_G_1241511871574.jpg
INFO: [ app_init ] --START--
INFO: Run Behavior\BuildLiteBehavior [ RunTime:0.000044s ]
INFO: [ app_init ] --END-- [ RunTime:0.000772s ]

[ 2016-08-03T16:48:07+08:00 ] ::1 /730/shop/index.php/Admin/Goods/4_G_1241422402722.jpg
INFO: [ app_init ] --START--
INFO: Run Behavior\BuildLiteBehavior [ RunTime:0.000043s ]
INFO: [ app_init ] --END-- [ RunTime:0.001031s ]

[ 2016-08-03T16:48:07+08:00 ] ::1 /730/shop/index.php/Admin/Goods/200905/goods_img/7_G_1241422785856.jpg
INFO: [ app_init ] --START--
INFO: Run Behavior\BuildLiteBehavior [ RunTime:0.000043s ]
INFO: [ app_init ] --END-- [ RunTime:0.001169s ]

[ 2016-08-03T16:48:07+08:00 ] ::1 /730/shop/index.php/Admin/Goods/images/200905/goods_img/10_G_1242973436141.jpg
INFO: [ app_init ] --START--
INFO: Run Behavior\BuildLiteBehavior [ RunTime:0.000040s ]
INFO: [ app_init ] --END-- [ RunTime:0.000708s ]

[ 2016-08-03T16:48:07+08:00 ] ::1 /730/shop/index.php/Admin/Goods/32_G_1242110760868.jpg
INFO: [ app_init ] --START--
INFO: Run Behavior\BuildLiteBehavior [ RunTime:0.000043s ]
INFO: [ app_init ] --END-- [ RunTime:0.000931s ]

[ 2016-08-03T16:48:07+08:00 ] ::1 /730/shop/index.php/Admin/Goods/images/200905/goods_img/14_G_1241968492932.jpg
INFO: [ app_init ] --START--
INFO: Run Behavior\BuildLiteBehavior [ RunTime:0.000041s ]
INFO: [ app_init ] --END-- [ RunTime:0.001403s ]

[ 2016-08-03T16:48:07+08:00 ] ::1 /730/shop/index.php/Admin/Goods/images/200905/goods_img/12_G_1241965978209.jpg
INFO: [ app_init ] --START--
INFO: Run Behavior\BuildLiteBehavior [ RunTime:0.000046s ]
INFO: [ app_init ] --END-- [ RunTime:0.001061s ]

[ 2016-08-03T16:48:07+08:00 ] ::1 /730/shop/index.php/Admin/Goods/images/200905/goods_img/16_G_1241968949002.jpg
INFO: [ app_init ] --START--
INFO: Run Behavior\BuildLiteBehavior [ RunTime:0.000039s ]
INFO: [ app_init ] --END-- [ RunTime:0.000675s ]

[ 2016-08-03T16:48:07+08:00 ] ::1 /730/shop/index.php/Admin/Goods/images/200905/goods_img/13_G_1241968002233.jpg
INFO: [ app_init ] --START--
INFO: Run Behavior\BuildLiteBehavior [ RunTime:0.000042s ]
INFO: [ app_init ] --END-- [ RunTime:0.000814s ]

[ 2016-08-03T16:48:07+08:00 ] ::1 /730/shop/index.php/Admin/Goods/200905/goods_img/8_G_1241425513055.jpg
INFO: [ app_init ] --START--
INFO: Run Behavior\BuildLiteBehavior [ RunTime:0.000040s ]
INFO: [ app_init ] --END-- [ RunTime:0.000802s ]

[ 2016-08-03T16:48:07+08:00 ] ::1 /730/shop/index.php/Admin/Goods/images/200905/goods_img/19_G_1241970175091.jpg
INFO: [ app_init ] --START--
INFO: Run Behavior\BuildLiteBehavior [ RunTime:0.000042s ]
INFO: [ app_init ] --END-- [ RunTime:0.000741s ]

[ 2016-08-03T16:48:07+08:00 ] ::1 /730/shop/index.php/Admin/Goods/images/200905/goods_img/17_G_1241969394677.jpg
INFO: [ app_init ] --START--
INFO: Run Behavior\BuildLiteBehavior [ RunTime:0.000045s ]
INFO: [ app_init ] --END-- [ RunTime:0.000695s ]

[ 2016-08-03T16:48:07+08:00 ] ::1 /730/shop/index.php/Admin/Goods/images/200905/goods_img/21_G_1242109298873.jpg
INFO: [ app_init ] --START--
INFO: Run Behavior\BuildLiteBehavior [ RunTime:0.000041s ]
INFO: [ app_init ] --END-- [ RunTime:0.000690s ]

[ 2016-08-03T16:48:07+08:00 ] ::1 /730/shop/index.php/Admin/Goods/images/200905/goods_img/23_G_1241971556855.jpg
INFO: [ app_init ] --START--
INFO: Run Behavior\BuildLiteBehavior [ RunTime:0.000043s ]
INFO: [ app_init ] --END-- [ RunTime:0.000652s ]

[ 2016-08-03T16:48:07+08:00 ] ::1 /730/shop/index.php/Admin/Goods/images/200905/goods_img/24_G_1241971981284.jpg
INFO: [ app_init ] --START--
INFO: Run Behavior\BuildLiteBehavior [ RunTime:0.000044s ]
INFO: [ app_init ] --END-- [ RunTime:0.000843s ]

[ 2016-08-03T16:48:07+08:00 ] ::1 /730/shop/index.php/Admin/Goods/images/200905/goods_img/22_G_1241971076358.jpg
INFO: [ app_init ] --START--
INFO: Run Behavior\BuildLiteBehavior [ RunTime:0.000041s ]
INFO: [ app_init ] --END-- [ RunTime:0.001027s ]

[ 2016-08-03T16:48:07+08:00 ] ::1 /730/shop/index.php/Admin/Goods/images/200905/goods_img/26_G_1241972789293.jpg
INFO: [ app_init ] --START--
INFO: Run Behavior\BuildLiteBehavior [ RunTime:0.000042s ]
INFO: [ app_init ] --END-- [ RunTime:0.000679s ]

[ 2016-08-03T16:48:07+08:00 ] ::1 /730/shop/index.php/Admin/Goods/images/200905/goods_img/15_G_1242973362318.jpg
INFO: [ app_init ] --START--
INFO: Run Behavior\BuildLiteBehavior [ RunTime:0.000044s ]
INFO: [ app_init ] --END-- [ RunTime:0.001786s ]

[ 2016-08-03T16:48:07+08:00 ] ::1 /730/shop/index.php/Admin/Goods/images/200905/goods_img/28_G_1241972976313.jpg
INFO: [ app_init ] --START--
INFO: Run Behavior\BuildLiteBehavior [ RunTime:0.000041s ]
INFO: [ app_init ] --END-- [ RunTime:0.000653s ]

[ 2016-08-03T16:48:07+08:00 ] ::1 /730/shop/index.php/Admin/Goods/images/200905/goods_img/29_G_1241973022206.jpg
INFO: [ app_init ] --START--
INFO: Run Behavior\BuildLiteBehavior [ RunTime:0.000042s ]
INFO: [ app_init ] --END-- [ RunTime:0.000666s ]

[ 2016-08-03T16:48:07+08:00 ] ::1 /730/shop/index.php/Admin/Goods/images/200905/goods_img/20_G_1242106490663.jpg
INFO: [ app_init ] --START--
INFO: Run Behavior\BuildLiteBehavior [ RunTime:0.000056s ]
INFO: [ app_init ] --END-- [ RunTime:0.000732s ]

[ 2016-08-03T16:48:07+08:00 ] ::1 /730/shop/index.php/Admin/Goods/images/200905/goods_img/30_G_1241973114234.jpg
INFO: [ app_init ] --START--
INFO: Run Behavior\BuildLiteBehavior [ RunTime:0.000038s ]
INFO: [ app_init ] --END-- [ RunTime:0.000710s ]

[ 2016-08-03T16:48:07+08:00 ] ::1 /730/shop/index.php/Admin/Goods/images/200905/goods_img/31_G_1242110412332.jpg
INFO: [ app_init ] --START--
INFO: Run Behavior\BuildLiteBehavior [ RunTime:0.000042s ]
INFO: [ app_init ] --END-- [ RunTime:0.000665s ]

[ 2016-08-03T16:48:07+08:00 ] ::1 /730/shop/index.php/Admin/Goods/images/200905/goods_img/25_G_1241972709544.jpg
INFO: [ app_init ] --START--
INFO: Run Behavior\BuildLiteBehavior [ RunTime:0.000041s ]
INFO: [ app_init ] --END-- [ RunTime:0.000675s ]

[ 2016-08-03T16:48:07+08:00 ] ::1 /730/shop/index.php/Admin/Goods/images/200905/goods_img/27_G_1241972894061.jpg
INFO: [ app_init ] --START--
INFO: Run Behavior\BuildLiteBehavior [ RunTime:0.000043s ]
INFO: [ app_init ] --END-- [ RunTime:0.000756s ]

[ 2016-08-03T16:48:10+08:00 ] ::1 /730/shop/index.php/Admin/Goods/upGrade/id/21
INFO: [ app_init ] --START--
INFO: Run Behavior\BuildLiteBehavior [ RunTime:0.000024s ]
INFO: [ app_init ] --END-- [ RunTime:0.000555s ]

[ 2016-08-03T16:48:18+08:00 ] ::1 /730/shop/index.php/Admin/Goods/edit
INFO: [ app_init ] --START--
INFO: Run Behavior\BuildLiteBehavior [ RunTime:0.000024s ]
INFO: [ app_init ] --END-- [ RunTime:0.000518s ]

[ 2016-08-03T16:48:25+08:00 ] ::1 /730/shop/index.php/Admin/Goods/showlist
INFO: [ app_init ] --START--
INFO: Run Behavior\BuildLiteBehavior [ RunTime:0.000024s ]
INFO: [ app_init ] --END-- [ RunTime:0.000666s ]

[ 2016-08-03T16:48:25+08:00 ] ::1 /730/shop/index.php/Admin/Goods/4_G_1241422402722.jpg
INFO: [ app_init ] --START--
INFO: Run Behavior\BuildLiteBehavior [ RunTime:0.000040s ]
INFO: [ app_init ] --END-- [ RunTime:0.000657s ]

 RunTime:0.000614s ]

[ 2016-08-03T16:48:25+08:00 ] ::1 /730/shop/index.php/Admin/Goods/200905/goods_img/7_G_1241422785856.jpg
INFO: [ app_init ] --START--
INFO: Run Behavior\BuildLiteBehavior [ RunTime:0.000034s ]
INFO: [ app_init ] --END-- [ RunTime:0.000666s ]

[ 2016-08-03T16:48:25+08:00 ] ::1 /730/shop/index.php/Admin/Goods/200905/goods_img/8_G_1241425513055.jpg
INFO: [ app_init ] --START--
INFO: Run Behavior\BuildLiteBehavior [ RunTime:0.000038s ]
INFO: [ app_init ] --END-- [ RunTime:0.000752s ]

[ 2016-08-03T16:48:25+08:00 ] ::1 /730/shop/index.php/Admin/Goods/32_G_1242110760868.jpg
INFO: [ app_init ] --START--
INFO: Run Behavior\BuildLiteBehavior [ RunTime:0.000043s ]
INFO: [ app_init ] --END-- [ RunTime:0.010728s ]

[ 2016-08-03T16:48:25+08:00 ] ::1 /730/shop/index.php/Admin/Goods/images/200905/goods_img/13_G_1241968002233.jpg
INFO: [ app_init ] --START--
INFO: Run Behavior\BuildLiteBehavior [ RunTime:0.000037s ]
INFO: [ app_init ] --END-- [ RunTime:0.000632s ]

[ 2016-08-03T16:48:25+08:00 ] ::1 /730/shop/index.php/Admin/Goods/images/200905/goods_img/14_G_1241968492932.jpg
INFO: [ app_init ] --START--
INFO: Run Behavior\BuildLiteBehavior [ RunTime:0.000040s ]
INFO: [ app_init ] --END-- [ RunTime:0.000742s ]

[ 2016-08-03T16:48:25+08:00 ] ::1 /730/shop/index.php/Admin/Goods/images/200905/goods_img/15_G_1242973362318.jpg
INFO: [ app_init ] --START--
INFO: Run Behavior\BuildLiteBehavior [ RunTime:0.000039s ]
INFO: [ app_init ] --END-- [ RunTime:0.001429s ]

[ 2016-08-03T16:48:25+08:00 ] ::1 /730/shop/index.php/Admin/Goods/images/200905/goods_img/17_G_1241969394677.jpg
INFO: [ app_init ] --START--
INFO: Run Behavior\BuildLiteBehavior [ RunTime:0.000041s ]
INFO: [ app_init ] --END-- [ RunTime:0.000658s ]

[ 2016-08-03T16:48:25+08:00 ] ::1 /730/shop/index.php/Admin/Goods/images/200905/goods_img/16_G_1241968949002.jpg
INFO: [ app_init ] --START--
INFO: Run Behavior\BuildLiteBehavior [ RunTime:0.000039s ]
INFO: [ app_init ] --END-- [ RunTime:0.000691s ]

[ 2016-08-03T16:48:25+08:00 ] ::1 /730/shop/index.php/Admin/Goods/images/200905/goods_img/19_G_1241970175091.jpg
INFO: [ app_init ] --START--
INFO: Run Behavior\BuildLiteBehavior [ RunTime:0.000040s ]
INFO: [ app_init ] --END-- [ RunTime:0.000669s ]

[ 2016-08-03T16:48:25+08:00 ] ::1 /730/shop/index.php/Admin/Goods/images/200905/goods_img/20_G_1242106490663.jpg
INFO: [ app_init ] --START--
INFO: Run Behavior\BuildLiteBehavior [ RunTime:0.000042s ]
INFO: [ app_init ] --END-- [ RunTime:0.000722s ]

[ 2016-08-03T16:48:25+08:00 ] ::1 /730/shop/index.php/Admin/Goods/images/200905/goods_img/23_G_1241971556855.jpg
INFO: [ app_init ] --START--
INFO: Run Behavior\BuildLiteBehavior [ RunTime:0.000042s ]
INFO: [ app_init ] --END-- [ RunTime:0.000750s ]

[ 2016-08-03T16:48:25+08:00 ] ::1 /730/shop/index.php/Admin/Goods/images/200905/goods_img/25_G_1241972709544.jpg
INFO: [ app_init ] --START--
INFO: Run Behavior\BuildLiteBehavior [ RunTime:0.000042s ]
INFO: [ app_init ] --END-- [ RunTime:0.000662s ]

[ 2016-08-03T16:48:25+08:00 ] ::1 /730/shop/index.php/Admin/Goods/images/200905/goods_img/24_G_1241971981284.jpg
INFO: [ app_init ] --START--
INFO: Run Behavior\BuildLiteBehavior [ RunTime:0.000045s ]
INFO: [ app_init ] --END-- [ RunTime:0.000773s ]

[ 2016-08-03T16:48:25+08:00 ] ::1 /730/shop/index.php/Admin/Goods/images/200905/goods_img/10_G_1242973436141.jpg
INFO: [ app_init ] --START--
INFO: Run Behavior\BuildLiteBehavior [ RunTime:0.000042s ]
INFO: [ app_init ] --END-- [ RunTime:0.000890s ]

[ 2016-08-03T16:48:25+08:00 ] ::1 /730/shop/index.php/Admin/Goods/images/200905/goods_img/26_G_1241972789293.jpg
INFO: [ app_init ] --START--
INFO: Run Behavior\BuildLiteBehavior [ RunTime:0.000040s ]
INFO: [ app_init ] --END-- [ RunTime:0.000679s ]

[ 2016-08-03T16:48:25+08:00 ] ::1 /730/shop/index.php/Admin/Goods/images/200905/goods_img/27_G_1241972894061.jpg
INFO: [ app_init ] --START--
INFO: Run Behavior\BuildLiteBehavior [ RunTime:0.000039s ]
INFO: [ app_init ] --END-- [ RunTime:0.000660s ]

[ 2016-08-03T16:48:25+08:00 ] ::1 /730/shop/index.php/Admin/Goods/images/200905/goods_img/28_G_1241972976313.jpg
INFO: [ app_init ] --START--
INFO: Run Behavior\BuildLiteBehavior [ RunTime:0.000043s ]
INFO: [ app_init ] --END-- [ RunTime:0.001011s ]

[ 2016-08-03T16:48:25+08:00 ] ::1 /730/shop/index.php/Admin/Goods/images/200905/goods_img/29_G_1241973022206.jpg
INFO: [ app_init ] --START--
INFO: Run Behavior\BuildLiteBehavior [ RunTime:0.000044s ]
INFO: [ app_init ] --END-- [ RunTime:0.000764s ]

[ 2016-08-03T16:48:25+08:00 ] ::1 /730/shop/index.php/Admin/Goods/images/200905/goods_img/30_G_1241973114234.jpg
INFO: [ app_init ] --START--
INFO: Run Behavior\BuildLiteBehavior [ RunTime:0.000043s ]
INFO: [ app_init ] --END-- [ RunTime:0.000711s ]

[ 2016-08-03T16:48:25+08:00 ] ::1 /730/shop/index.php/Admin/Goods/images/200905/goods_img/31_G_1242110412332.jpg
INFO: [ app_init ] --START--
INFO: Run Behavior\BuildLiteBehavior [ RunTime:0.000040s ]
INFO: [ app_init ] --END-- [ RunTime:0.000811s ]

[ 2016-08-03T16:48:25+08:00 ] ::1 /730/shop/index.php/Admin/Goods/images/200905/goods_img/12_G_1241965978209.jpg
INFO: [ app_init ] --START--
INFO: Run Behavior\BuildLiteBehavior [ RunTime:0.000039s ]
INFO: [ app_init ] --END-- [ RunTime:0.000795s ]

[ 2016-08-03T16:48:25+08:00 ] ::1 /730/shop/index.php/Admin/Goods/images/200905/goods_img/22_G_1241971076358.jpg
INFO: [ app_init ] --START--
INFO: Run Behavior\BuildLiteBehavior [ RunTime:0.000026s ]
INFO: [ app_init ] --END-- [ RunTime:0.000536s ]

[ 2016-08-03T16:48:34+08:00 ] ::1 /730/shop/index.php/Admin/Goods/upGrade/id/21
INFO: [ app_init ] --START--
INFO: Run Behavior\BuildLiteBehavior [ RunTime:0.000024s ]
INFO: [ app_init ] --END-- [ RunTime:0.000504s ]

[ 2016-08-03T16:49:01+08:00 ] ::1 /730/shop/index.php/Admin/Goods/edit
INFO: [ app_init ] --START--
INFO: Run Behavior\BuildLiteBehavior [ RunTime:0.000023s ]
INFO: [ app_init ] --END-- [ RunTime:0.000548s ]

[ 2016-08-03T16:49:04+08:00 ] ::1 /730/shop/index.php/Admin/Goods/showlist
INFO: [ app_init ] --START--
INFO: Run Behavior\BuildLiteBehavior [ RunTime:0.000024s ]
INFO: [ app_init ] --END-- [ RunTime:0.000527s ]

[ 2016-08-03T16:49:04+08:00 ] ::1 /730/shop/index.php/Admin/Goods/4_G_1241422402722.jpg
INFO: [ app_init ] --START--
INFO: Run Behavior\BuildLiteBehavior [ RunTime:0.000040s ]
INFO: [ app_init ] --END-- [ RunTime:0.000981s ]

[ 2016-08-03T16:49:04+08:00 ] ::1 /730/shop/index.php/Admin/Goods/200905/goods_img/7_G_1241422785856.jpg
INFO: [ app_init ] --START--
INFO: Run Behavior\BuildLiteBehavior [ RunTime:0.000040s ]
INFO: [ app_init ] --END-- [ RunTime:0.001294s ]

[ 2016-08-03T16:49:04+08:00 ] ::1 /730/shop/index.php/Admin/Goods/images/200905/goods_img/9_G_1241511871574.jpg
INFO: [ app_init ] --START--
INFO: Run Behavior\BuildLiteBehavior [ RunTime:0.000041s ]
INFO: [ app_init ] --END-- [ RunTime:0.000699s ]

[ 2016-08-03T16:49:04+08:00 ] ::1 /730/shop/index.php/Admin/Goods/32_G_1242110760868.jpg
INFO: [ app_init ] --START--
INFO: Run Behavior\BuildLiteBehavior [ RunTime:0.000040s ]
INFO: [ app_init ] --END-- [ RunTime:0.001265s ]

[ 2016-08-03T16:49:04+08:00 ] ::1 /730/shop/index.php/Admin/Goods/200905/goods_img/8_G_1241425513055.jpg
INFO: [ app_init ] --START--
INFO: Run Behavior\BuildLiteBehavior [ RunTime:0.000038s ]
INFO: [ app_init ] --END-- [ RunTime:0.000796s ]

[ 2016-08-03T16:49:04+08:00 ] ::1 /730/shop/index.php/Admin/Goods/images/200905/goods_img/10_G_1242973436141.jpg
INFO: [ app_init ] --START--
INFO: Run Behavior\BuildLiteBehavior [ RunTime:0.000105s ]
INFO: [ app_init ] --END-- [ RunTime:0.001737s ]

[ 2016-08-03T16:49:04+08:00 ] ::1 /730/shop/index.php/Admin/Goods/images/200905/goods_img/13_G_1241968002233.jpg
INFO: [ app_init ] --START--
INFO: Run Behavior\BuildLiteBehavior [ RunTime:0.000040s ]
INFO: [ app_init ] --END-- [ RunTime:0.000895s ]

[ 2016-08-03T16:49:04+08:00 ] ::1 /730/shop/index.php/Admin/Goods/images/200905/goods_img/17_G_1241969394677.jpg
INFO: [ app_init ] --START--
INFO: Run Behavior\BuildLiteBehavior [ RunTime:0.000041s ]
INFO: [ app_init ] --END-- [ RunTime:0.000763s ]

[ 2016-08-03T16:49:04+08:00 ] ::1 /730/shop/index.php/Admin/Goods/images/200905/goods_img/15_G_1242973362318.jpg
INFO: [ app_init ] --START--
INFO: Run Behavior\BuildLiteBehavior [ RunTime:0.000042s ]
INFO: [ app_init ] --END-- [ RunTime:0.000768s ]

[ 2016-08-03T16:49:04+08:00 ] ::1 /730/shop/index.php/Admin/Goods/images/200905/goods_img/12_G_1241965978209.jpg
INFO: [ app_init ] --START--
INFO: Run Behavior\BuildLiteBehavior [ RunTime:0.000041s ]
INFO: [ app_init ] --END-- [ RunTime:0.000785s ]

[ 2016-08-03T16:49:04+08:00 ] ::1 /730/shop/index.php/Admin/Goods/images/200905/goods_img/16_G_1241968949002.jpg
INFO: [ app_init ] --START--
INFO: Run Behavior\BuildLiteBehavior [ RunTime:0.000044s ]
INFO: [ app_init ] --END-- [ RunTime:0.002819s ]

[ 2016-08-03T16:49:04+08:00 ] ::1 /730/shop/index.php/Admin/Goods/images/200905/goods_img/19_G_1241970175091.jpg
INFO: [ app_init ] --START--
INFO: Run Behavior\BuildLiteBehavior [ RunTime:0.000038s ]
INFO: [ app_init ] --END-- [ RunTime:0.000935s ]

[ 2016-08-03T16:49:04+08:00 ] ::1 /730/shop/index.php/Admin/Goods/images/200905/goods_img/22_G_1241971076358.jpg
INFO: [ app_init ] --START--
INFO: Run Behavior\BuildLiteBehavior [ RunTime:0.000043s ]
INFO: [ app_init ] --END-- [ RunTime:0.000649s ]

[ 2016-08-03T16:49:04+08:00 ] ::1 /730/shop/index.php/Admin/Goods/images/200905/goods_img/20_G_1242106490663.jpg
INFO: [ app_init ] --START--
INFO: Run Behavior\BuildLiteBehavior [ RunTime:0.000173s ]
INFO: [ app_init ] --END-- [ RunTime:0.000863s ]

[ 2016-08-03T16:49:04+08:00 ] ::1 /730/shop/index.php/Admin/Goods/images/200905/goods_img/21_G_1242109298873.jpg
INFO: [ app_init ] --START--
INFO: Run Behavior\BuildLiteBehavior [ RunTime:0.000040s ]
INFO: [ app_init ] --END-- [ RunTime:0.000703s ]

[ 2016-08-03T16:49:04+08:00 ] ::1 /730/shop/index.php/Admin/Goods/images/200905/goods_img/24_G_1241971981284.jpg
INFO: [ app_init ] --START--
INFO: Run Behavior\BuildLiteBehavior [ RunTime:0.000039s ]
INFO: [ app_init ] --END-- [ RunTime:0.000638s ]

[ 2016-08-03T16:49:04+08:00 ] ::1 /730/shop/index.php/Admin/Goods/images/200905/goods_img/25_G_1241972709544.jpg
INFO: [ app_init ] --START--
INFO: Run Behavior\BuildLiteBehavior [ RunTime:0.000042s ]
INFO: [ app_init ] --END-- [ RunTime:0.000736s ]

[ 2016-08-03T16:49:04+08:00 ] ::1 /730/shop/index.php/Admin/Goods/images/200905/goods_img/28_G_1241972976313.jpg
INFO: [ app_init ] --START--
INFO: Run Behavior\BuildLiteBehavior [ RunTime:0.000042s ]
INFO: [ app_init ] --END-- [ RunTime:0.000677s ]

[ 2016-08-03T16:49:04+08:00 ] ::1 /730/shop/index.php/Admin/Goods/images/200905/goods_img/23_G_1241971556855.jpg
INFO: [ app_init ] --START--
INFO: Run Behavior\BuildLiteBehavior [ RunTime:0.000045s ]
INFO: [ app_init ] --END-- [ RunTime:0.001649s ]

[ 2016-08-03T16:49:04+08:00 ] ::1 /730/shop/index.php/Admin/Goods/images/200905/goods_img/14_G_1241968492932.jpg
INFO: [ app_init ] --START--
INFO: Run Behavior\BuildLiteBehavior [ RunTime:0.000047s ]
INFO: [ app_init ] --END-- [ RunTime:0.049955s ]

[ 2016-08-03T16:49:04+08:00 ] ::1 /730/shop/index.php/Admin/Goods/images/200905/goods_img/29_G_1241973022206.jpg
INFO: [ app_init ] --START--
INFO: Run Behavior\BuildLiteBehavior [ RunTime:0.000039s ]
INFO: [ app_init ] --END-- [ RunTime:0.000600s ]

[ 2016-08-03T16:49:04+08:00 ] ::1 /730/shop/index.php/Admin/Goods/images/200905/goods_img/30_G_1241973114234.jpg
INFO: [ app_init ] --START--
INFO: Run Behavior\BuildLiteBehavior [ RunTime:0.000042s ]
INFO: [ app_init ] --END-- [ RunTime:0.000680s ]

[ 2016-08-03T16:49:04+08:00 ] ::1 /730/shop/index.php/Admin/Goods/images/200905/goods_img/26_G_1241972789293.jpg
INFO: [ app_init ] --START--
INFO: Run Behavior\BuildLiteBehavior [ RunTime:0.000062s ]
INFO: [ app_init ] --END-- [ RunTime:0.001319s ]

[ 2016-08-03T16:49:04+08:00 ] ::1 /730/shop/index.php/Admin/Goods/images/200905/goods_img/31_G_1242110412332.jpg
INFO: [ app_init ] --START--
INFO: Run Behavior\BuildLiteBehavior [ RunTime:0.000042s ]
INFO: [ app_init ] --END-- [ RunTime:0.000768s ]

[ 2016-08-03T16:49:04+08:00 ] ::1 /730/shop/index.php/Admin/Goods/images/200905/goods_img/27_G_1241972894061.jpg
INFO: [ app_init ] --START--
INFO: Run Behavior\BuildLiteBehavior [ RunTime:0.000043s ]
INFO: [ app_init ] --END-- [ RunTime:0.004105s ]

[ 2016-08-03T16:49:06+08:00 ] ::1 /730/shop/index.php/Admin/Goods/upGrade/id/13
INFO: [ app_init ] --START--
INFO: Run Behavior\BuildLiteBehavior [ RunTime:0.000024s ]
INFO: [ app_init ] --END-- [ RunTime:0.000523s ]

[ 2016-08-03T16:49:08+08:00 ] ::1 /730/shop/index.php/Admin/Goods/edit
INFO: [ app_init ] --START--
INFO: Run Behavior\BuildLiteBehavior [ RunTime:0.000024s ]
INFO: [ app_init ] --END-- [ RunTime:0.000554s ]

[ 2016-08-03T16:50:34+08:00 ] ::1 /730/shop/index.php/Admin/Goods/edit
INFO: [ app_init ] --START--
INFO: Run Behavior\BuildLiteBehavior [ RunTime:0.000026s ]
INFO: [ app_init ] --END-- [ RunTime:0.000614s ]

[ 2016-08-03T16:50:40+08:00 ] ::1 /730/shop/index.php/Admin/Goods/showlist
INFO: [ app_init ] --START--
INFO: Run Behavior\BuildLiteBehavior [ RunTime:0.000028s ]
INFO: [ app_init ] --END-- [ RunTime:0.000646s ]

[ 2016-08-03T16:50:40+08:00 ] ::1 /730/shop/index.php/Admin/Goods/4_G_1241422402722.jpg
INFO: [ app_init ] --START--
INFO: Run Behavior\BuildLiteBehavior [ RunTime:0.000044s ]
INFO: [ app_init ] --END-- [ RunTime:0.000955s ]

[ 2016-08-03T16:50:40+08:00 ] ::1 /730/shop/index.php/Admin/Goods/32_G_1242110760868.jpg
INFO: [ app_init ] --START--
INFO: Run Behavior\BuildLiteBehavior [ RunTime:0.000041s ]
INFO: [ app_init ] --END-- [ RunTime:0.001058s ]

[ 2016-08-03T16:50:40+08:00 ] ::1 /730/shop/index.php/Admin/Goods/200905/goods_img/8_G_1241425513055.jpg
INFO: [ app_init ] --START--
INFO: Run Behavior\BuildLiteBehavior [ RunTime:0.000037s ]
INFO: [ app_init ] --END-- [ RunTime:0.000686s ]

[ 2016-08-03T16:50:40+08:00 ] ::1 /730/shop/index.php/Admin/Goods/images/200905/goods_img/9_G_1241511871574.jpg
INFO: [ app_init ] --START--
INFO: Run Behavior\BuildLiteBehavior [ RunTime:0.000040s ]
INFO: [ app_init ] --END-- [ RunTime:0.000704s ]

[ 2016-08-03T16:50:40+08:00 ] ::1 /730/shop/index.php/Admin/Goods/200905/goods_img/7_G_1241422785856.jpg
INFO: [ app_init ] --START--
INFO: Run Behavior\BuildLiteBehavior [ RunTime:0.000115s ]
INFO: [ app_init ] --END-- [ RunTime:0.008028s ]

[ 2016-08-03T16:50:40+08:00 ] ::1 /730/shop/index.php/Admin/Goods/images/200905/goods_img/12_G_1241965978209.jpg
INFO: [ app_init ] --START--
INFO: Run Behavior\BuildLiteBehavior [ RunTime:0.000047s ]
INFO: [ app_init ] --END-- [ RunTime:0.003793s ]

[ 2016-08-03T16:50:40+08:00 ] ::1 /730/shop/index.php/Admin/Goods/images/200905/goods_img/13_G_1241968002233.jpg
INFO: [ app_init ] --START--
INFO: Run Behavior\BuildLiteBehavior [ RunTime:0.000043s ]
INFO: [ app_init ] --END-- [ RunTime:0.000799s ]

[ 2016-08-03T16:50:40+08:00 ] ::1 /730/shop/index.php/Admin/Goods/images/200905/goods_img/14_G_1241968492932.jpg
INFO: [ app_init ] --START--
INFO: Run Behavior\BuildLiteBehavior [ RunTime:0.000038s ]
INFO: [ app_init ] --END-- [ RunTime:0.000641s ]

[ 2016-08-03T16:50:40+08:00 ] ::1 /730/shop/index.php/Admin/Goods/images/200905/goods_img/16_G_1241968949002.jpg
INFO: [ app_init ] --START--
INFO: Run Behavior\BuildLiteBehavior [ RunTime:0.000042s ]
INFO: [ app_init ] --END-- [ RunTime:0.000931s ]

[ 2016-08-03T16:50:40+08:00 ] ::1 /730/shop/index.php/Admin/Goods/images/200905/goods_img/17_G_1241969394677.jpg
INFO: [ app_init ] --START--
INFO: Run Behavior\BuildLiteBehavior [ RunTime:0.000046s ]
INFO: [ app_init ] --END-- [ RunTime:0.000774s ]

[ 2016-08-03T16:50:40+08:00 ] ::1 /730/shop/index.php/Admin/Goods/images/200905/goods_img/10_G_1242973436141.jpg
INFO: [ app_init ] --START--
INFO: Run Behavior\BuildLiteBehavior [ RunTime:0.000043s ]
INFO: [ app_init ] --END-- [ RunTime:0.002494s ]

[ 2016-08-03T16:50:40+08:00 ] ::1 /730/shop/index.php/Admin/Goods/images/200905/goods_img/19_G_1241970175091.jpg
INFO: [ app_init ] --START--
INFO: Run Behavior\BuildLiteBehavior [ RunTime:0.000043s ]
INFO: [ app_init ] --END-- [ RunTime:0.001485s ]

[ 2016-08-03T16:50:40+08:00 ] ::1 /730/shop/index.php/Admin/Goods/images/200905/goods_img/20_G_1242106490663.jpg
INFO: [ app_init ] --START--
INFO: Run Behavior\BuildLiteBehavior [ RunTime:0.000039s ]
INFO: [ app_init ] --END-- [ RunTime:0.000662s ]

[ 2016-08-03T16:50:40+08:00 ] ::1 /730/shop/index.php/Admin/Goods/images/200905/goods_img/21_G_1242109298873.jpg
INFO: [ app_init ] --START--
INFO: Run Behavior\BuildLiteBehavior [ RunTime:0.000041s ]
INFO: [ app_init ] --END-- [ RunTime:0.000683s ]

[ 2016-08-03T16:50:40+08:00 ] ::1 /730/shop/index.php/Admin/Goods/images/200905/goods_img/24_G_1241971981284.jpg
INFO: [ app_init ] --START--
INFO: Run Behavior\BuildLiteBehavior [ RunTime:0.000039s ]
INFO: [ app_init ] --END-- [ RunTime:0.000675s ]

[ 2016-08-03T16:50:40+08:00 ] ::1 /730/shop/index.php/Admin/Goods/images/200905/goods_img/25_G_1241972709544.jpg
INFO: [ app_init ] --START--
INFO: Run Behavior\BuildLiteBehavior [ RunTime:0.000041s ]
INFO: [ app_init ] --END-- [ RunTime:0.000658s ]

[ 2016-08-03T16:50:40+08:00 ] ::1 /730/shop/index.php/Admin/Goods/images/200905/goods_img/23_G_1241971556855.jpg
INFO: [ app_init ] --START--
INFO: Run Behavior\BuildLiteBehavior [ RunTime:0.000039s ]
INFO: [ app_init ] --END-- [ RunTime:0.000725s ]

[ 2016-08-03T16:50:40+08:00 ] ::1 /730/shop/index.php/Admin/Goods/images/200905/goods_img/26_G_1241972789293.jpg
INFO: [ app_init ] --START--
INFO: Run Behavior\BuildLiteBehavior [ RunTime:0.000041s ]
INFO: [ app_init ] --END-- [ RunTime:0.000861s ]

[ 2016-08-03T16:50:40+08:00 ] ::1 /730/shop/index.php/Admin/Goods/images/200905/goods_img/28_G_1241972976313.jpg
INFO: [ app_init ] --START--
INFO: Run Behavior\BuildLiteBehavior [ RunTime:0.000041s ]
INFO: [ app_init ] --END-- [ RunTime:0.000622s ]

[ 2016-08-03T16:50:40+08:00 ] ::1 /730/shop/index.php/Admin/Goods/images/200905/goods_img/27_G_1241972894061.jpg
INFO: [ app_init ] --START--
INFO: Run Behavior\BuildLiteBehavior [ RunTime:0.000043s ]
INFO: [ app_init ] --END-- [ RunTime:0.000824s ]

[ 2016-08-03T16:50:40+08:00 ] ::1 /730/shop/index.php/Admin/Goods/images/200905/goods_img/29_G_1241973022206.jpg
INFO: [ app_init ] --START--
INFO: Run Behavior\BuildLiteBehavior [ RunTime:0.000043s ]
INFO: [ app_init ] --END-- [ RunTime:0.000713s ]

[ 2016-08-03T16:50:40+08:00 ] ::1 /730/shop/index.php/Admin/Goods/images/200905/goods_img/30_G_1241973114234.jpg
INFO: [ app_init ] --START--
INFO: Run Behavior\BuildLiteBehavior [ RunTime:0.000041s ]
INFO: [ app_init ] --END-- [ RunTime:0.000706s ]

[ 2016-08-03T16:50:40+08:00 ] ::1 /730/shop/index.php/Admin/Goods/images/200905/goods_img/22_G_1241971076358.jpg
INFO: [ app_init ] --START--
INFO: Run Behavior\BuildLiteBehavior [ RunTime:0.000060s ]
INFO: [ app_init ] --END-- [ RunTime:0.000680s ]

[ 2016-08-03T16:50:40+08:00 ] ::1 /730/shop/index.php/Admin/Goods/images/200905/goods_img/31_G_1242110412332.jpg
INFO: [ app_init ] --START--
INFO: Run Behavior\BuildLiteBehavior [ RunTime:0.000042s ]
INFO: [ app_init ] --END-- [ RunTime:0.000665s ]

[ 2016-08-03T16:50:40+08:00 ] ::1 /730/shop/index.php/Admin/Goods/images/200905/goods_img/15_G_1242973362318.jpg
INFO: [ app_init ] --START--
INFO: Run Behavior\BuildLiteBehavior [ RunTime:0.000040s ]
INFO: [ app_init ] --END-- [ RunTime:0.000717s ]

[ 2016-08-03T16:50:42+08:00 ] ::1 /730/shop/index.php/Admin/Goods/upGrade/id/4
INFO: [ app_init ] --START--
INFO: Run Behavior\BuildLiteBehavior [ RunTime:0.000025s ]
INFO: [ app_init ] --END-- [ RunTime:0.000569s ]

[ 2016-08-03T16:50:44+08:00 ] ::1 /730/shop/index.php/Admin/Goods/edit
INFO: [ app_init ] --START--
INFO: Run Behavior\BuildLiteBehavior [ RunTime:0.000025s ]
INFO: [ app_init ] --END-- [ RunTime:0.000536s ]

[ 2016-08-03T16:50:57+08:00 ] ::1 /730/shop/index.php/Admin/Goods/edit
INFO: [ app_init ] --START--
INFO: Run Behavior\BuildLiteBehavior [ RunTime:0.000043s ]
INFO: [ app_init ] --END-- [ RunTime:0.000506s ]

[ 2016-08-03T16:51:08+08:00 ] ::1 /730/shop/index.php/Admin/Goods/edit
INFO: [ app_init ] --START--
INFO: Run Behavior\BuildLiteBehavior [ RunTime:0.000024s ]
INFO: [ app_init ] --END-- [ RunTime:0.000535s ]

[ 2016-08-03T16:53:01+08:00 ] ::1 /730/shop/index.php/Admin/Goods/edit
INFO: [ app_init ] --START--
INFO: Run Behavior\BuildLiteBehavior [ RunTime:0.000024s ]
INFO: [ app_init ] --END-- [ RunTime:0.000544s ]

[ 2016-08-03T16:53:02+08:00 ] ::1 /730/shop/index.php/Admin/Goods/upGrade/id/4
INFO: [ app_init ] --START--
INFO: Run Behavior\BuildLiteBehavior [ RunTime:0.000024s ]
INFO: [ app_init ] --END-- [ RunTime:0.000544s ]

