[ 2016-10-24T20:53:20+08:00 ] ::1 /730/shop/index.php/Admin/
INFO: [ app_init ] --START--
INFO: Run Behavior\BuildLiteBehavior [ RunTime:0.000045s ]
INFO: [ app_init ] --END-- [ RunTime:0.011921s ]

[ 2016-10-24T20:53:20+08:00 ] ::1 /730/shop/index.php/Admin/Manager/login
INFO: [ app_init ] --START--
INFO: Run Behavior\BuildLiteBehavior [ RunTime:0.000024s ]
INFO: [ app_init ] --END-- [ RunTime:0.000515s ]

[ 2016-10-24T20:53:20+08:00 ] ::1 /730/shop/index.php/Admin/Manager/yz
INFO: [ app_init ] --START--
INFO: Run Behavior\BuildLiteBehavior [ RunTime:0.000026s ]
INFO: [ app_init ] --END-- [ RunTime:0.000690s ]

[ 2016-10-24T20:53:32+08:00 ] ::1 /730/shop/index.php/Admin/Manager/login_check
INFO: [ app_init ] --START--
INFO: Run Behavior\BuildLiteBehavior [ RunTime:0.000025s ]
INFO: [ app_init ] --END-- [ RunTime:0.000469s ]

[ 2016-10-24T20:53:32+08:00 ] ::1 /730/shop/index.php/Admin/Index/index.html
INFO: [ app_init ] --START--
INFO: Run Behavior\BuildLiteBehavior [ RunTime:0.000023s ]
INFO: [ app_init ] --END-- [ RunTime:0.000521s ]

[ 2016-10-24T20:53:32+08:00 ] ::1 /730/shop/index.php/Admin/Index/head
INFO: [ app_init ] --START--
INFO: Run Behavior\BuildLiteBehavior [ RunTime:0.000040s ]
INFO: [ app_init ] --END-- [ RunTime:0.000718s ]

[ 2016-10-24T20:53:32+08:00 ] ::1 /730/shop/index.php/Admin/Index/right
INFO: [ app_init ] --START--
INFO: Run Behavior\BuildLiteBehavior [ RunTime:0.000042s ]
INFO: [ app_init ] --END-- [ RunTime:0.000698s ]

[ 2016-10-24T20:53:33+08:00 ] ::1 /730/shop/index.php/Admin/Index/left
INFO: [ app_init ] --START--
INFO: Run Behavior\BuildLiteBehavior [ RunTime:0.000039s ]
INFO: [ app_init ] --END-- [ RunTime:0.000733s ]

[ 2016-10-24T20:53:36+08:00 ] ::1 /730/shop/index.php/Admin/Goods/showlist
INFO: [ app_init ] --START--
INFO: Run Behavior\BuildLiteBehavior [ RunTime:0.000026s ]
INFO: [ app_init ] --END-- [ RunTime:0.000536s ]

[ 2016-10-24T20:53:43+08:00 ] ::1 /730/shop/index.php/Admin/User/pinglun
INFO: [ app_init ] --START--
INFO: Run Behavior\BuildLiteBehavior [ RunTime:0.000023s ]
INFO: [ app_init ] --END-- [ RunTime:0.000555s ]
ERR: 无法加载控制器:User

[ 2016-10-24T20:53:44+08:00 ] ::1 /730/shop/index.php/Admin/Goods/add
INFO: [ app_init ] --START--
INFO: Run Behavior\BuildLiteBehavior [ RunTime:0.000025s ]
INFO: [ app_init ] --END-- [ RunTime:0.000562s ]

[ 2016-10-24T20:53:46+08:00 ] ::1 /730/shop/index.php/Admin/Goods/showlist
INFO: [ app_init ] --START--
INFO: Run Behavior\BuildLiteBehavior [ RunTime:0.000024s ]
INFO: [ app_init ] --END-- [ RunTime:0.000490s ]

[ 2016-10-24T20:54:04+08:00 ] ::1 /730/shop/index.php/Admin/Goods/showlist/p/5.html
INFO: [ app_init ] --START--
INFO: Run Behavior\BuildLiteBehavior [ RunTime:0.000044s ]
INFO: [ app_init ] --END-- [ RunTime:0.000802s ]

[ 2016-10-24T20:54:07+08:00 ] ::1 /730/shop/index.php/Admin/Goods/showlist/p/6.html
INFO: [ app_init ] --START--
INFO: Run Behavior\BuildLiteBehavior [ RunTime:0.000028s ]
INFO: [ app_init ] --END-- [ RunTime:0.000500s ]

[ 2016-10-24T20:54:08+08:00 ] ::1 /730/shop/index.php/Admin/Goods/showlist/p/3.html
INFO: [ app_init ] --START--
INFO: Run Behavior\BuildLiteBehavior [ RunTime:0.000023s ]
INFO: [ app_init ] --END-- [ RunTime:0.000561s ]

