[ 2016-10-17T09:40:40+08:00 ] ::1 /730/shop/index.php/Admin/
INFO: [ app_init ] --START--
INFO: Run Behavior\BuildLiteBehavior [ RunTime:0.000023s ]
INFO: [ app_init ] --END-- [ RunTime:0.013302s ]

[ 2016-10-17T09:40:40+08:00 ] ::1 /730/shop/index.php/Admin/Manager/login
INFO: [ app_init ] --START--
INFO: Run Behavior\BuildLiteBehavior [ RunTime:0.000026s ]
INFO: [ app_init ] --END-- [ RunTime:0.000920s ]

[ 2016-10-17T09:40:40+08:00 ] ::1 /730/shop/index.php/Admin/Manager/yz
INFO: [ app_init ] --START--
INFO: Run Behavior\BuildLiteBehavior [ RunTime:0.000023s ]
INFO: [ app_init ] --END-- [ RunTime:0.000338s ]

[ 2016-10-17T09:54:23+08:00 ] ::1 /730/shop/index.php/Admin/Goods/showlist
INFO: [ app_init ] --START--
INFO: Run Behavior\BuildLiteBehavior [ RunTime:0.000063s ]
INFO: [ app_init ] --END-- [ RunTime:0.000394s ]

[ 2016-10-17T09:54:23+08:00 ] ::1 /730/shop/index.php/Admin/Manager/login
INFO: [ app_init ] --START--
INFO: Run Behavior\BuildLiteBehavior [ RunTime:0.000045s ]
INFO: [ app_init ] --END-- [ RunTime:0.000946s ]

[ 2016-10-17T09:54:23+08:00 ] ::1 /730/shop/index.php/Admin/Manager/yz
INFO: [ app_init ] --START--
INFO: Run Behavior\BuildLiteBehavior [ RunTime:0.000023s ]
INFO: [ app_init ] --END-- [ RunTime:0.000323s ]

[ 2016-10-17T11:12:10+08:00 ] ::1 /730/shop/index.php/Admin/Goods/showlist
INFO: [ app_init ] --START--
INFO: Run Behavior\BuildLiteBehavior [ RunTime:0.000028s ]
INFO: [ app_init ] --END-- [ RunTime:0.011832s ]

[ 2016-10-17T11:12:10+08:00 ] ::1 /730/shop/index.php/Admin/Manager/login
INFO: [ app_init ] --START--
INFO: Run Behavior\BuildLiteBehavior [ RunTime:0.000022s ]
INFO: [ app_init ] --END-- [ RunTime:0.000344s ]

[ 2016-10-17T11:12:10+08:00 ] ::1 /730/shop/index.php/Admin/Manager/yz
INFO: [ app_init ] --START--
INFO: Run Behavior\BuildLiteBehavior [ RunTime:0.000038s ]
INFO: [ app_init ] --END-- [ RunTime:0.000596s ]

[ 2016-10-17T11:12:14+08:00 ] ::1 /730/shop/index.php/Admin/Manager/login_check
INFO: [ app_init ] --START--
INFO: Run Behavior\BuildLiteBehavior [ RunTime:0.000031s ]
INFO: [ app_init ] --END-- [ RunTime:0.000351s ]

[ 2016-10-17T11:12:14+08:00 ] ::1 /730/shop/index.php/Admin/Manager/yz
INFO: [ app_init ] --START--
INFO: Run Behavior\BuildLiteBehavior [ RunTime:0.000023s ]
INFO: [ app_init ] --END-- [ RunTime:0.000334s ]

[ 2016-10-17T11:12:18+08:00 ] ::1 /730/shop/index.php/Admin/Manager/login_check
INFO: [ app_init ] --START--
INFO: Run Behavior\BuildLiteBehavior [ RunTime:0.000023s ]
INFO: [ app_init ] --END-- [ RunTime:0.000341s ]

[ 2016-10-17T11:12:18+08:00 ] ::1 /730/shop/index.php/Admin/Index/index.html
INFO: [ app_init ] --START--
INFO: Run Behavior\BuildLiteBehavior [ RunTime:0.000023s ]
INFO: [ app_init ] --END-- [ RunTime:0.000343s ]

[ 2016-10-17T11:12:18+08:00 ] ::1 /730/shop/index.php/Admin/Manager/login
INFO: [ app_init ] --START--
INFO: Run Behavior\BuildLiteBehavior [ RunTime:0.000039s ]
INFO: [ app_init ] --END-- [ RunTime:0.000453s ]

[ 2016-10-17T11:12:18+08:00 ] ::1 /730/shop/index.php/Admin/Manager/yz
INFO: [ app_init ] --START--
INFO: Run Behavior\BuildLiteBehavior [ RunTime:0.000041s ]
INFO: [ app_init ] --END-- [ RunTime:0.000609s ]

[ 2016-10-17T11:12:26+08:00 ] ::1 /730/shop/index.php/Admin/Manager/login_check
INFO: [ app_init ] --START--
INFO: Run Behavior\BuildLiteBehavior [ RunTime:0.000023s ]
INFO: [ app_init ] --END-- [ RunTime:0.000354s ]

[ 2016-10-17T11:12:26+08:00 ] ::1 /730/shop/index.php/Admin/Index/index.html
INFO: [ app_init ] --START--
INFO: Run Behavior\BuildLiteBehavior [ RunTime:0.000023s ]
INFO: [ app_init ] --END-- [ RunTime:0.000357s ]

[ 2016-10-17T11:12:26+08:00 ] ::1 /730/shop/index.php/Admin/Index/head
INFO: [ app_init ] --START--
INFO: Run Behavior\BuildLiteBehavior [ RunTime:0.000044s ]
INFO: [ app_init ] --END-- [ RunTime:0.000656s ]

[ 2016-10-17T11:12:26+08:00 ] ::1 /730/shop/index.php/Admin/Index/right
INFO: [ app_init ] --START--
INFO: Run Behavior\BuildLiteBehavior [ RunTime:0.000041s ]
INFO: [ app_init ] --END-- [ RunTime:0.000642s ]

[ 2016-10-17T11:12:26+08:00 ] ::1 /730/shop/index.php/Admin/Index/left
INFO: [ app_init ] --START--
INFO: Run Behavior\BuildLiteBehavior [ RunTime:0.000040s ]
INFO: [ app_init ] --END-- [ RunTime:0.000609s ]

[ 2016-10-17T14:57:05+08:00 ] ::1 /730/shop/index.php/Admin/
INFO: [ app_init ] --START--
INFO: Run Behavior\BuildLiteBehavior [ RunTime:0.000026s ]
INFO: [ app_init ] --END-- [ RunTime:0.011782s ]

[ 2016-10-17T14:57:05+08:00 ] ::1 /730/shop/index.php/Admin/Manager/login
INFO: [ app_init ] --START--
INFO: Run Behavior\BuildLiteBehavior [ RunTime:0.000026s ]
INFO: [ app_init ] --END-- [ RunTime:0.000544s ]

[ 2016-10-17T14:57:05+08:00 ] ::1 /730/shop/index.php/Admin/Manager/yz
INFO: [ app_init ] --START--
INFO: Run Behavior\BuildLiteBehavior [ RunTime:0.000024s ]
INFO: [ app_init ] --END-- [ RunTime:0.000405s ]

