[ 2016-10-09T21:30:35+08:00 ] ::1 /730/shop/index.php/Admin/
INFO: [ app_init ] --START--
INFO: Run Behavior\BuildLiteBehavior [ RunTime:0.000028s ]
INFO: [ app_init ] --END-- [ RunTime:0.047050s ]

[ 2016-10-09T21:30:35+08:00 ] ::1 /730/shop/index.php/Admin/Manager/login
INFO: [ app_init ] --START--
INFO: Run Behavior\BuildLiteBehavior [ RunTime:0.000022s ]
INFO: [ app_init ] --END-- [ RunTime:0.000319s ]

[ 2016-10-09T21:30:35+08:00 ] ::1 /730/shop/index.php/Admin/Manager/yz
INFO: [ app_init ] --START--
INFO: Run Behavior\BuildLiteBehavior [ RunTime:0.000023s ]
INFO: [ app_init ] --END-- [ RunTime:0.000361s ]

[ 2016-10-09T21:30:45+08:00 ] ::1 /730/shop/index.php/Admin/Manager/showlist
INFO: [ app_init ] --START--
INFO: Run Behavior\BuildLiteBehavior [ RunTime:0.000023s ]
INFO: [ app_init ] --END-- [ RunTime:0.000328s ]

[ 2016-10-09T21:30:45+08:00 ] ::1 /730/shop/index.php/Admin/Manager/login
INFO: [ app_init ] --START--
INFO: Run Behavior\BuildLiteBehavior [ RunTime:0.000023s ]
INFO: [ app_init ] --END-- [ RunTime:0.000350s ]

[ 2016-10-09T21:30:45+08:00 ] ::1 /730/shop/index.php/Admin/Manager/yz
INFO: [ app_init ] --START--
INFO: Run Behavior\BuildLiteBehavior [ RunTime:0.000039s ]
INFO: [ app_init ] --END-- [ RunTime:0.000533s ]

[ 2016-10-09T21:30:51+08:00 ] ::1 /730/shop/index.php/Admin/Manager/yz
INFO: [ app_init ] --START--
INFO: Run Behavior\BuildLiteBehavior [ RunTime:0.000027s ]
INFO: [ app_init ] --END-- [ RunTime:0.000419s ]

[ 2016-10-09T21:31:56+08:00 ] ::1 /730/shop/index.php/Admin/
INFO: [ app_init ] --START--
INFO: Run Behavior\BuildLiteBehavior [ RunTime:0.000022s ]
INFO: [ app_init ] --END-- [ RunTime:0.000461s ]

[ 2016-10-09T21:31:56+08:00 ] ::1 /730/shop/index.php/Admin/Manager/login
INFO: [ app_init ] --START--
INFO: Run Behavior\BuildLiteBehavior [ RunTime:0.000065s ]
INFO: [ app_init ] --END-- [ RunTime:0.000883s ]

[ 2016-10-09T21:31:56+08:00 ] ::1 /730/shop/index.php/Admin/Manager/yz
INFO: [ app_init ] --START--
INFO: Run Behavior\BuildLiteBehavior [ RunTime:0.000037s ]
INFO: [ app_init ] --END-- [ RunTime:0.000509s ]

[ 2016-10-09T21:31:59+08:00 ] ::1 /730/shop/index.php/Admin/Manager/login
INFO: [ app_init ] --START--
INFO: Run Behavior\BuildLiteBehavior [ RunTime:0.000026s ]
INFO: [ app_init ] --END-- [ RunTime:0.000404s ]

[ 2016-10-09T21:31:59+08:00 ] ::1 /730/shop/index.php/Admin/Manager/yz
INFO: [ app_init ] --START--
INFO: Run Behavior\BuildLiteBehavior [ RunTime:0.000044s ]
INFO: [ app_init ] --END-- [ RunTime:0.000629s ]

[ 2016-10-09T21:32:35+08:00 ] ::1 /730/shop/index.php/Admin/Manager/login
INFO: [ app_init ] --START--
INFO: Run Behavior\BuildLiteBehavior [ RunTime:0.000022s ]
INFO: [ app_init ] --END-- [ RunTime:0.000349s ]

[ 2016-10-09T21:32:35+08:00 ] ::1 /730/shop/index.php/Admin/Manager/yz
INFO: [ app_init ] --START--
INFO: Run Behavior\BuildLiteBehavior [ RunTime:0.000025s ]
INFO: [ app_init ] --END-- [ RunTime:0.000398s ]

[ 2016-10-09T21:32:38+08:00 ] ::1 /730/shop/index.php/Admin/Manager/login
INFO: [ app_init ] --START--
INFO: Run Behavior\BuildLiteBehavior [ RunTime:0.000022s ]
INFO: [ app_init ] --END-- [ RunTime:0.000344s ]

[ 2016-10-09T21:32:38+08:00 ] ::1 /730/shop/index.php/Admin/Manager/yz
INFO: [ app_init ] --START--
INFO: Run Behavior\BuildLiteBehavior [ RunTime:0.000099s ]
INFO: [ app_init ] --END-- [ RunTime:0.000723s ]

[ 2016-10-09T21:32:39+08:00 ] ::1 /730/shop/index.php/Admin/Manager/login
INFO: [ app_init ] --START--
INFO: Run Behavior\BuildLiteBehavior [ RunTime:0.000023s ]
INFO: [ app_init ] --END-- [ RunTime:0.000320s ]

[ 2016-10-09T21:32:39+08:00 ] ::1 /730/shop/index.php/Admin/Manager/yz
INFO: [ app_init ] --START--
INFO: Run Behavior\BuildLiteBehavior [ RunTime:0.000046s ]
INFO: [ app_init ] --END-- [ RunTime:0.000888s ]

[ 2016-10-09T21:32:40+08:00 ] ::1 /730/shop/index.php/Admin/Manager/login
INFO: [ app_init ] --START--
INFO: Run Behavior\BuildLiteBehavior [ RunTime:0.000024s ]
INFO: [ app_init ] --END-- [ RunTime:0.000345s ]

[ 2016-10-09T21:32:40+08:00 ] ::1 /730/shop/index.php/Admin/Manager/yz
INFO: [ app_init ] --START--
INFO: Run Behavior\BuildLiteBehavior [ RunTime:0.000043s ]
INFO: [ app_init ] --END-- [ RunTime:0.000868s ]

[ 2016-10-09T21:32:40+08:00 ] ::1 /730/shop/index.php/Admin/Manager/login
INFO: [ app_init ] --START--
INFO: Run Behavior\BuildLiteBehavior [ RunTime:0.000026s ]
INFO: [ app_init ] --END-- [ RunTime:0.000395s ]

[ 2016-10-09T21:32:40+08:00 ] ::1 /730/shop/index.php/Admin/Manager/yz
INFO: [ app_init ] --START--
INFO: Run Behavior\BuildLiteBehavior [ RunTime:0.000044s ]
INFO: [ app_init ] --END-- [ RunTime:0.000721s ]

[ 2016-10-09T21:32:46+08:00 ] ::1 /730/shop/index.php/Admin
INFO: [ app_init ] --START--
INFO: Run Behavior\BuildLiteBehavior [ RunTime:0.000039s ]
INFO: [ app_init ] --END-- [ RunTime:0.000584s ]

[ 2016-10-09T21:32:46+08:00 ] ::1 /730/shop/index.php/Admin/Manager/login
INFO: [ app_init ] --START--
INFO: Run Behavior\BuildLiteBehavior [ RunTime:0.000039s ]
INFO: [ app_init ] --END-- [ RunTime:0.000592s ]

[ 2016-10-09T21:32:46+08:00 ] ::1 /730/shop/index.php/Admin/Manager/yz
INFO: [ app_init ] --START--
INFO: Run Behavior\BuildLiteBehavior [ RunTime:0.000038s ]
INFO: [ app_init ] --END-- [ RunTime:0.000564s ]

[ 2016-10-09T21:33:02+08:00 ] ::1 /730/shop/index.php/Admin/Manager/login_check
INFO: [ app_init ] --START--
INFO: Run Behavior\BuildLiteBehavior [ RunTime:0.000022s ]
INFO: [ app_init ] --END-- [ RunTime:0.000319s ]

[ 2016-10-09T21:33:02+08:00 ] ::1 /730/shop/index.php/Admin/Index/index.html
INFO: [ app_init ] --START--
INFO: Run Behavior\BuildLiteBehavior [ RunTime:0.000022s ]
INFO: [ app_init ] --END-- [ RunTime:0.000354s ]

[ 2016-10-09T21:33:02+08:00 ] ::1 /730/shop/index.php/Admin/Index/head
INFO: [ app_init ] --START--
INFO: Run Behavior\BuildLiteBehavior [ RunTime:0.000042s ]
INFO: [ app_init ] --END-- [ RunTime:0.000522s ]

[ 2016-10-09T21:33:02+08:00 ] ::1 /730/shop/index.php/Admin/Index/left
INFO: [ app_init ] --START--
INFO: Run Behavior\BuildLiteBehavior [ RunTime:0.000041s ]
INFO: [ app_init ] --END-- [ RunTime:0.000701s ]

[ 2016-10-09T21:33:02+08:00 ] ::1 /730/shop/index.php/Admin/Index/right
INFO: [ app_init ] --START--
INFO: Run Behavior\BuildLiteBehavior [ RunTime:0.000041s ]
INFO: [ app_init ] --END-- [ RunTime:0.000543s ]

[ 2016-10-09T21:33:29+08:00 ] ::1 /730/shop/index.php/Admin/Goods/showlist
INFO: [ app_init ] --START--
INFO: Run Behavior\BuildLiteBehavior [ RunTime:0.000022s ]
INFO: [ app_init ] --END-- [ RunTime:0.000327s ]

[ 2016-10-09T21:33:35+08:00 ] ::1 /730/shop/index.php/Admin/Goods/showlist/p/2.html
INFO: [ app_init ] --START--
INFO: Run Behavior\BuildLiteBehavior [ RunTime:0.000038s ]
INFO: [ app_init ] --END-- [ RunTime:0.000549s ]

[ 2016-10-09T21:33:40+08:00 ] ::1 /730/shop/index.php/Admin/Goods/showlist/p/3.html
INFO: [ app_init ] --START--
INFO: Run Behavior\BuildLiteBehavior [ RunTime:0.000023s ]
INFO: [ app_init ] --END-- [ RunTime:0.000354s ]

[ 2016-10-09T21:33:44+08:00 ] ::1 /730/shop/index.php/Admin/Goods/showlist/p/4.html
INFO: [ app_init ] --START--
INFO: Run Behavior\BuildLiteBehavior [ RunTime:0.000068s ]
INFO: [ app_init ] --END-- [ RunTime:0.000732s ]

[ 2016-10-09T21:33:47+08:00 ] ::1 /730/shop/index.php/Admin/Goods/showlist/p/6.html
INFO: [ app_init ] --START--
INFO: Run Behavior\BuildLiteBehavior [ RunTime:0.000025s ]
INFO: [ app_init ] --END-- [ RunTime:0.000328s ]

[ 2016-10-09T21:33:51+08:00 ] ::1 /730/shop/index.php/Admin/Goods/showlist/p/5.html
INFO: [ app_init ] --START--
INFO: Run Behavior\BuildLiteBehavior [ RunTime:0.000025s ]
INFO: [ app_init ] --END-- [ RunTime:0.000347s ]

[ 2016-10-09T21:33:55+08:00 ] ::1 /730/shop/index.php/Admin/Goods/add
INFO: [ app_init ] --START--
INFO: Run Behavior\BuildLiteBehavior [ RunTime:0.000022s ]
INFO: [ app_init ] --END-- [ RunTime:0.000314s ]

[ 2016-10-09T21:34:00+08:00 ] ::1 /730/shop/index.php/Admin/Manager/showlist
INFO: [ app_init ] --START--
INFO: Run Behavior\BuildLiteBehavior [ RunTime:0.000022s ]
INFO: [ app_init ] --END-- [ RunTime:0.000336s ]

[ 2016-10-09T21:34:03+08:00 ] ::1 /730/shop/index.php/Admin/Manager/upgrade/id/8
INFO: [ app_init ] --START--
INFO: Run Behavior\BuildLiteBehavior [ RunTime:0.000021s ]
INFO: [ app_init ] --END-- [ RunTime:0.000313s ]

[ 2016-10-09T21:34:10+08:00 ] ::1 /730/shop/index.php/Admin/Manager/upgrade
INFO: [ app_init ] --START--
INFO: Run Behavior\BuildLiteBehavior [ RunTime:0.000022s ]
INFO: [ app_init ] --END-- [ RunTime:0.000341s ]

[ 2016-10-09T21:34:13+08:00 ] ::1 /730/shop/index.php/Admin/Manager/showlist.html
INFO: [ app_init ] --START--
INFO: Run Behavior\BuildLiteBehavior [ RunTime:0.000021s ]
INFO: [ app_init ] --END-- [ RunTime:0.000313s ]

[ 2016-10-09T21:34:17+08:00 ] ::1 /730/shop/index.php/Admin/Manager/upgrade/id/5
INFO: [ app_init ] --START--
INFO: Run Behavior\BuildLiteBehavior [ RunTime:0.000022s ]
INFO: [ app_init ] --END-- [ RunTime:0.000318s ]

[ 2016-10-09T21:34:19+08:00 ] ::1 /730/shop/index.php/Admin/Manager/upgrade
INFO: [ app_init ] --START--
INFO: Run Behavior\BuildLiteBehavior [ RunTime:0.000023s ]
INFO: [ app_init ] --END-- [ RunTime:0.000332s ]

[ 2016-10-09T21:34:22+08:00 ] ::1 /730/shop/index.php/Admin/Manager/showlist.html
INFO: [ app_init ] --START--
INFO: Run Behavior\BuildLiteBehavior [ RunTime:0.000022s ]
INFO: [ app_init ] --END-- [ RunTime:0.000325s ]

[ 2016-10-09T21:34:23+08:00 ] ::1 /730/shop/index.php/Admin/Manager/upgrade/id/8
INFO: [ app_init ] --START--
INFO: Run Behavior\BuildLiteBehavior [ RunTime:0.000030s ]
INFO: [ app_init ] --END-- [ RunTime:0.000395s ]

[ 2016-10-09T21:34:26+08:00 ] ::1 /730/shop/index.php/Admin/Manager/upgrade
INFO: [ app_init ] --START--
INFO: Run Behavior\BuildLiteBehavior [ RunTime:0.000025s ]
INFO: [ app_init ] --END-- [ RunTime:0.000381s ]

[ 2016-10-09T21:34:27+08:00 ] ::1 /730/shop/index.php/Admin/Manager/showlist.html
INFO: [ app_init ] --START--
INFO: Run Behavior\BuildLiteBehavior [ RunTime:0.000022s ]
INFO: [ app_init ] --END-- [ RunTime:0.000316s ]

[ 2016-10-09T21:34:33+08:00 ] ::1 /730/shop/index.php/Admin/Index/left
INFO: [ app_init ] --START--
INFO: Run Behavior\BuildLiteBehavior [ RunTime:0.000042s ]
INFO: [ app_init ] --END-- [ RunTime:0.000526s ]

[ 2016-10-09T21:34:36+08:00 ] ::1 /730/shop/index.php/Admin/Article/showlist
INFO: [ app_init ] --START--
INFO: Run Behavior\BuildLiteBehavior [ RunTime:0.000022s ]
INFO: [ app_init ] --END-- [ RunTime:0.000316s ]
ERR: 无法加载控制器:Article

[ 2016-10-09T21:34:37+08:00 ] ::1 /730/shop/index.php/Admin/Manager/showlist
INFO: [ app_init ] --START--
INFO: Run Behavior\BuildLiteBehavior [ RunTime:0.000023s ]
INFO: [ app_init ] --END-- [ RunTime:0.000314s ]

